17-Jan-2015 12:20:03.959 INFO [main] org.apache.catalina.startup.VersionLoggerListener.log Server version:        Apache Tomcat/8.0.15
17-Jan-2015 12:20:03.971 INFO [main] org.apache.catalina.startup.VersionLoggerListener.log Server built:          Nov 2 2014 19:25:20 UTC
17-Jan-2015 12:20:03.977 INFO [main] org.apache.catalina.startup.VersionLoggerListener.log Server number:         8.0.15.0
17-Jan-2015 12:20:03.977 INFO [main] org.apache.catalina.startup.VersionLoggerListener.log OS Name:               Linux
17-Jan-2015 12:20:03.978 INFO [main] org.apache.catalina.startup.VersionLoggerListener.log OS Version:            3.13.0-40-generic
17-Jan-2015 12:20:03.978 INFO [main] org.apache.catalina.startup.VersionLoggerListener.log Architecture:          amd64
17-Jan-2015 12:20:03.981 INFO [main] org.apache.catalina.startup.VersionLoggerListener.log JAVA_HOME:             /usr/lib/jvm/java-7-openjdk-amd64/jre
17-Jan-2015 12:20:03.981 INFO [main] org.apache.catalina.startup.VersionLoggerListener.log JVM Version:           1.7.0_65-b32
17-Jan-2015 12:20:03.982 INFO [main] org.apache.catalina.startup.VersionLoggerListener.log JVM Vendor:            Oracle Corporation
17-Jan-2015 12:20:03.982 INFO [main] org.apache.catalina.startup.VersionLoggerListener.log CATALINA_BASE:         /home/dev/DevServer/apache-tomcat-8.0.15
17-Jan-2015 12:20:03.982 INFO [main] org.apache.catalina.startup.VersionLoggerListener.log CATALINA_HOME:         /home/dev/DevServer/apache-tomcat-8.0.15
17-Jan-2015 12:20:03.988 INFO [main] org.apache.catalina.startup.VersionLoggerListener.log Command line argument: -Djava.util.logging.config.file=/home/dev/DevServer/apache-tomcat-8.0.15/conf/logging.properties
17-Jan-2015 12:20:03.990 INFO [main] org.apache.catalina.startup.VersionLoggerListener.log Command line argument: -Djava.util.logging.manager=org.apache.juli.ClassLoaderLogManager
17-Jan-2015 12:20:03.993 INFO [main] org.apache.catalina.startup.VersionLoggerListener.log Command line argument: -Dhttp.nonProxyHosts=localhost|127.0.0.1|DEVBox
17-Jan-2015 12:20:03.993 INFO [main] org.apache.catalina.startup.VersionLoggerListener.log Command line argument: -Djava.endorsed.dirs=/home/dev/DevServer/apache-tomcat-8.0.15/endorsed
17-Jan-2015 12:20:03.997 INFO [main] org.apache.catalina.startup.VersionLoggerListener.log Command line argument: -Dcatalina.base=/home/dev/DevServer/apache-tomcat-8.0.15
17-Jan-2015 12:20:03.997 INFO [main] org.apache.catalina.startup.VersionLoggerListener.log Command line argument: -Dcatalina.home=/home/dev/DevServer/apache-tomcat-8.0.15
17-Jan-2015 12:20:03.998 INFO [main] org.apache.catalina.startup.VersionLoggerListener.log Command line argument: -Djava.io.tmpdir=/home/dev/DevServer/apache-tomcat-8.0.15/temp
17-Jan-2015 12:20:03.998 INFO [main] org.apache.catalina.core.AprLifecycleListener.lifecycleEvent The APR based Apache Tomcat Native library which allows optimal performance in production environments was not found on the java.library.path: /usr/lib/jvm/java-7-openjdk-amd64/jre/lib/amd64:/usr/lib/jvm/java-7-openjdk-amd64/jre/lib/i386::/usr/java/packages/lib/amd64:/usr/lib/x86_64-linux-gnu/jni:/lib/x86_64-linux-gnu:/usr/lib/x86_64-linux-gnu:/usr/lib/jni:/lib:/usr/lib
17-Jan-2015 12:20:04.858 INFO [main] org.apache.coyote.AbstractProtocol.init Initializing ProtocolHandler ["http-nio-8080"]
17-Jan-2015 12:20:05.055 INFO [main] org.apache.tomcat.util.net.NioSelectorPool.getSharedSelector Using a shared selector for servlet write/read
17-Jan-2015 12:20:05.082 INFO [main] org.apache.coyote.AbstractProtocol.init Initializing ProtocolHandler ["ajp-nio-8009"]
17-Jan-2015 12:20:05.120 INFO [main] org.apache.tomcat.util.net.NioSelectorPool.getSharedSelector Using a shared selector for servlet write/read
17-Jan-2015 12:20:05.139 INFO [main] org.apache.catalina.startup.Catalina.load Initialization processed in 4417 ms
17-Jan-2015 12:20:05.567 INFO [main] org.apache.catalina.core.StandardService.startInternal Starting service Catalina
17-Jan-2015 12:20:05.568 INFO [main] org.apache.catalina.core.StandardEngine.startInternal Starting Servlet Engine: Apache Tomcat/8.0.15
17-Jan-2015 12:20:05.767 INFO [localhost-startStop-1] org.apache.catalina.startup.HostConfig.deployDescriptor Deploying configuration descriptor /home/dev/DevServer/apache-tomcat-8.0.15/conf/Catalina/localhost/spoverwaltung.xml
17-Jan-2015 12:20:06.462 WARNING [localhost-startStop-1] org.apache.catalina.startup.SetContextPropertiesRule.begin [SetContextPropertiesRule]{Context} Setting property 'antiJARLocking' to 'true' did not find a matching property.
17-Jan-2015 12:20:21.132 INFO [localhost-startStop-1] null.null Reading standard config META-INF/standard-faces-config.xml
17-Jan-2015 12:20:23.401 INFO [localhost-startStop-1] null.null Reading config /WEB-INF/faces-config.xml
17-Jan-2015 12:20:24.692 INFO [localhost-startStop-1] null.null Reading config : jar:file:/home/dev/NetBeansProjects/SPOSys/target/spoverwaltung/WEB-INF/lib/tomahawk20-1.1.14.jar!/META-INF/faces-config.xml
17-Jan-2015 12:20:24.786 INFO [localhost-startStop-1] null.null Artifact 'myfaces-api' was found in version '2.1.10' from path 'file:/home/dev/NetBeansProjects/SPOSys/target/spoverwaltung/WEB-INF/lib/myfaces-api-2.1.10.jar'
17-Jan-2015 12:20:24.794 INFO [localhost-startStop-1] null.null Artifact 'myfaces-impl' was found in version '2.1.10' from path 'file:/home/dev/NetBeansProjects/SPOSys/target/spoverwaltung/WEB-INF/lib/myfaces-impl-2.1.10.jar'
17-Jan-2015 12:20:24.794 INFO [localhost-startStop-1] null.null Artifact 'tomahawk20' was found in version '1.1.14' from path 'file:/home/dev/NetBeansProjects/SPOSys/target/spoverwaltung/WEB-INF/lib/tomahawk20-1.1.14.jar'
17-Jan-2015 12:20:24.987 INFO [localhost-startStop-1] null.null MyFaces Bean Validation support disabled
17-Jan-2015 12:20:25.426 INFO [localhost-startStop-1] null.null Serialization provider : class org.apache.myfaces.shared_impl.util.serial.DefaultSerialFactory
17-Jan-2015 12:20:25.466 INFO [localhost-startStop-1] null.null Using LifecycleProvider org.apache.myfaces.config.annotation.Tomcat7AnnotationLifecycleProvider
17-Jan-2015 12:20:25.543 INFO [localhost-startStop-1] null.null ServletContext initialized.
17-Jan-2015 12:20:25.558 INFO [localhost-startStop-1] null.null Starting up Tomahawk on the MyFaces-JSF-Implementation
17-Jan-2015 12:20:25.558 INFO [localhost-startStop-1] null.null Scanning for context init parameters not defined. It is not necessary to define them all into your web.xml, they are just provided here for informative purposes. To disable this messages set org.apache.myfaces.LOG_WEB_CONTEXT_PARAMS config param to 'false'
17-Jan-2015 12:20:25.558 INFO [localhost-startStop-1] null.null No context init parameter 'javax.faces.RESOURCE_EXCLUDES' found, using default value '.class .jsp .jspx .properties .xhtml .groovy'.
17-Jan-2015 12:20:25.560 INFO [localhost-startStop-1] null.null No context init parameter 'javax.faces.FULL_STATE_SAVING_VIEW_IDS' found.
17-Jan-2015 12:20:25.561 INFO [localhost-startStop-1] null.null No context init parameter 'javax.faces.PARTIAL_STATE_SAVING' found, using default value 'true (false with 1.2 webapps)'.
17-Jan-2015 12:20:25.561 INFO [localhost-startStop-1] null.null No context init parameter 'javax.faces.DEFAULT_SUFFIX' found, using default value '.xhtml .view.xml .jsp'.
17-Jan-2015 12:20:25.561 INFO [localhost-startStop-1] null.null No context init parameter 'javax.faces.FACELETS_SUFFIX' found, using default value '.xhtml'.
17-Jan-2015 12:20:25.561 INFO [localhost-startStop-1] null.null No context init parameter 'javax.faces.FACELETS_VIEW_MAPPINGS' found.
17-Jan-2015 12:20:25.561 INFO [localhost-startStop-1] null.null No context init parameter 'javax.faces.HONOR_CURRENT_COMPONENT_ATTRIBUTES' found, using default value 'false'.
17-Jan-2015 12:20:25.561 INFO [localhost-startStop-1] null.null No context init parameter 'javax.faces.VALIDATE_EMPTY_FIELDS' found, using default value 'auto'.
17-Jan-2015 12:20:25.561 INFO [localhost-startStop-1] null.null No context init parameter 'org.apache.myfaces.ENUM_CONVERTER_ALLOW_STRING_PASSTROUGH' found, using default value 'false'.
17-Jan-2015 12:20:25.562 INFO [localhost-startStop-1] null.null No context init parameter 'javax.faces.validator.DISABLE_DEFAULT_BEAN_VALIDATOR' found, using default value 'true'.
17-Jan-2015 12:20:25.562 INFO [localhost-startStop-1] null.null No context init parameter 'javax.faces.CONFIG_FILES' found.
17-Jan-2015 12:20:25.562 INFO [localhost-startStop-1] null.null No context init parameter 'javax.faces.LIFECYCLE_ID' found.
17-Jan-2015 12:20:25.562 INFO [localhost-startStop-1] null.null No context init parameter 'org.apache.myfaces.ERROR_HANDLER' found.
17-Jan-2015 12:20:25.562 INFO [localhost-startStop-1] null.null No context init parameter 'org.apache.myfaces.CHECKED_VIEWID_CACHE_SIZE' found, using default value '500'.
17-Jan-2015 12:20:25.562 INFO [localhost-startStop-1] null.null No context init parameter 'org.apache.myfaces.CHECKED_VIEWID_CACHE_ENABLED' found, using default value 'true'.
17-Jan-2015 12:20:25.563 INFO [localhost-startStop-1] null.null No context init parameter 'org.apache.myfaces.PRETTY_HTML' found, using default value 'true'.
17-Jan-2015 12:20:25.566 INFO [localhost-startStop-1] null.null No context init parameter 'org.apache.myfaces.ALLOW_JAVASCRIPT' found, using default value 'true'.
17-Jan-2015 12:20:25.567 INFO [localhost-startStop-1] null.null No context init parameter 'org.apache.myfaces.CONFIG_REFRESH_PERIOD' found, using default value '2'.
17-Jan-2015 12:20:25.567 INFO [localhost-startStop-1] null.null No context init parameter 'org.apache.myfaces.VIEWSTATE_JAVASCRIPT' found, using default value 'false'.
17-Jan-2015 12:20:25.567 INFO [localhost-startStop-1] null.null No context init parameter 'org.apache.myfaces.RENDER_VIEWSTATE_ID' found, using default value 'true'.
17-Jan-2015 12:20:25.568 INFO [localhost-startStop-1] null.null No context init parameter 'org.apache.myfaces.STRICT_XHTML_LINKS' found, using default value 'true'.
17-Jan-2015 12:20:25.568 INFO [localhost-startStop-1] null.null No context init parameter 'org.apache.myfaces.RENDER_CLEAR_JAVASCRIPT_FOR_BUTTON' found, using default value 'false'.
17-Jan-2015 12:20:25.568 INFO [localhost-startStop-1] null.null No context init parameter 'org.apache.myfaces.RENDER_HIDDEN_FIELDS_FOR_LINK_PARAMS' found, using default value 'false'.
17-Jan-2015 12:20:25.568 INFO [localhost-startStop-1] null.null No context init parameter 'org.apache.myfaces.SAVE_FORM_SUBMIT_LINK_IE' found, using default value 'false'.
17-Jan-2015 12:20:25.568 INFO [localhost-startStop-1] null.null No context init parameter 'org.apache.myfaces.DELEGATE_FACES_SERVLET' found.
17-Jan-2015 12:20:25.568 INFO [localhost-startStop-1] null.null No context init parameter 'org.apache.myfaces.REFRESH_TRANSIENT_BUILD_ON_PSS' found, using default value 'auto'.
17-Jan-2015 12:20:25.568 INFO [localhost-startStop-1] null.null No context init parameter 'org.apache.myfaces.REFRESH_TRANSIENT_BUILD_ON_PSS_PRESERVE_STATE' found, using default value 'false'.
17-Jan-2015 12:20:25.568 INFO [localhost-startStop-1] null.null No context init parameter 'org.apache.myfaces.VALIDATE_XML' found.
17-Jan-2015 12:20:25.569 INFO [localhost-startStop-1] null.null No context init parameter 'org.apache.myfaces.WRAP_SCRIPT_CONTENT_WITH_XML_COMMENT_TAG' found, using default value 'true'.
17-Jan-2015 12:20:25.569 INFO [localhost-startStop-1] null.null No context init parameter 'org.apache.myfaces.RENDER_FORM_SUBMIT_SCRIPT_INLINE' found, using default value 'false'.
17-Jan-2015 12:20:25.570 INFO [localhost-startStop-1] null.null No context init parameter 'org.apache.myfaces.DEBUG_PHASE_LISTENER' found.
17-Jan-2015 12:20:25.570 INFO [localhost-startStop-1] null.null No context init parameter 'org.apache.myfaces.STRICT_JSF_2_REFRESH_TARGET_AJAX' found, using default value 'false'.
17-Jan-2015 12:20:25.570 INFO [localhost-startStop-1] null.null No context init parameter 'org.apache.myfaces.STRICT_JSF_2_CC_EL_RESOLVER' found, using default value 'false'.
17-Jan-2015 12:20:25.570 INFO [localhost-startStop-1] null.null No context init parameter 'org.apache.myfaces.DEFAULT_RESPONSE_WRITER_CONTENT_TYPE_MODE' found, using default value 'text/html'.
17-Jan-2015 12:20:25.570 INFO [localhost-startStop-1] null.null No context init parameter 'org.apache.myfaces.VIEW_UNIQUE_IDS_CACHE_ENABLED' found, using default value 'false'.
17-Jan-2015 12:20:25.570 INFO [localhost-startStop-1] null.null No context init parameter 'org.apache.myfaces.COMPONENT_UNIQUE_IDS_CACHE_SIZE' found, using default value '100'.
17-Jan-2015 12:20:25.570 INFO [localhost-startStop-1] null.null No context init parameter 'org.apache.myfaces.SUPPORT_JSP_AND_FACES_EL' found, using default value 'true'.
17-Jan-2015 12:20:25.570 INFO [localhost-startStop-1] null.null No context init parameter 'org.apache.myfaces.GAE_JSF_JAR_FILES' found.
17-Jan-2015 12:20:25.571 INFO [localhost-startStop-1] null.null No context init parameter 'org.apache.myfaces.GAE_JSF_ANNOTATIONS_JAR_FILES' found.
17-Jan-2015 12:20:25.573 INFO [localhost-startStop-1] null.null No context init parameter 'org.apache.myfaces.FLASH_SCOPE_DISABLED' found, using default value 'false'.
17-Jan-2015 12:20:25.573 INFO [localhost-startStop-1] null.null No context init parameter 'org.apache.myfaces.RESOURCE_MAX_TIME_EXPIRES' found, using default value '604800000'.
17-Jan-2015 12:20:25.573 INFO [localhost-startStop-1] null.null No context init parameter 'org.apache.myfaces.RESOURCE_HANDLER_CACHE_SIZE' found, using default value '500'.
17-Jan-2015 12:20:25.574 INFO [localhost-startStop-1] null.null No context init parameter 'org.apache.myfaces.RESOURCE_HANDLER_CACHE_ENABLED' found, using default value 'true'.
17-Jan-2015 12:20:25.574 INFO [localhost-startStop-1] null.null No context init parameter 'org.apache.myfaces.USE_ENCRYPTION' found, using default value 'true'.
17-Jan-2015 12:20:25.574 INFO [localhost-startStop-1] null.null No context init parameter 'org.apache.myfaces.SECRET' found.
17-Jan-2015 12:20:25.574 INFO [localhost-startStop-1] null.null No context init parameter 'org.apache.myfaces.ALGORITHM' found, using default value 'DES'.
17-Jan-2015 12:20:25.574 INFO [localhost-startStop-1] null.null No context init parameter 'org.apache.myfaces.SECRET.CACHE' found.
17-Jan-2015 12:20:25.574 INFO [localhost-startStop-1] org.apache.myfaces.webapp.WebConfigParamsLogger.logWebContextParams No context init parameter 'org.apache.myfaces.ALGORITHM.IV' found.
17-Jan-2015 12:20:25.574 INFO [localhost-startStop-1] org.apache.myfaces.webapp.WebConfigParamsLogger.logWebContextParams No context init parameter 'org.apache.myfaces.ALGORITHM.PARAMETERS' found, using default value 'ECB/PKCS5Padding'.
17-Jan-2015 12:20:25.574 INFO [localhost-startStop-1] org.apache.myfaces.webapp.WebConfigParamsLogger.logWebContextParams No context init parameter 'org.apache.myfaces.SERIAL_FACTORY' found.
17-Jan-2015 12:20:25.574 INFO [localhost-startStop-1] org.apache.myfaces.webapp.WebConfigParamsLogger.logWebContextParams No context init parameter 'org.apache.myfaces.COMPRESS_STATE_IN_CLIENT' found, using default value 'false'.
17-Jan-2015 12:20:25.574 INFO [localhost-startStop-1] org.apache.myfaces.webapp.WebConfigParamsLogger.logWebContextParams No context init parameter 'org.apache.myfaces.MAC_ALGORITHM' found, using default value 'HmacSHA1'.
17-Jan-2015 12:20:25.575 INFO [localhost-startStop-1] org.apache.myfaces.webapp.WebConfigParamsLogger.logWebContextParams No context init parameter 'org.apache.myfaces.MAC_SECRET' found.
17-Jan-2015 12:20:25.575 INFO [localhost-startStop-1] org.apache.myfaces.webapp.WebConfigParamsLogger.logWebContextParams No context init parameter 'org.apache.myfaces.MAC_SECRET.CACHE' found.
17-Jan-2015 12:20:25.575 INFO [localhost-startStop-1] org.apache.myfaces.webapp.WebConfigParamsLogger.logWebContextParams No context init parameter 'javax.faces.DATETIMECONVERTER_DEFAULT_TIMEZONE_IS_SYSTEM_TIMEZONE' found, using default value 'false'.
17-Jan-2015 12:20:25.575 INFO [localhost-startStop-1] org.apache.myfaces.webapp.WebConfigParamsLogger.logWebContextParams No context init parameter 'org.apache.myfaces.LAZY_LOAD_CONFIG_OBJECTS' found, using default value 'true'.
17-Jan-2015 12:20:25.575 INFO [localhost-startStop-1] org.apache.myfaces.webapp.WebConfigParamsLogger.logWebContextParams No context init parameter 'org.apache.myfaces.STRICT_JSF_2_ALLOW_SLASH_LIBRARY_NAME' found, using default value 'false'.
17-Jan-2015 12:20:25.575 INFO [localhost-startStop-1] org.apache.myfaces.webapp.WebConfigParamsLogger.logWebContextParams No context init parameter 'org.apache.myfaces.RESOURCE_BUFFER_SIZE' found, using default value '2048'.
17-Jan-2015 12:20:25.575 INFO [localhost-startStop-1] org.apache.myfaces.webapp.WebConfigParamsLogger.logWebContextParams No context init parameter 'org.apache.myfaces.CLIENT_VIEW_STATE_TIMEOUT' found, using default value '0'.
17-Jan-2015 12:20:25.575 INFO [localhost-startStop-1] org.apache.myfaces.webapp.WebConfigParamsLogger.logWebContextParams No context init parameter 'org.apache.myfaces.NUMBER_OF_SEQUENTIAL_VIEWS_IN_SESSION' found.
17-Jan-2015 12:20:25.575 INFO [localhost-startStop-1] org.apache.myfaces.webapp.WebConfigParamsLogger.logWebContextParams No context init parameter 'org.apache.myfaces.CACHE_OLD_VIEWS_IN_SESSION_MODE' found, using default value 'off'.
17-Jan-2015 12:20:25.575 INFO [localhost-startStop-1] org.apache.myfaces.webapp.WebConfigParamsLogger.logWebContextParams No context init parameter 'org.apache.myfaces.USE_FLASH_SCOPE_PURGE_VIEWS_IN_SESSION' found, using default value 'false'.
17-Jan-2015 12:20:25.575 INFO [localhost-startStop-1] org.apache.myfaces.webapp.WebConfigParamsLogger.logWebContextParams No context init parameter 'org.apache.myfaces.RANDOM_KEY_IN_VIEW_STATE_SESSION_TOKEN' found, using default value 'none'.
17-Jan-2015 12:20:25.575 INFO [localhost-startStop-1] org.apache.myfaces.webapp.WebConfigParamsLogger.logWebContextParams No context init parameter 'org.apache.myfaces.RANDOM_KEY_IN_VIEW_STATE_SESSION_TOKEN_LENGTH' found, using default value '8'.
17-Jan-2015 12:20:25.575 INFO [localhost-startStop-1] org.apache.myfaces.webapp.WebConfigParamsLogger.logWebContextParams No context init parameter 'org.apache.myfaces.RANDOM_KEY_IN_VIEW_STATE_SESSION_TOKEN_SECURE_RANDOM_CLASS' found.
17-Jan-2015 12:20:25.575 INFO [localhost-startStop-1] org.apache.myfaces.webapp.WebConfigParamsLogger.logWebContextParams No context init parameter 'org.apache.myfaces.RANDOM_KEY_IN_VIEW_STATE_SESSION_TOKEN_SECURE_RANDOM_PROVIDER' found.
17-Jan-2015 12:20:25.575 INFO [localhost-startStop-1] org.apache.myfaces.webapp.WebConfigParamsLogger.logWebContextParams No context init parameter 'org.apache.myfaces.RANDOM_KEY_IN_VIEW_STATE_SESSION_TOKEN_SECURE_RANDOM_ALGORITM' found, using default value 'SHA1PRNG'.
17-Jan-2015 12:20:25.575 INFO [localhost-startStop-1] org.apache.myfaces.webapp.WebConfigParamsLogger.logWebContextParams No context init parameter 'org.apache.myfaces.VALIDATE' found, using default value 'false'.
17-Jan-2015 12:20:25.575 INFO [localhost-startStop-1] org.apache.myfaces.webapp.WebConfigParamsLogger.logWebContextParams No context init parameter 'org.apache.myfaces.config.annotation.LifecycleProvider' found.
17-Jan-2015 12:20:25.575 INFO [localhost-startStop-1] org.apache.myfaces.webapp.WebConfigParamsLogger.logWebContextParams No context init parameter 'org.apache.myfaces.EL_RESOLVER_COMPARATOR' found.
17-Jan-2015 12:20:25.576 INFO [localhost-startStop-1] org.apache.myfaces.webapp.WebConfigParamsLogger.logWebContextParams No context init parameter 'org.apache.myfaces.EL_RESOLVER_PREDICATE' found.
17-Jan-2015 12:20:25.576 INFO [localhost-startStop-1] org.apache.myfaces.webapp.WebConfigParamsLogger.logWebContextParams No context init parameter 'org.apache.myfaces.CHECKED_VIEWID_CACHE_SIZE' found, using default value '500'.
17-Jan-2015 12:20:25.576 INFO [localhost-startStop-1] org.apache.myfaces.webapp.WebConfigParamsLogger.logWebContextParams No context init parameter 'org.apache.myfaces.CHECKED_VIEWID_CACHE_ENABLED' found, using default value 'true'.
17-Jan-2015 12:20:25.576 INFO [localhost-startStop-1] org.apache.myfaces.webapp.WebConfigParamsLogger.logWebContextParams No context init parameter 'org.apache.myfaces.ERROR_TEMPLATE_RESOURCE' found, using default value 'META-INF/rsc/myfaces-dev-error.xml'.
17-Jan-2015 12:20:25.576 INFO [localhost-startStop-1] org.apache.myfaces.webapp.WebConfigParamsLogger.logWebContextParams No context init parameter 'org.apache.myfaces.DEBUG_TEMPLATE_RESOURCE' found, using default value 'META-INF/rsc/myfaces-dev-debug.xml'.
17-Jan-2015 12:20:25.576 INFO [localhost-startStop-1] org.apache.myfaces.webapp.WebConfigParamsLogger.logWebContextParams No context init parameter 'org.apache.myfaces.ERROR_HANDLING' found, using default value 'false, on Development Project stage: true'.
17-Jan-2015 12:20:25.576 INFO [localhost-startStop-1] org.apache.myfaces.webapp.WebConfigParamsLogger.logWebContextParams No context init parameter 'org.apache.myfaces.HANDLE_STATE_CACHING_MECHANICS' found, using default value 'true'.
17-Jan-2015 12:20:25.576 INFO [localhost-startStop-1] org.apache.myfaces.webapp.WebConfigParamsLogger.logWebContextParams No context init parameter 'org.apache.myfaces.USE_MULTIPLE_JS_FILES_FOR_JSF_UNCOMPRESSED_JS' found, using default value 'false'.
17-Jan-2015 12:20:25.576 INFO [localhost-startStop-1] org.apache.myfaces.webapp.WebConfigParamsLogger.logWebContextParams No context init parameter 'org.apache.myfaces.JSF_JS_MODE' found, using default value 'normal'.
17-Jan-2015 12:20:25.576 INFO [localhost-startStop-1] org.apache.myfaces.webapp.WebConfigParamsLogger.logWebContextParams No context init parameter 'org.apache.myfaces.SERVICE_PROVIDER_FINDER' found.
17-Jan-2015 12:20:25.576 INFO [localhost-startStop-1] org.apache.myfaces.webapp.WebConfigParamsLogger.logWebContextParams No context init parameter 'javax.faces.DISABLE_FACELET_JSF_VIEWHANDLER' found, using default value 'false'.
17-Jan-2015 12:20:25.576 INFO [localhost-startStop-1] org.apache.myfaces.webapp.WebConfigParamsLogger.logWebContextParams No context init parameter 'org.apache.myfaces.SAVE_STATE_WITH_VISIT_TREE_ON_PSS' found, using default value 'true'.
17-Jan-2015 12:20:25.576 INFO [localhost-startStop-1] org.apache.myfaces.webapp.WebConfigParamsLogger.logWebContextParams No context init parameter 'org.apache.myfaces.CHECK_ID_PRODUCTION_MODE' found, using default value 'auto'.
17-Jan-2015 12:20:25.576 INFO [localhost-startStop-1] org.apache.myfaces.webapp.WebConfigParamsLogger.logWebContextParams No context init parameter 'javax.faces.FACELETS_BUFFER_SIZE' found.
17-Jan-2015 12:20:25.576 INFO [localhost-startStop-1] org.apache.myfaces.webapp.WebConfigParamsLogger.logWebContextParams No context init parameter 'facelets.BUFFER_SIZE' found.
17-Jan-2015 12:20:25.576 INFO [localhost-startStop-1] org.apache.myfaces.webapp.WebConfigParamsLogger.logWebContextParams No context init parameter 'javax.faces.FACELETS_DECORATORS' found.
17-Jan-2015 12:20:25.576 INFO [localhost-startStop-1] org.apache.myfaces.webapp.WebConfigParamsLogger.logWebContextParams No context init parameter 'facelets.DECORATORS' found.
17-Jan-2015 12:20:25.576 INFO [localhost-startStop-1] org.apache.myfaces.webapp.WebConfigParamsLogger.logWebContextParams No context init parameter 'javax.faces.FACELETS_LIBRARIES' found.
17-Jan-2015 12:20:25.576 INFO [localhost-startStop-1] org.apache.myfaces.webapp.WebConfigParamsLogger.logWebContextParams No context init parameter 'facelets.LIBRARIES' found.
17-Jan-2015 12:20:25.577 INFO [localhost-startStop-1] org.apache.myfaces.webapp.WebConfigParamsLogger.logWebContextParams No context init parameter 'javax.faces.FACELETS_REFRESH_PERIOD' found, using default value '-1'.
17-Jan-2015 12:20:25.577 INFO [localhost-startStop-1] null.null No context init parameter 'facelets.REFRESH_PERIOD' found, using default value '-1'.
17-Jan-2015 12:20:25.604 INFO [localhost-startStop-1] org.apache.myfaces.webapp.WebConfigParamsLogger.logWebContextParams No context init parameter 'javax.faces.FACELETS_RESOURCE_RESOLVER' found.
17-Jan-2015 12:20:25.605 INFO [localhost-startStop-1] org.apache.myfaces.webapp.WebConfigParamsLogger.logWebContextParams No context init parameter 'facelets.RESOURCE_RESOLVER' found.
17-Jan-2015 12:20:25.605 INFO [localhost-startStop-1] org.apache.myfaces.webapp.WebConfigParamsLogger.logWebContextParams No context init parameter 'javax.faces.FACELETS_SKIP_COMMENTS' found.
17-Jan-2015 12:20:25.605 INFO [localhost-startStop-1] org.apache.myfaces.webapp.WebConfigParamsLogger.logWebContextParams No context init parameter 'facelets.SKIP_COMMENTS' found.
17-Jan-2015 12:20:25.605 INFO [localhost-startStop-1] org.apache.myfaces.webapp.WebConfigParamsLogger.logWebContextParams No context init parameter 'org.apache.myfaces.MARK_INITIAL_STATE_WHEN_APPLY_BUILD_VIEW' found, using default value 'false'.
17-Jan-2015 12:20:25.605 INFO [localhost-startStop-1] org.apache.myfaces.webapp.WebConfigParamsLogger.logWebContextParams No context init parameter 'org.apache.myfaces.WRAP_TAG_EXCEPTIONS_AS_CONTEXT_AWARE' found, using default value 'true'.
17-Jan-2015 12:20:25.605 INFO [localhost-startStop-1] org.apache.myfaces.webapp.WebConfigParamsLogger.logWebContextParams No context init parameter 'org.apache.myfaces.CACHE_EL_EXPRESSIONS' found, using default value 'noCache'.
17-Jan-2015 12:20:25.605 INFO [localhost-startStop-1] org.apache.myfaces.webapp.WebConfigParamsLogger.logWebContextParams No context init parameter 'org.apache.myfaces.EXPRESSION_FACTORY' found.
17-Jan-2015 12:20:25.605 INFO [localhost-startStop-1] org.apache.myfaces.webapp.WebConfigParamsLogger.logWebContextParams No context init parameter 'org.apache.myfaces.INITIALIZE_ALWAYS_STANDALONE' found, using default value 'false'.
17-Jan-2015 12:20:25.605 INFO [localhost-startStop-1] org.apache.myfaces.webapp.WebConfigParamsLogger.logWebContextParams No context init parameter 'org.apache.myfaces.LOG_WEB_CONTEXT_PARAMS' found, using default value 'auto'.
17-Jan-2015 12:20:25.605 INFO [localhost-startStop-1] org.apache.myfaces.webapp.WebConfigParamsLogger.logWebContextParams No context init parameter 'org.apache.myfaces.FACES_INITIALIZER' found.
17-Jan-2015 12:20:25.605 INFO [localhost-startStop-1] org.apache.myfaces.webapp.WebConfigParamsLogger.logWebContextParams No context init parameter 'org.apache.myfaces.FACES_INIT_PLUGINS' found.
17-Jan-2015 12:20:25.605 INFO [localhost-startStop-1] org.apache.myfaces.webapp.WebConfigParamsLogger.logWebContextParams No context init parameter 'org.apache.myfaces.RESOURCE_VIRTUAL_PATH' found.
17-Jan-2015 12:20:25.605 INFO [localhost-startStop-1] org.apache.myfaces.webapp.WebConfigParamsLogger.logWebContextParams No context init parameter 'org.apache.myfaces.DETECT_JAVASCRIPT' found, using default value 'false'.
17-Jan-2015 12:20:25.605 INFO [localhost-startStop-1] org.apache.myfaces.webapp.WebConfigParamsLogger.logWebContextParams No context init parameter 'org.apache.myfaces.AUTO_SCROLL' found, using default value 'false'.
17-Jan-2015 12:20:25.605 INFO [localhost-startStop-1] org.apache.myfaces.webapp.WebConfigParamsLogger.logWebContextParams No context init parameter 'org.apache.myfaces.ADD_RESOURCE_CLASS' found, using default value 'org.apache.myfaces. renderkit.html.util. DefaultAddResource'.
17-Jan-2015 12:20:25.605 INFO [localhost-startStop-1] org.apache.myfaces.webapp.WebConfigParamsLogger.logWebContextParams No context init parameter 'org.apache.myfaces.CHECK_EXTENSIONS_FILTER' found, using default value 'for JSF 2.0 since 1.1.11 false, otherwise true'.
17-Jan-2015 12:20:25.606 INFO [localhost-startStop-1] org.apache.myfaces.webapp.WebConfigParamsLogger.logWebContextParams No context init parameter 'org.apache.myfaces.READONLY_AS_DISABLED_FOR_SELECTS' found, using default value 'true'.
17-Jan-2015 12:20:25.606 INFO [localhost-startStop-1] org.apache.myfaces.util.ExternalSpecifications.isUnifiedELAvailable MyFaces Unified EL support enabled
17-Jan-2015 12:20:25.606 WARNING [localhost-startStop-1] org.apache.myfaces.webapp.AbstractFacesInitializer.initFaces 

*******************************************************************
*** WARNING: Apache MyFaces-2 is running in DEVELOPMENT mode.   ***
***                                         ^^^^^^^^^^^         ***
*** Do NOT deploy to your live server(s) without changing this. ***
*** See Application#getProjectStage() for more information.     ***
*******************************************************************

17-Jan-2015 12:20:25.738 INFO [localhost-startStop-1] org.apache.catalina.util.SessionIdGeneratorBase.createSecureRandom Creation of SecureRandom instance for session ID generation using [SHA1PRNG] took [130] milliseconds.
17-Jan-2015 12:20:26.011 INFO [localhost-startStop-1] org.apache.catalina.startup.HostConfig.deployDescriptor Deployment of configuration descriptor /home/dev/DevServer/apache-tomcat-8.0.15/conf/Catalina/localhost/spoverwaltung.xml has finished in 20,244 ms
17-Jan-2015 12:20:26.022 INFO [localhost-startStop-1] org.apache.catalina.startup.HostConfig.deployDirectory Deploying web application directory /home/dev/DevServer/apache-tomcat-8.0.15/webapps/manager
17-Jan-2015 12:20:26.257 INFO [localhost-startStop-1] org.apache.catalina.startup.HostConfig.deployDirectory Deployment of web application directory /home/dev/DevServer/apache-tomcat-8.0.15/webapps/manager has finished in 235 ms
17-Jan-2015 12:20:26.258 INFO [localhost-startStop-1] org.apache.catalina.startup.HostConfig.deployDirectory Deploying web application directory /home/dev/DevServer/apache-tomcat-8.0.15/webapps/docs
17-Jan-2015 12:20:26.345 INFO [localhost-startStop-1] org.apache.catalina.startup.HostConfig.deployDirectory Deployment of web application directory /home/dev/DevServer/apache-tomcat-8.0.15/webapps/docs has finished in 87 ms
17-Jan-2015 12:20:26.350 INFO [localhost-startStop-1] org.apache.catalina.startup.HostConfig.deployDirectory Deploying web application directory /home/dev/DevServer/apache-tomcat-8.0.15/webapps/host-manager
17-Jan-2015 12:20:26.506 INFO [localhost-startStop-1] org.apache.catalina.startup.HostConfig.deployDirectory Deployment of web application directory /home/dev/DevServer/apache-tomcat-8.0.15/webapps/host-manager has finished in 155 ms
17-Jan-2015 12:20:26.507 INFO [localhost-startStop-1] org.apache.catalina.startup.HostConfig.deployDirectory Deploying web application directory /home/dev/DevServer/apache-tomcat-8.0.15/webapps/ROOT
17-Jan-2015 12:20:26.616 INFO [localhost-startStop-1] org.apache.catalina.startup.HostConfig.deployDirectory Deployment of web application directory /home/dev/DevServer/apache-tomcat-8.0.15/webapps/ROOT has finished in 109 ms
17-Jan-2015 12:20:26.616 INFO [localhost-startStop-1] org.apache.catalina.startup.HostConfig.deployDirectory Deploying web application directory /home/dev/DevServer/apache-tomcat-8.0.15/webapps/examples
17-Jan-2015 12:20:27.819 INFO [localhost-startStop-1] org.apache.catalina.startup.HostConfig.deployDirectory Deployment of web application directory /home/dev/DevServer/apache-tomcat-8.0.15/webapps/examples has finished in 1,202 ms
17-Jan-2015 12:20:27.825 INFO [main] org.apache.coyote.AbstractProtocol.start Starting ProtocolHandler ["http-nio-8080"]
17-Jan-2015 12:20:27.856 INFO [main] org.apache.coyote.AbstractProtocol.start Starting ProtocolHandler ["ajp-nio-8009"]
17-Jan-2015 12:20:27.868 INFO [main] org.apache.catalina.startup.Catalina.start Server startup in 22728 ms
17-Jan-2015 12:20:30.061 INFO [http-nio-8080-exec-1] org.apache.catalina.startup.HostConfig.undeploy Undeploying context [/spoverwaltung]
17-Jan-2015 12:20:30.124 INFO [http-nio-8080-exec-11] org.apache.catalina.startup.HostConfig.deployDescriptor Deploying configuration descriptor /home/dev/DevServer/apache-tomcat-8.0.15/conf/Catalina/localhost/spoverwaltung.xml
17-Jan-2015 12:20:30.144 WARNING [http-nio-8080-exec-11] org.apache.catalina.startup.SetContextPropertiesRule.begin [SetContextPropertiesRule]{Context} Setting property 'antiJARLocking' to 'true' did not find a matching property.
17-Jan-2015 12:20:40.389 INFO [http-nio-8080-exec-11] null.null Reading standard config META-INF/standard-faces-config.xml
17-Jan-2015 12:20:42.554 INFO [http-nio-8080-exec-11] null.null Reading config /WEB-INF/faces-config.xml
17-Jan-2015 12:20:44.658 INFO [http-nio-8080-exec-11] org.apache.myfaces.config.DefaultFacesConfigurationProvider.getClassloaderFacesConfig Reading config : jar:file:/home/dev/NetBeansProjects/SPOSys/target/spoverwaltung/WEB-INF/lib/tomahawk20-1.1.14.jar!/META-INF/faces-config.xml
17-Jan-2015 12:20:44.937 INFO [http-nio-8080-exec-11] null.null Artifact 'myfaces-api' was found in version '2.1.10' from path 'file:/home/dev/NetBeansProjects/SPOSys/target/spoverwaltung/WEB-INF/lib/myfaces-api-2.1.10.jar'
17-Jan-2015 12:20:44.947 INFO [http-nio-8080-exec-11] null.null Artifact 'myfaces-impl' was found in version '2.1.10' from path 'file:/home/dev/NetBeansProjects/SPOSys/target/spoverwaltung/WEB-INF/lib/myfaces-impl-2.1.10.jar'
17-Jan-2015 12:20:44.949 INFO [http-nio-8080-exec-11] null.null Artifact 'tomahawk20' was found in version '1.1.14' from path 'file:/home/dev/NetBeansProjects/SPOSys/target/spoverwaltung/WEB-INF/lib/tomahawk20-1.1.14.jar'
17-Jan-2015 12:20:45.681 INFO [http-nio-8080-exec-11] null.null MyFaces Bean Validation support disabled
17-Jan-2015 12:20:46.714 INFO [http-nio-8080-exec-11] null.null Serialization provider : class org.apache.myfaces.shared_impl.util.serial.DefaultSerialFactory
17-Jan-2015 12:20:46.799 INFO [http-nio-8080-exec-11] null.null Using LifecycleProvider org.apache.myfaces.config.annotation.Tomcat7AnnotationLifecycleProvider
17-Jan-2015 12:20:46.950 INFO [http-nio-8080-exec-11] null.null ServletContext initialized.
17-Jan-2015 12:20:46.975 INFO [http-nio-8080-exec-11] null.null Starting up Tomahawk on the MyFaces-JSF-Implementation
17-Jan-2015 12:20:46.985 INFO [http-nio-8080-exec-11] null.null Scanning for context init parameters not defined. It is not necessary to define them all into your web.xml, they are just provided here for informative purposes. To disable this messages set org.apache.myfaces.LOG_WEB_CONTEXT_PARAMS config param to 'false'
17-Jan-2015 12:20:46.986 INFO [http-nio-8080-exec-11] null.null No context init parameter 'javax.faces.RESOURCE_EXCLUDES' found, using default value '.class .jsp .jspx .properties .xhtml .groovy'.
17-Jan-2015 12:20:46.994 INFO [http-nio-8080-exec-11] null.null No context init parameter 'javax.faces.FULL_STATE_SAVING_VIEW_IDS' found.
17-Jan-2015 12:20:46.995 INFO [http-nio-8080-exec-11] null.null No context init parameter 'javax.faces.PARTIAL_STATE_SAVING' found, using default value 'true (false with 1.2 webapps)'.
17-Jan-2015 12:20:46.995 INFO [http-nio-8080-exec-11] null.null No context init parameter 'javax.faces.DEFAULT_SUFFIX' found, using default value '.xhtml .view.xml .jsp'.
17-Jan-2015 12:20:46.995 INFO [http-nio-8080-exec-11] null.null No context init parameter 'javax.faces.FACELETS_SUFFIX' found, using default value '.xhtml'.
17-Jan-2015 12:20:46.995 INFO [http-nio-8080-exec-11] null.null No context init parameter 'javax.faces.FACELETS_VIEW_MAPPINGS' found.
17-Jan-2015 12:20:46.997 INFO [http-nio-8080-exec-11] null.null No context init parameter 'javax.faces.HONOR_CURRENT_COMPONENT_ATTRIBUTES' found, using default value 'false'.
17-Jan-2015 12:20:46.997 INFO [http-nio-8080-exec-11] null.null No context init parameter 'javax.faces.VALIDATE_EMPTY_FIELDS' found, using default value 'auto'.
17-Jan-2015 12:20:46.997 INFO [http-nio-8080-exec-11] null.null No context init parameter 'org.apache.myfaces.ENUM_CONVERTER_ALLOW_STRING_PASSTROUGH' found, using default value 'false'.
17-Jan-2015 12:20:46.997 INFO [http-nio-8080-exec-11] null.null No context init parameter 'javax.faces.validator.DISABLE_DEFAULT_BEAN_VALIDATOR' found, using default value 'true'.
17-Jan-2015 12:20:46.997 INFO [http-nio-8080-exec-11] null.null No context init parameter 'javax.faces.CONFIG_FILES' found.
17-Jan-2015 12:20:46.998 INFO [http-nio-8080-exec-11] null.null No context init parameter 'javax.faces.LIFECYCLE_ID' found.
17-Jan-2015 12:20:46.998 INFO [http-nio-8080-exec-11] null.null No context init parameter 'org.apache.myfaces.ERROR_HANDLER' found.
17-Jan-2015 12:20:46.998 INFO [http-nio-8080-exec-11] null.null No context init parameter 'org.apache.myfaces.CHECKED_VIEWID_CACHE_SIZE' found, using default value '500'.
17-Jan-2015 12:20:46.999 INFO [http-nio-8080-exec-11] null.null No context init parameter 'org.apache.myfaces.CHECKED_VIEWID_CACHE_ENABLED' found, using default value 'true'.
17-Jan-2015 12:20:46.999 INFO [http-nio-8080-exec-11] null.null No context init parameter 'org.apache.myfaces.PRETTY_HTML' found, using default value 'true'.
17-Jan-2015 12:20:46.999 INFO [http-nio-8080-exec-11] null.null No context init parameter 'org.apache.myfaces.ALLOW_JAVASCRIPT' found, using default value 'true'.
17-Jan-2015 12:20:46.999 INFO [http-nio-8080-exec-11] null.null No context init parameter 'org.apache.myfaces.CONFIG_REFRESH_PERIOD' found, using default value '2'.
17-Jan-2015 12:20:46.999 INFO [http-nio-8080-exec-11] null.null No context init parameter 'org.apache.myfaces.VIEWSTATE_JAVASCRIPT' found, using default value 'false'.
17-Jan-2015 12:20:46.999 INFO [http-nio-8080-exec-11] null.null No context init parameter 'org.apache.myfaces.RENDER_VIEWSTATE_ID' found, using default value 'true'.
17-Jan-2015 12:20:47.000 INFO [http-nio-8080-exec-11] null.null No context init parameter 'org.apache.myfaces.STRICT_XHTML_LINKS' found, using default value 'true'.
17-Jan-2015 12:20:47.000 INFO [http-nio-8080-exec-11] null.null No context init parameter 'org.apache.myfaces.RENDER_CLEAR_JAVASCRIPT_FOR_BUTTON' found, using default value 'false'.
17-Jan-2015 12:20:47.000 INFO [http-nio-8080-exec-11] null.null No context init parameter 'org.apache.myfaces.RENDER_HIDDEN_FIELDS_FOR_LINK_PARAMS' found, using default value 'false'.
17-Jan-2015 12:20:47.000 INFO [http-nio-8080-exec-11] null.null No context init parameter 'org.apache.myfaces.SAVE_FORM_SUBMIT_LINK_IE' found, using default value 'false'.
17-Jan-2015 12:20:47.000 INFO [http-nio-8080-exec-11] null.null No context init parameter 'org.apache.myfaces.DELEGATE_FACES_SERVLET' found.
17-Jan-2015 12:20:47.000 INFO [http-nio-8080-exec-11] null.null No context init parameter 'org.apache.myfaces.REFRESH_TRANSIENT_BUILD_ON_PSS' found, using default value 'auto'.
17-Jan-2015 12:20:47.001 INFO [http-nio-8080-exec-11] null.null No context init parameter 'org.apache.myfaces.REFRESH_TRANSIENT_BUILD_ON_PSS_PRESERVE_STATE' found, using default value 'false'.
17-Jan-2015 12:20:47.001 INFO [http-nio-8080-exec-11] null.null No context init parameter 'org.apache.myfaces.VALIDATE_XML' found.
17-Jan-2015 12:20:47.001 INFO [http-nio-8080-exec-11] null.null No context init parameter 'org.apache.myfaces.WRAP_SCRIPT_CONTENT_WITH_XML_COMMENT_TAG' found, using default value 'true'.
17-Jan-2015 12:20:47.001 INFO [http-nio-8080-exec-11] null.null No context init parameter 'org.apache.myfaces.RENDER_FORM_SUBMIT_SCRIPT_INLINE' found, using default value 'false'.
17-Jan-2015 12:20:47.001 INFO [http-nio-8080-exec-11] null.null No context init parameter 'org.apache.myfaces.DEBUG_PHASE_LISTENER' found.
17-Jan-2015 12:20:47.001 INFO [http-nio-8080-exec-11] null.null No context init parameter 'org.apache.myfaces.STRICT_JSF_2_REFRESH_TARGET_AJAX' found, using default value 'false'.
17-Jan-2015 12:20:47.001 INFO [http-nio-8080-exec-11] null.null No context init parameter 'org.apache.myfaces.STRICT_JSF_2_CC_EL_RESOLVER' found, using default value 'false'.
17-Jan-2015 12:20:47.002 INFO [http-nio-8080-exec-11] null.null No context init parameter 'org.apache.myfaces.DEFAULT_RESPONSE_WRITER_CONTENT_TYPE_MODE' found, using default value 'text/html'.
17-Jan-2015 12:20:47.002 INFO [http-nio-8080-exec-11] null.null No context init parameter 'org.apache.myfaces.VIEW_UNIQUE_IDS_CACHE_ENABLED' found, using default value 'false'.
17-Jan-2015 12:20:47.003 INFO [http-nio-8080-exec-11] null.null No context init parameter 'org.apache.myfaces.COMPONENT_UNIQUE_IDS_CACHE_SIZE' found, using default value '100'.
17-Jan-2015 12:20:47.003 INFO [http-nio-8080-exec-11] null.null No context init parameter 'org.apache.myfaces.SUPPORT_JSP_AND_FACES_EL' found, using default value 'true'.
17-Jan-2015 12:20:47.013 INFO [http-nio-8080-exec-11] null.null No context init parameter 'org.apache.myfaces.GAE_JSF_JAR_FILES' found.
17-Jan-2015 12:20:47.014 INFO [http-nio-8080-exec-11] null.null No context init parameter 'org.apache.myfaces.GAE_JSF_ANNOTATIONS_JAR_FILES' found.
17-Jan-2015 12:20:47.014 INFO [http-nio-8080-exec-11] null.null No context init parameter 'org.apache.myfaces.FLASH_SCOPE_DISABLED' found, using default value 'false'.
17-Jan-2015 12:20:47.014 INFO [http-nio-8080-exec-11] org.apache.myfaces.webapp.WebConfigParamsLogger.logWebContextParams No context init parameter 'org.apache.myfaces.RESOURCE_MAX_TIME_EXPIRES' found, using default value '604800000'.
17-Jan-2015 12:20:47.014 INFO [http-nio-8080-exec-11] org.apache.myfaces.webapp.WebConfigParamsLogger.logWebContextParams No context init parameter 'org.apache.myfaces.RESOURCE_HANDLER_CACHE_SIZE' found, using default value '500'.
17-Jan-2015 12:20:47.014 INFO [http-nio-8080-exec-11] org.apache.myfaces.webapp.WebConfigParamsLogger.logWebContextParams No context init parameter 'org.apache.myfaces.RESOURCE_HANDLER_CACHE_ENABLED' found, using default value 'true'.
17-Jan-2015 12:20:47.014 INFO [http-nio-8080-exec-11] org.apache.myfaces.webapp.WebConfigParamsLogger.logWebContextParams No context init parameter 'org.apache.myfaces.USE_ENCRYPTION' found, using default value 'true'.
17-Jan-2015 12:20:47.014 INFO [http-nio-8080-exec-11] null.null No context init parameter 'org.apache.myfaces.SECRET' found.
17-Jan-2015 12:20:47.021 INFO [http-nio-8080-exec-11] null.null No context init parameter 'org.apache.myfaces.ALGORITHM' found, using default value 'DES'.
17-Jan-2015 12:20:47.025 INFO [http-nio-8080-exec-11] null.null No context init parameter 'org.apache.myfaces.SECRET.CACHE' found.
17-Jan-2015 12:20:47.025 INFO [http-nio-8080-exec-11] null.null No context init parameter 'org.apache.myfaces.ALGORITHM.IV' found.
17-Jan-2015 12:20:47.025 INFO [http-nio-8080-exec-11] null.null No context init parameter 'org.apache.myfaces.ALGORITHM.PARAMETERS' found, using default value 'ECB/PKCS5Padding'.
17-Jan-2015 12:20:47.025 INFO [http-nio-8080-exec-11] org.apache.myfaces.webapp.WebConfigParamsLogger.logWebContextParams No context init parameter 'org.apache.myfaces.SERIAL_FACTORY' found.
17-Jan-2015 12:20:47.026 INFO [http-nio-8080-exec-11] org.apache.myfaces.webapp.WebConfigParamsLogger.logWebContextParams No context init parameter 'org.apache.myfaces.COMPRESS_STATE_IN_CLIENT' found, using default value 'false'.
17-Jan-2015 12:20:47.026 INFO [http-nio-8080-exec-11] org.apache.myfaces.webapp.WebConfigParamsLogger.logWebContextParams No context init parameter 'org.apache.myfaces.MAC_ALGORITHM' found, using default value 'HmacSHA1'.
17-Jan-2015 12:20:47.026 INFO [http-nio-8080-exec-11] org.apache.myfaces.webapp.WebConfigParamsLogger.logWebContextParams No context init parameter 'org.apache.myfaces.MAC_SECRET' found.
17-Jan-2015 12:20:47.027 INFO [http-nio-8080-exec-11] org.apache.myfaces.webapp.WebConfigParamsLogger.logWebContextParams No context init parameter 'org.apache.myfaces.MAC_SECRET.CACHE' found.
17-Jan-2015 12:20:47.027 INFO [http-nio-8080-exec-11] org.apache.myfaces.webapp.WebConfigParamsLogger.logWebContextParams No context init parameter 'javax.faces.DATETIMECONVERTER_DEFAULT_TIMEZONE_IS_SYSTEM_TIMEZONE' found, using default value 'false'.
17-Jan-2015 12:20:47.043 INFO [http-nio-8080-exec-11] org.apache.myfaces.webapp.WebConfigParamsLogger.logWebContextParams No context init parameter 'org.apache.myfaces.LAZY_LOAD_CONFIG_OBJECTS' found, using default value 'true'.
17-Jan-2015 12:20:47.043 INFO [http-nio-8080-exec-11] org.apache.myfaces.webapp.WebConfigParamsLogger.logWebContextParams No context init parameter 'org.apache.myfaces.STRICT_JSF_2_ALLOW_SLASH_LIBRARY_NAME' found, using default value 'false'.
17-Jan-2015 12:20:47.043 INFO [http-nio-8080-exec-11] org.apache.myfaces.webapp.WebConfigParamsLogger.logWebContextParams No context init parameter 'org.apache.myfaces.RESOURCE_BUFFER_SIZE' found, using default value '2048'.
17-Jan-2015 12:20:47.043 INFO [http-nio-8080-exec-11] org.apache.myfaces.webapp.WebConfigParamsLogger.logWebContextParams No context init parameter 'org.apache.myfaces.CLIENT_VIEW_STATE_TIMEOUT' found, using default value '0'.
17-Jan-2015 12:20:47.045 INFO [http-nio-8080-exec-11] org.apache.myfaces.webapp.WebConfigParamsLogger.logWebContextParams No context init parameter 'org.apache.myfaces.NUMBER_OF_SEQUENTIAL_VIEWS_IN_SESSION' found.
17-Jan-2015 12:20:47.045 INFO [http-nio-8080-exec-11] org.apache.myfaces.webapp.WebConfigParamsLogger.logWebContextParams No context init parameter 'org.apache.myfaces.CACHE_OLD_VIEWS_IN_SESSION_MODE' found, using default value 'off'.
17-Jan-2015 12:20:47.045 INFO [http-nio-8080-exec-11] org.apache.myfaces.webapp.WebConfigParamsLogger.logWebContextParams No context init parameter 'org.apache.myfaces.USE_FLASH_SCOPE_PURGE_VIEWS_IN_SESSION' found, using default value 'false'.
17-Jan-2015 12:20:47.045 INFO [http-nio-8080-exec-11] org.apache.myfaces.webapp.WebConfigParamsLogger.logWebContextParams No context init parameter 'org.apache.myfaces.RANDOM_KEY_IN_VIEW_STATE_SESSION_TOKEN' found, using default value 'none'.
17-Jan-2015 12:20:47.045 INFO [http-nio-8080-exec-11] org.apache.myfaces.webapp.WebConfigParamsLogger.logWebContextParams No context init parameter 'org.apache.myfaces.RANDOM_KEY_IN_VIEW_STATE_SESSION_TOKEN_LENGTH' found, using default value '8'.
17-Jan-2015 12:20:47.046 INFO [http-nio-8080-exec-11] org.apache.myfaces.webapp.WebConfigParamsLogger.logWebContextParams No context init parameter 'org.apache.myfaces.RANDOM_KEY_IN_VIEW_STATE_SESSION_TOKEN_SECURE_RANDOM_CLASS' found.
17-Jan-2015 12:20:47.055 INFO [http-nio-8080-exec-11] org.apache.myfaces.webapp.WebConfigParamsLogger.logWebContextParams No context init parameter 'org.apache.myfaces.RANDOM_KEY_IN_VIEW_STATE_SESSION_TOKEN_SECURE_RANDOM_PROVIDER' found.
17-Jan-2015 12:20:47.055 INFO [http-nio-8080-exec-11] org.apache.myfaces.webapp.WebConfigParamsLogger.logWebContextParams No context init parameter 'org.apache.myfaces.RANDOM_KEY_IN_VIEW_STATE_SESSION_TOKEN_SECURE_RANDOM_ALGORITM' found, using default value 'SHA1PRNG'.
17-Jan-2015 12:20:47.055 INFO [http-nio-8080-exec-11] org.apache.myfaces.webapp.WebConfigParamsLogger.logWebContextParams No context init parameter 'org.apache.myfaces.VALIDATE' found, using default value 'false'.
17-Jan-2015 12:20:47.055 INFO [http-nio-8080-exec-11] org.apache.myfaces.webapp.WebConfigParamsLogger.logWebContextParams No context init parameter 'org.apache.myfaces.config.annotation.LifecycleProvider' found.
17-Jan-2015 12:20:47.055 INFO [http-nio-8080-exec-11] org.apache.myfaces.webapp.WebConfigParamsLogger.logWebContextParams No context init parameter 'org.apache.myfaces.EL_RESOLVER_COMPARATOR' found.
17-Jan-2015 12:20:47.055 INFO [http-nio-8080-exec-11] org.apache.myfaces.webapp.WebConfigParamsLogger.logWebContextParams No context init parameter 'org.apache.myfaces.EL_RESOLVER_PREDICATE' found.
17-Jan-2015 12:20:47.055 INFO [http-nio-8080-exec-11] org.apache.myfaces.webapp.WebConfigParamsLogger.logWebContextParams No context init parameter 'org.apache.myfaces.CHECKED_VIEWID_CACHE_SIZE' found, using default value '500'.
17-Jan-2015 12:20:47.055 INFO [http-nio-8080-exec-11] org.apache.myfaces.webapp.WebConfigParamsLogger.logWebContextParams No context init parameter 'org.apache.myfaces.CHECKED_VIEWID_CACHE_ENABLED' found, using default value 'true'.
17-Jan-2015 12:20:47.055 INFO [http-nio-8080-exec-11] org.apache.myfaces.webapp.WebConfigParamsLogger.logWebContextParams No context init parameter 'org.apache.myfaces.ERROR_TEMPLATE_RESOURCE' found, using default value 'META-INF/rsc/myfaces-dev-error.xml'.
17-Jan-2015 12:20:47.056 INFO [http-nio-8080-exec-11] org.apache.myfaces.webapp.WebConfigParamsLogger.logWebContextParams No context init parameter 'org.apache.myfaces.DEBUG_TEMPLATE_RESOURCE' found, using default value 'META-INF/rsc/myfaces-dev-debug.xml'.
17-Jan-2015 12:20:47.056 INFO [http-nio-8080-exec-11] org.apache.myfaces.webapp.WebConfigParamsLogger.logWebContextParams No context init parameter 'org.apache.myfaces.ERROR_HANDLING' found, using default value 'false, on Development Project stage: true'.
17-Jan-2015 12:20:47.056 INFO [http-nio-8080-exec-11] org.apache.myfaces.webapp.WebConfigParamsLogger.logWebContextParams No context init parameter 'org.apache.myfaces.HANDLE_STATE_CACHING_MECHANICS' found, using default value 'true'.
17-Jan-2015 12:20:47.056 INFO [http-nio-8080-exec-11] org.apache.myfaces.webapp.WebConfigParamsLogger.logWebContextParams No context init parameter 'org.apache.myfaces.USE_MULTIPLE_JS_FILES_FOR_JSF_UNCOMPRESSED_JS' found, using default value 'false'.
17-Jan-2015 12:20:47.056 INFO [http-nio-8080-exec-11] org.apache.myfaces.webapp.WebConfigParamsLogger.logWebContextParams No context init parameter 'org.apache.myfaces.JSF_JS_MODE' found, using default value 'normal'.
17-Jan-2015 12:20:47.056 INFO [http-nio-8080-exec-11] org.apache.myfaces.webapp.WebConfigParamsLogger.logWebContextParams No context init parameter 'org.apache.myfaces.SERVICE_PROVIDER_FINDER' found.
17-Jan-2015 12:20:47.056 INFO [http-nio-8080-exec-11] org.apache.myfaces.webapp.WebConfigParamsLogger.logWebContextParams No context init parameter 'javax.faces.DISABLE_FACELET_JSF_VIEWHANDLER' found, using default value 'false'.
17-Jan-2015 12:20:47.056 INFO [http-nio-8080-exec-11] org.apache.myfaces.webapp.WebConfigParamsLogger.logWebContextParams No context init parameter 'org.apache.myfaces.SAVE_STATE_WITH_VISIT_TREE_ON_PSS' found, using default value 'true'.
17-Jan-2015 12:20:47.056 INFO [http-nio-8080-exec-11] org.apache.myfaces.webapp.WebConfigParamsLogger.logWebContextParams No context init parameter 'org.apache.myfaces.CHECK_ID_PRODUCTION_MODE' found, using default value 'auto'.
17-Jan-2015 12:20:47.056 INFO [http-nio-8080-exec-11] org.apache.myfaces.webapp.WebConfigParamsLogger.logWebContextParams No context init parameter 'javax.faces.FACELETS_BUFFER_SIZE' found.
17-Jan-2015 12:20:47.056 INFO [http-nio-8080-exec-11] org.apache.myfaces.webapp.WebConfigParamsLogger.logWebContextParams No context init parameter 'facelets.BUFFER_SIZE' found.
17-Jan-2015 12:20:47.057 INFO [http-nio-8080-exec-11] org.apache.myfaces.webapp.WebConfigParamsLogger.logWebContextParams No context init parameter 'javax.faces.FACELETS_DECORATORS' found.
17-Jan-2015 12:20:47.057 INFO [http-nio-8080-exec-11] org.apache.myfaces.webapp.WebConfigParamsLogger.logWebContextParams No context init parameter 'facelets.DECORATORS' found.
17-Jan-2015 12:20:47.057 INFO [http-nio-8080-exec-11] org.apache.myfaces.webapp.WebConfigParamsLogger.logWebContextParams No context init parameter 'javax.faces.FACELETS_LIBRARIES' found.
17-Jan-2015 12:20:47.057 INFO [http-nio-8080-exec-11] org.apache.myfaces.webapp.WebConfigParamsLogger.logWebContextParams No context init parameter 'facelets.LIBRARIES' found.
17-Jan-2015 12:20:47.102 INFO [http-nio-8080-exec-11] org.apache.myfaces.webapp.WebConfigParamsLogger.logWebContextParams No context init parameter 'javax.faces.FACELETS_REFRESH_PERIOD' found, using default value '-1'.
17-Jan-2015 12:20:47.102 INFO [http-nio-8080-exec-11] org.apache.myfaces.webapp.WebConfigParamsLogger.logWebContextParams No context init parameter 'facelets.REFRESH_PERIOD' found, using default value '-1'.
17-Jan-2015 12:20:47.102 INFO [http-nio-8080-exec-11] org.apache.myfaces.webapp.WebConfigParamsLogger.logWebContextParams No context init parameter 'javax.faces.FACELETS_RESOURCE_RESOLVER' found.
17-Jan-2015 12:20:47.102 INFO [http-nio-8080-exec-11] org.apache.myfaces.webapp.WebConfigParamsLogger.logWebContextParams No context init parameter 'facelets.RESOURCE_RESOLVER' found.
17-Jan-2015 12:20:47.102 INFO [http-nio-8080-exec-11] org.apache.myfaces.webapp.WebConfigParamsLogger.logWebContextParams No context init parameter 'javax.faces.FACELETS_SKIP_COMMENTS' found.
17-Jan-2015 12:20:47.102 INFO [http-nio-8080-exec-11] org.apache.myfaces.webapp.WebConfigParamsLogger.logWebContextParams No context init parameter 'facelets.SKIP_COMMENTS' found.
17-Jan-2015 12:20:47.102 INFO [http-nio-8080-exec-11] org.apache.myfaces.webapp.WebConfigParamsLogger.logWebContextParams No context init parameter 'org.apache.myfaces.MARK_INITIAL_STATE_WHEN_APPLY_BUILD_VIEW' found, using default value 'false'.
17-Jan-2015 12:20:47.102 INFO [http-nio-8080-exec-11] org.apache.myfaces.webapp.WebConfigParamsLogger.logWebContextParams No context init parameter 'org.apache.myfaces.WRAP_TAG_EXCEPTIONS_AS_CONTEXT_AWARE' found, using default value 'true'.
17-Jan-2015 12:20:47.102 INFO [http-nio-8080-exec-11] org.apache.myfaces.webapp.WebConfigParamsLogger.logWebContextParams No context init parameter 'org.apache.myfaces.CACHE_EL_EXPRESSIONS' found, using default value 'noCache'.
17-Jan-2015 12:20:47.102 INFO [http-nio-8080-exec-11] org.apache.myfaces.webapp.WebConfigParamsLogger.logWebContextParams No context init parameter 'org.apache.myfaces.EXPRESSION_FACTORY' found.
17-Jan-2015 12:20:47.102 INFO [http-nio-8080-exec-11] org.apache.myfaces.webapp.WebConfigParamsLogger.logWebContextParams No context init parameter 'org.apache.myfaces.INITIALIZE_ALWAYS_STANDALONE' found, using default value 'false'.
17-Jan-2015 12:20:47.103 INFO [http-nio-8080-exec-11] org.apache.myfaces.webapp.WebConfigParamsLogger.logWebContextParams No context init parameter 'org.apache.myfaces.LOG_WEB_CONTEXT_PARAMS' found, using default value 'auto'.
17-Jan-2015 12:20:47.103 INFO [http-nio-8080-exec-11] org.apache.myfaces.webapp.WebConfigParamsLogger.logWebContextParams No context init parameter 'org.apache.myfaces.FACES_INITIALIZER' found.
17-Jan-2015 12:20:47.103 INFO [http-nio-8080-exec-11] org.apache.myfaces.webapp.WebConfigParamsLogger.logWebContextParams No context init parameter 'org.apache.myfaces.FACES_INIT_PLUGINS' found.
17-Jan-2015 12:20:47.103 INFO [http-nio-8080-exec-11] org.apache.myfaces.webapp.WebConfigParamsLogger.logWebContextParams No context init parameter 'org.apache.myfaces.RESOURCE_VIRTUAL_PATH' found.
17-Jan-2015 12:20:47.103 INFO [http-nio-8080-exec-11] org.apache.myfaces.webapp.WebConfigParamsLogger.logWebContextParams No context init parameter 'org.apache.myfaces.DETECT_JAVASCRIPT' found, using default value 'false'.
17-Jan-2015 12:20:47.103 INFO [http-nio-8080-exec-11] org.apache.myfaces.webapp.WebConfigParamsLogger.logWebContextParams No context init parameter 'org.apache.myfaces.AUTO_SCROLL' found, using default value 'false'.
17-Jan-2015 12:20:47.136 INFO [http-nio-8080-exec-11] org.apache.myfaces.webapp.WebConfigParamsLogger.logWebContextParams No context init parameter 'org.apache.myfaces.ADD_RESOURCE_CLASS' found, using default value 'org.apache.myfaces. renderkit.html.util. DefaultAddResource'.
17-Jan-2015 12:20:47.137 INFO [http-nio-8080-exec-11] org.apache.myfaces.webapp.WebConfigParamsLogger.logWebContextParams No context init parameter 'org.apache.myfaces.CHECK_EXTENSIONS_FILTER' found, using default value 'for JSF 2.0 since 1.1.11 false, otherwise true'.
17-Jan-2015 12:20:47.137 INFO [http-nio-8080-exec-11] org.apache.myfaces.webapp.WebConfigParamsLogger.logWebContextParams No context init parameter 'org.apache.myfaces.READONLY_AS_DISABLED_FOR_SELECTS' found, using default value 'true'.
17-Jan-2015 12:20:47.137 INFO [http-nio-8080-exec-11] org.apache.myfaces.util.ExternalSpecifications.isUnifiedELAvailable MyFaces Unified EL support enabled
17-Jan-2015 12:20:47.137 WARNING [http-nio-8080-exec-11] org.apache.myfaces.webapp.AbstractFacesInitializer.initFaces 

*******************************************************************
*** WARNING: Apache MyFaces-2 is running in DEVELOPMENT mode.   ***
***                                         ^^^^^^^^^^^         ***
*** Do NOT deploy to your live server(s) without changing this. ***
*** See Application#getProjectStage() for more information.     ***
*******************************************************************

17-Jan-2015 12:20:47.767 INFO [http-nio-8080-exec-11] org.apache.catalina.startup.HostConfig.deployDescriptor Deployment of configuration descriptor /home/dev/DevServer/apache-tomcat-8.0.15/conf/Catalina/localhost/spoverwaltung.xml has finished in 17,642 ms
17-Jan-2015 12:20:47.798 INFO [http-nio-8080-exec-7] org.apache.catalina.util.LifecycleBase.start The start() method was called on component [StandardEngine[Catalina].StandardHost[localhost].StandardContext[/spoverwaltung]] after start() had already been called. The second call will be ignored.
