19-Jan-2015 00:34:17.702 INFO [main] org.apache.catalina.startup.VersionLoggerListener.log Server version:        Apache Tomcat/8.0.15
19-Jan-2015 00:34:17.705 INFO [main] org.apache.catalina.startup.VersionLoggerListener.log Server built:          Nov 2 2014 19:25:20 UTC
19-Jan-2015 00:34:17.705 INFO [main] org.apache.catalina.startup.VersionLoggerListener.log Server number:         8.0.15.0
19-Jan-2015 00:34:17.705 INFO [main] org.apache.catalina.startup.VersionLoggerListener.log OS Name:               Linux
19-Jan-2015 00:34:17.705 INFO [main] org.apache.catalina.startup.VersionLoggerListener.log OS Version:            3.13.0-40-generic
19-Jan-2015 00:34:17.706 INFO [main] org.apache.catalina.startup.VersionLoggerListener.log Architecture:          amd64
19-Jan-2015 00:34:17.709 INFO [main] org.apache.catalina.startup.VersionLoggerListener.log JAVA_HOME:             /usr/lib/jvm/java-7-openjdk-amd64/jre
19-Jan-2015 00:34:17.709 INFO [main] org.apache.catalina.startup.VersionLoggerListener.log JVM Version:           1.7.0_65-b32
19-Jan-2015 00:34:17.709 INFO [main] org.apache.catalina.startup.VersionLoggerListener.log JVM Vendor:            Oracle Corporation
19-Jan-2015 00:34:17.709 INFO [main] org.apache.catalina.startup.VersionLoggerListener.log CATALINA_BASE:         /home/dev/DevServer/apache-tomcat-8.0.15
19-Jan-2015 00:34:17.709 INFO [main] org.apache.catalina.startup.VersionLoggerListener.log CATALINA_HOME:         /home/dev/DevServer/apache-tomcat-8.0.15
19-Jan-2015 00:34:17.710 INFO [main] org.apache.catalina.startup.VersionLoggerListener.log Command line argument: -Djava.util.logging.config.file=/home/dev/DevServer/apache-tomcat-8.0.15/conf/logging.properties
19-Jan-2015 00:34:17.710 INFO [main] org.apache.catalina.startup.VersionLoggerListener.log Command line argument: -Djava.util.logging.manager=org.apache.juli.ClassLoaderLogManager
19-Jan-2015 00:34:17.710 INFO [main] org.apache.catalina.startup.VersionLoggerListener.log Command line argument: -Dhttp.nonProxyHosts=localhost|127.0.0.1|DEVBox
19-Jan-2015 00:34:17.710 INFO [main] org.apache.catalina.startup.VersionLoggerListener.log Command line argument: -Djava.endorsed.dirs=/home/dev/DevServer/apache-tomcat-8.0.15/endorsed
19-Jan-2015 00:34:17.710 INFO [main] org.apache.catalina.startup.VersionLoggerListener.log Command line argument: -Dcatalina.base=/home/dev/DevServer/apache-tomcat-8.0.15
19-Jan-2015 00:34:17.711 INFO [main] org.apache.catalina.startup.VersionLoggerListener.log Command line argument: -Dcatalina.home=/home/dev/DevServer/apache-tomcat-8.0.15
19-Jan-2015 00:34:17.711 INFO [main] org.apache.catalina.startup.VersionLoggerListener.log Command line argument: -Djava.io.tmpdir=/home/dev/DevServer/apache-tomcat-8.0.15/temp
19-Jan-2015 00:34:17.711 INFO [main] org.apache.catalina.core.AprLifecycleListener.lifecycleEvent The APR based Apache Tomcat Native library which allows optimal performance in production environments was not found on the java.library.path: /usr/lib/jvm/java-7-openjdk-amd64/jre/lib/amd64:/usr/lib/jvm/java-7-openjdk-amd64/jre/lib/i386::/usr/java/packages/lib/amd64:/usr/lib/x86_64-linux-gnu/jni:/lib/x86_64-linux-gnu:/usr/lib/x86_64-linux-gnu:/usr/lib/jni:/lib:/usr/lib
19-Jan-2015 00:34:19.018 INFO [main] org.apache.coyote.AbstractProtocol.init Initializing ProtocolHandler ["http-nio-8080"]
19-Jan-2015 00:34:19.169 INFO [main] org.apache.tomcat.util.net.NioSelectorPool.getSharedSelector Using a shared selector for servlet write/read
19-Jan-2015 00:34:19.182 INFO [main] org.apache.coyote.AbstractProtocol.init Initializing ProtocolHandler ["ajp-nio-8009"]
19-Jan-2015 00:34:19.185 INFO [main] org.apache.tomcat.util.net.NioSelectorPool.getSharedSelector Using a shared selector for servlet write/read
19-Jan-2015 00:34:19.206 INFO [main] org.apache.catalina.startup.Catalina.load Initialization processed in 4204 ms
19-Jan-2015 00:34:19.452 INFO [main] org.apache.catalina.core.StandardService.startInternal Starting service Catalina
19-Jan-2015 00:34:19.453 INFO [main] org.apache.catalina.core.StandardEngine.startInternal Starting Servlet Engine: Apache Tomcat/8.0.15
19-Jan-2015 00:34:19.490 INFO [localhost-startStop-1] org.apache.catalina.startup.HostConfig.deployDescriptor Deploying configuration descriptor /home/dev/DevServer/apache-tomcat-8.0.15/conf/Catalina/localhost/spoverwaltung.xml
19-Jan-2015 00:34:19.744 WARNING [localhost-startStop-1] org.apache.catalina.startup.SetContextPropertiesRule.begin [SetContextPropertiesRule]{Context} Setting property 'antiJARLocking' to 'true' did not find a matching property.
19-Jan-2015 00:34:25.974 INFO [localhost-startStop-1] null.null Reading standard config META-INF/standard-faces-config.xml
19-Jan-2015 00:34:26.677 INFO [localhost-startStop-1] null.null Reading config /WEB-INF/faces-config.xml
19-Jan-2015 00:34:27.334 INFO [localhost-startStop-1] null.null Reading config : jar:file:/home/dev/NetBeansProjects/SPOSys/target/spoverwaltung/WEB-INF/lib/tomahawk20-1.1.14.jar!/META-INF/faces-config.xml
19-Jan-2015 00:34:27.421 INFO [localhost-startStop-1] null.null Artifact 'myfaces-api' was found in version '2.1.10' from path 'file:/home/dev/NetBeansProjects/SPOSys/target/spoverwaltung/WEB-INF/lib/myfaces-api-2.1.10.jar'
19-Jan-2015 00:34:27.422 INFO [localhost-startStop-1] null.null Artifact 'myfaces-impl' was found in version '2.1.10' from path 'file:/home/dev/NetBeansProjects/SPOSys/target/spoverwaltung/WEB-INF/lib/myfaces-impl-2.1.10.jar'
19-Jan-2015 00:34:27.423 INFO [localhost-startStop-1] null.null Artifact 'tomahawk20' was found in version '1.1.14' from path 'file:/home/dev/NetBeansProjects/SPOSys/target/spoverwaltung/WEB-INF/lib/tomahawk20-1.1.14.jar'
19-Jan-2015 00:34:27.538 INFO [localhost-startStop-1] null.null MyFaces Bean Validation support disabled
19-Jan-2015 00:34:27.782 INFO [localhost-startStop-1] null.null Serialization provider : class org.apache.myfaces.shared_impl.util.serial.DefaultSerialFactory
19-Jan-2015 00:34:27.807 INFO [localhost-startStop-1] null.null Using LifecycleProvider org.apache.myfaces.config.annotation.Tomcat7AnnotationLifecycleProvider
19-Jan-2015 00:34:27.932 INFO [localhost-startStop-1] null.null ServletContext initialized.
19-Jan-2015 00:34:27.935 INFO [localhost-startStop-1] null.null Starting up Tomahawk on the MyFaces-JSF-Implementation
19-Jan-2015 00:34:27.937 INFO [localhost-startStop-1] null.null Scanning for context init parameters not defined. It is not necessary to define them all into your web.xml, they are just provided here for informative purposes. To disable this messages set org.apache.myfaces.LOG_WEB_CONTEXT_PARAMS config param to 'false'
19-Jan-2015 00:34:27.937 INFO [localhost-startStop-1] null.null No context init parameter 'javax.faces.RESOURCE_EXCLUDES' found, using default value '.class .jsp .jspx .properties .xhtml .groovy'.
19-Jan-2015 00:34:27.945 INFO [localhost-startStop-1] null.null No context init parameter 'javax.faces.FULL_STATE_SAVING_VIEW_IDS' found.
19-Jan-2015 00:34:27.945 INFO [localhost-startStop-1] null.null No context init parameter 'javax.faces.PARTIAL_STATE_SAVING' found, using default value 'true (false with 1.2 webapps)'.
19-Jan-2015 00:34:27.945 INFO [localhost-startStop-1] null.null No context init parameter 'javax.faces.DEFAULT_SUFFIX' found, using default value '.xhtml .view.xml .jsp'.
19-Jan-2015 00:34:27.946 INFO [localhost-startStop-1] null.null No context init parameter 'javax.faces.FACELETS_SUFFIX' found, using default value '.xhtml'.
19-Jan-2015 00:34:27.946 INFO [localhost-startStop-1] null.null No context init parameter 'javax.faces.FACELETS_VIEW_MAPPINGS' found.
19-Jan-2015 00:34:27.946 INFO [localhost-startStop-1] null.null No context init parameter 'javax.faces.HONOR_CURRENT_COMPONENT_ATTRIBUTES' found, using default value 'false'.
19-Jan-2015 00:34:27.946 INFO [localhost-startStop-1] null.null No context init parameter 'javax.faces.VALIDATE_EMPTY_FIELDS' found, using default value 'auto'.
19-Jan-2015 00:34:27.947 INFO [localhost-startStop-1] null.null No context init parameter 'org.apache.myfaces.ENUM_CONVERTER_ALLOW_STRING_PASSTROUGH' found, using default value 'false'.
19-Jan-2015 00:34:27.947 INFO [localhost-startStop-1] null.null No context init parameter 'javax.faces.validator.DISABLE_DEFAULT_BEAN_VALIDATOR' found, using default value 'true'.
19-Jan-2015 00:34:27.947 INFO [localhost-startStop-1] null.null No context init parameter 'javax.faces.CONFIG_FILES' found.
19-Jan-2015 00:34:27.948 INFO [localhost-startStop-1] null.null No context init parameter 'javax.faces.LIFECYCLE_ID' found.
19-Jan-2015 00:34:27.948 INFO [localhost-startStop-1] null.null No context init parameter 'org.apache.myfaces.ERROR_HANDLER' found.
19-Jan-2015 00:34:27.948 INFO [localhost-startStop-1] null.null No context init parameter 'org.apache.myfaces.CHECKED_VIEWID_CACHE_SIZE' found, using default value '500'.
19-Jan-2015 00:34:27.948 INFO [localhost-startStop-1] null.null No context init parameter 'org.apache.myfaces.CHECKED_VIEWID_CACHE_ENABLED' found, using default value 'true'.
19-Jan-2015 00:34:27.949 INFO [localhost-startStop-1] null.null No context init parameter 'org.apache.myfaces.PRETTY_HTML' found, using default value 'true'.
19-Jan-2015 00:34:27.950 INFO [localhost-startStop-1] null.null No context init parameter 'org.apache.myfaces.ALLOW_JAVASCRIPT' found, using default value 'true'.
19-Jan-2015 00:34:27.950 INFO [localhost-startStop-1] null.null No context init parameter 'org.apache.myfaces.CONFIG_REFRESH_PERIOD' found, using default value '2'.
19-Jan-2015 00:34:27.950 INFO [localhost-startStop-1] null.null No context init parameter 'org.apache.myfaces.VIEWSTATE_JAVASCRIPT' found, using default value 'false'.
19-Jan-2015 00:34:27.951 INFO [localhost-startStop-1] null.null No context init parameter 'org.apache.myfaces.RENDER_VIEWSTATE_ID' found, using default value 'true'.
19-Jan-2015 00:34:27.951 INFO [localhost-startStop-1] null.null No context init parameter 'org.apache.myfaces.STRICT_XHTML_LINKS' found, using default value 'true'.
19-Jan-2015 00:34:27.951 INFO [localhost-startStop-1] null.null No context init parameter 'org.apache.myfaces.RENDER_CLEAR_JAVASCRIPT_FOR_BUTTON' found, using default value 'false'.
19-Jan-2015 00:34:27.951 INFO [localhost-startStop-1] null.null No context init parameter 'org.apache.myfaces.RENDER_HIDDEN_FIELDS_FOR_LINK_PARAMS' found, using default value 'false'.
19-Jan-2015 00:34:27.951 INFO [localhost-startStop-1] null.null No context init parameter 'org.apache.myfaces.SAVE_FORM_SUBMIT_LINK_IE' found, using default value 'false'.
19-Jan-2015 00:34:27.954 INFO [localhost-startStop-1] null.null No context init parameter 'org.apache.myfaces.DELEGATE_FACES_SERVLET' found.
19-Jan-2015 00:34:27.954 INFO [localhost-startStop-1] null.null No context init parameter 'org.apache.myfaces.REFRESH_TRANSIENT_BUILD_ON_PSS' found, using default value 'auto'.
19-Jan-2015 00:34:27.954 INFO [localhost-startStop-1] null.null No context init parameter 'org.apache.myfaces.REFRESH_TRANSIENT_BUILD_ON_PSS_PRESERVE_STATE' found, using default value 'false'.
19-Jan-2015 00:34:27.954 INFO [localhost-startStop-1] null.null No context init parameter 'org.apache.myfaces.VALIDATE_XML' found.
19-Jan-2015 00:34:27.954 INFO [localhost-startStop-1] null.null No context init parameter 'org.apache.myfaces.WRAP_SCRIPT_CONTENT_WITH_XML_COMMENT_TAG' found, using default value 'true'.
19-Jan-2015 00:34:27.955 INFO [localhost-startStop-1] null.null No context init parameter 'org.apache.myfaces.RENDER_FORM_SUBMIT_SCRIPT_INLINE' found, using default value 'false'.
19-Jan-2015 00:34:27.955 INFO [localhost-startStop-1] null.null No context init parameter 'org.apache.myfaces.DEBUG_PHASE_LISTENER' found.
19-Jan-2015 00:34:27.955 INFO [localhost-startStop-1] null.null No context init parameter 'org.apache.myfaces.STRICT_JSF_2_REFRESH_TARGET_AJAX' found, using default value 'false'.
19-Jan-2015 00:34:27.955 INFO [localhost-startStop-1] null.null No context init parameter 'org.apache.myfaces.STRICT_JSF_2_CC_EL_RESOLVER' found, using default value 'false'.
19-Jan-2015 00:34:27.955 INFO [localhost-startStop-1] null.null No context init parameter 'org.apache.myfaces.DEFAULT_RESPONSE_WRITER_CONTENT_TYPE_MODE' found, using default value 'text/html'.
19-Jan-2015 00:34:27.956 INFO [localhost-startStop-1] null.null No context init parameter 'org.apache.myfaces.VIEW_UNIQUE_IDS_CACHE_ENABLED' found, using default value 'false'.
19-Jan-2015 00:34:27.956 INFO [localhost-startStop-1] null.null No context init parameter 'org.apache.myfaces.COMPONENT_UNIQUE_IDS_CACHE_SIZE' found, using default value '100'.
19-Jan-2015 00:34:27.956 INFO [localhost-startStop-1] null.null No context init parameter 'org.apache.myfaces.SUPPORT_JSP_AND_FACES_EL' found, using default value 'true'.
19-Jan-2015 00:34:27.956 INFO [localhost-startStop-1] null.null No context init parameter 'org.apache.myfaces.GAE_JSF_JAR_FILES' found.
19-Jan-2015 00:34:27.956 INFO [localhost-startStop-1] null.null No context init parameter 'org.apache.myfaces.GAE_JSF_ANNOTATIONS_JAR_FILES' found.
19-Jan-2015 00:34:27.956 INFO [localhost-startStop-1] org.apache.myfaces.webapp.WebConfigParamsLogger.logWebContextParams No context init parameter 'org.apache.myfaces.FLASH_SCOPE_DISABLED' found, using default value 'false'.
19-Jan-2015 00:34:27.956 INFO [localhost-startStop-1] org.apache.myfaces.webapp.WebConfigParamsLogger.logWebContextParams No context init parameter 'org.apache.myfaces.RESOURCE_MAX_TIME_EXPIRES' found, using default value '604800000'.
19-Jan-2015 00:34:27.956 INFO [localhost-startStop-1] org.apache.myfaces.webapp.WebConfigParamsLogger.logWebContextParams No context init parameter 'org.apache.myfaces.RESOURCE_HANDLER_CACHE_SIZE' found, using default value '500'.
19-Jan-2015 00:34:27.956 INFO [localhost-startStop-1] org.apache.myfaces.webapp.WebConfigParamsLogger.logWebContextParams No context init parameter 'org.apache.myfaces.RESOURCE_HANDLER_CACHE_ENABLED' found, using default value 'true'.
19-Jan-2015 00:34:27.957 INFO [localhost-startStop-1] org.apache.myfaces.webapp.WebConfigParamsLogger.logWebContextParams No context init parameter 'org.apache.myfaces.USE_ENCRYPTION' found, using default value 'true'.
19-Jan-2015 00:34:27.957 INFO [localhost-startStop-1] org.apache.myfaces.webapp.WebConfigParamsLogger.logWebContextParams No context init parameter 'org.apache.myfaces.SECRET' found.
19-Jan-2015 00:34:27.957 INFO [localhost-startStop-1] org.apache.myfaces.webapp.WebConfigParamsLogger.logWebContextParams No context init parameter 'org.apache.myfaces.ALGORITHM' found, using default value 'DES'.
19-Jan-2015 00:34:27.957 INFO [localhost-startStop-1] org.apache.myfaces.webapp.WebConfigParamsLogger.logWebContextParams No context init parameter 'org.apache.myfaces.SECRET.CACHE' found.
19-Jan-2015 00:34:27.957 INFO [localhost-startStop-1] org.apache.myfaces.webapp.WebConfigParamsLogger.logWebContextParams No context init parameter 'org.apache.myfaces.ALGORITHM.IV' found.
19-Jan-2015 00:34:27.957 INFO [localhost-startStop-1] org.apache.myfaces.webapp.WebConfigParamsLogger.logWebContextParams No context init parameter 'org.apache.myfaces.ALGORITHM.PARAMETERS' found, using default value 'ECB/PKCS5Padding'.
19-Jan-2015 00:34:27.957 INFO [localhost-startStop-1] org.apache.myfaces.webapp.WebConfigParamsLogger.logWebContextParams No context init parameter 'org.apache.myfaces.SERIAL_FACTORY' found.
19-Jan-2015 00:34:27.957 INFO [localhost-startStop-1] org.apache.myfaces.webapp.WebConfigParamsLogger.logWebContextParams No context init parameter 'org.apache.myfaces.COMPRESS_STATE_IN_CLIENT' found, using default value 'false'.
19-Jan-2015 00:34:27.957 INFO [localhost-startStop-1] org.apache.myfaces.webapp.WebConfigParamsLogger.logWebContextParams No context init parameter 'org.apache.myfaces.MAC_ALGORITHM' found, using default value 'HmacSHA1'.
19-Jan-2015 00:34:27.957 INFO [localhost-startStop-1] org.apache.myfaces.webapp.WebConfigParamsLogger.logWebContextParams No context init parameter 'org.apache.myfaces.MAC_SECRET' found.
19-Jan-2015 00:34:27.957 INFO [localhost-startStop-1] org.apache.myfaces.webapp.WebConfigParamsLogger.logWebContextParams No context init parameter 'org.apache.myfaces.MAC_SECRET.CACHE' found.
19-Jan-2015 00:34:27.957 INFO [localhost-startStop-1] org.apache.myfaces.webapp.WebConfigParamsLogger.logWebContextParams No context init parameter 'javax.faces.DATETIMECONVERTER_DEFAULT_TIMEZONE_IS_SYSTEM_TIMEZONE' found, using default value 'false'.
19-Jan-2015 00:34:27.957 INFO [localhost-startStop-1] org.apache.myfaces.webapp.WebConfigParamsLogger.logWebContextParams No context init parameter 'org.apache.myfaces.LAZY_LOAD_CONFIG_OBJECTS' found, using default value 'true'.
19-Jan-2015 00:34:27.957 INFO [localhost-startStop-1] org.apache.myfaces.webapp.WebConfigParamsLogger.logWebContextParams No context init parameter 'org.apache.myfaces.STRICT_JSF_2_ALLOW_SLASH_LIBRARY_NAME' found, using default value 'false'.
19-Jan-2015 00:34:27.957 INFO [localhost-startStop-1] org.apache.myfaces.webapp.WebConfigParamsLogger.logWebContextParams No context init parameter 'org.apache.myfaces.RESOURCE_BUFFER_SIZE' found, using default value '2048'.
19-Jan-2015 00:34:27.957 INFO [localhost-startStop-1] org.apache.myfaces.webapp.WebConfigParamsLogger.logWebContextParams No context init parameter 'org.apache.myfaces.CLIENT_VIEW_STATE_TIMEOUT' found, using default value '0'.
19-Jan-2015 00:34:27.957 INFO [localhost-startStop-1] org.apache.myfaces.webapp.WebConfigParamsLogger.logWebContextParams No context init parameter 'org.apache.myfaces.NUMBER_OF_SEQUENTIAL_VIEWS_IN_SESSION' found.
19-Jan-2015 00:34:27.960 INFO [localhost-startStop-1] null.null No context init parameter 'org.apache.myfaces.CACHE_OLD_VIEWS_IN_SESSION_MODE' found, using default value 'off'.
19-Jan-2015 00:34:27.961 INFO [localhost-startStop-1] null.null No context init parameter 'org.apache.myfaces.USE_FLASH_SCOPE_PURGE_VIEWS_IN_SESSION' found, using default value 'false'.
19-Jan-2015 00:34:27.962 INFO [localhost-startStop-1] null.null No context init parameter 'org.apache.myfaces.RANDOM_KEY_IN_VIEW_STATE_SESSION_TOKEN' found, using default value 'none'.
19-Jan-2015 00:34:27.962 INFO [localhost-startStop-1] null.null No context init parameter 'org.apache.myfaces.RANDOM_KEY_IN_VIEW_STATE_SESSION_TOKEN_LENGTH' found, using default value '8'.
19-Jan-2015 00:34:27.962 INFO [localhost-startStop-1] null.null No context init parameter 'org.apache.myfaces.RANDOM_KEY_IN_VIEW_STATE_SESSION_TOKEN_SECURE_RANDOM_CLASS' found.
19-Jan-2015 00:34:27.962 INFO [localhost-startStop-1] org.apache.myfaces.webapp.WebConfigParamsLogger.logWebContextParams No context init parameter 'org.apache.myfaces.RANDOM_KEY_IN_VIEW_STATE_SESSION_TOKEN_SECURE_RANDOM_PROVIDER' found.
19-Jan-2015 00:34:27.962 INFO [localhost-startStop-1] org.apache.myfaces.webapp.WebConfigParamsLogger.logWebContextParams No context init parameter 'org.apache.myfaces.RANDOM_KEY_IN_VIEW_STATE_SESSION_TOKEN_SECURE_RANDOM_ALGORITM' found, using default value 'SHA1PRNG'.
19-Jan-2015 00:34:27.962 INFO [localhost-startStop-1] org.apache.myfaces.webapp.WebConfigParamsLogger.logWebContextParams No context init parameter 'org.apache.myfaces.VALIDATE' found, using default value 'false'.
19-Jan-2015 00:34:27.962 INFO [localhost-startStop-1] org.apache.myfaces.webapp.WebConfigParamsLogger.logWebContextParams No context init parameter 'org.apache.myfaces.config.annotation.LifecycleProvider' found.
19-Jan-2015 00:34:27.962 INFO [localhost-startStop-1] org.apache.myfaces.webapp.WebConfigParamsLogger.logWebContextParams No context init parameter 'org.apache.myfaces.EL_RESOLVER_COMPARATOR' found.
19-Jan-2015 00:34:27.962 INFO [localhost-startStop-1] org.apache.myfaces.webapp.WebConfigParamsLogger.logWebContextParams No context init parameter 'org.apache.myfaces.EL_RESOLVER_PREDICATE' found.
19-Jan-2015 00:34:27.962 INFO [localhost-startStop-1] org.apache.myfaces.webapp.WebConfigParamsLogger.logWebContextParams No context init parameter 'org.apache.myfaces.CHECKED_VIEWID_CACHE_SIZE' found, using default value '500'.
19-Jan-2015 00:34:27.963 INFO [localhost-startStop-1] org.apache.myfaces.webapp.WebConfigParamsLogger.logWebContextParams No context init parameter 'org.apache.myfaces.CHECKED_VIEWID_CACHE_ENABLED' found, using default value 'true'.
19-Jan-2015 00:34:27.963 INFO [localhost-startStop-1] org.apache.myfaces.webapp.WebConfigParamsLogger.logWebContextParams No context init parameter 'org.apache.myfaces.ERROR_TEMPLATE_RESOURCE' found, using default value 'META-INF/rsc/myfaces-dev-error.xml'.
19-Jan-2015 00:34:27.963 INFO [localhost-startStop-1] org.apache.myfaces.webapp.WebConfigParamsLogger.logWebContextParams No context init parameter 'org.apache.myfaces.DEBUG_TEMPLATE_RESOURCE' found, using default value 'META-INF/rsc/myfaces-dev-debug.xml'.
19-Jan-2015 00:34:27.963 INFO [localhost-startStop-1] org.apache.myfaces.webapp.WebConfigParamsLogger.logWebContextParams No context init parameter 'org.apache.myfaces.ERROR_HANDLING' found, using default value 'false, on Development Project stage: true'.
19-Jan-2015 00:34:27.963 INFO [localhost-startStop-1] org.apache.myfaces.webapp.WebConfigParamsLogger.logWebContextParams No context init parameter 'org.apache.myfaces.HANDLE_STATE_CACHING_MECHANICS' found, using default value 'true'.
19-Jan-2015 00:34:27.963 INFO [localhost-startStop-1] org.apache.myfaces.webapp.WebConfigParamsLogger.logWebContextParams No context init parameter 'org.apache.myfaces.USE_MULTIPLE_JS_FILES_FOR_JSF_UNCOMPRESSED_JS' found, using default value 'false'.
19-Jan-2015 00:34:27.963 INFO [localhost-startStop-1] org.apache.myfaces.webapp.WebConfigParamsLogger.logWebContextParams No context init parameter 'org.apache.myfaces.JSF_JS_MODE' found, using default value 'normal'.
19-Jan-2015 00:34:27.963 INFO [localhost-startStop-1] org.apache.myfaces.webapp.WebConfigParamsLogger.logWebContextParams No context init parameter 'org.apache.myfaces.SERVICE_PROVIDER_FINDER' found.
19-Jan-2015 00:34:27.963 INFO [localhost-startStop-1] org.apache.myfaces.webapp.WebConfigParamsLogger.logWebContextParams No context init parameter 'javax.faces.DISABLE_FACELET_JSF_VIEWHANDLER' found, using default value 'false'.
19-Jan-2015 00:34:27.963 INFO [localhost-startStop-1] org.apache.myfaces.webapp.WebConfigParamsLogger.logWebContextParams No context init parameter 'org.apache.myfaces.SAVE_STATE_WITH_VISIT_TREE_ON_PSS' found, using default value 'true'.
19-Jan-2015 00:34:27.963 INFO [localhost-startStop-1] org.apache.myfaces.webapp.WebConfigParamsLogger.logWebContextParams No context init parameter 'org.apache.myfaces.CHECK_ID_PRODUCTION_MODE' found, using default value 'auto'.
19-Jan-2015 00:34:27.963 INFO [localhost-startStop-1] org.apache.myfaces.webapp.WebConfigParamsLogger.logWebContextParams No context init parameter 'javax.faces.FACELETS_BUFFER_SIZE' found.
19-Jan-2015 00:34:27.963 INFO [localhost-startStop-1] org.apache.myfaces.webapp.WebConfigParamsLogger.logWebContextParams No context init parameter 'facelets.BUFFER_SIZE' found.
19-Jan-2015 00:34:27.963 INFO [localhost-startStop-1] org.apache.myfaces.webapp.WebConfigParamsLogger.logWebContextParams No context init parameter 'javax.faces.FACELETS_DECORATORS' found.
19-Jan-2015 00:34:27.965 INFO [localhost-startStop-1] null.null No context init parameter 'facelets.DECORATORS' found.
19-Jan-2015 00:34:27.972 INFO [localhost-startStop-1] org.apache.myfaces.webapp.WebConfigParamsLogger.logWebContextParams No context init parameter 'javax.faces.FACELETS_LIBRARIES' found.
19-Jan-2015 00:34:27.972 INFO [localhost-startStop-1] org.apache.myfaces.webapp.WebConfigParamsLogger.logWebContextParams No context init parameter 'facelets.LIBRARIES' found.
19-Jan-2015 00:34:27.972 INFO [localhost-startStop-1] org.apache.myfaces.webapp.WebConfigParamsLogger.logWebContextParams No context init parameter 'javax.faces.FACELETS_REFRESH_PERIOD' found, using default value '-1'.
19-Jan-2015 00:34:27.972 INFO [localhost-startStop-1] org.apache.myfaces.webapp.WebConfigParamsLogger.logWebContextParams No context init parameter 'facelets.REFRESH_PERIOD' found, using default value '-1'.
19-Jan-2015 00:34:27.972 INFO [localhost-startStop-1] org.apache.myfaces.webapp.WebConfigParamsLogger.logWebContextParams No context init parameter 'javax.faces.FACELETS_RESOURCE_RESOLVER' found.
19-Jan-2015 00:34:27.972 INFO [localhost-startStop-1] org.apache.myfaces.webapp.WebConfigParamsLogger.logWebContextParams No context init parameter 'facelets.RESOURCE_RESOLVER' found.
19-Jan-2015 00:34:27.972 INFO [localhost-startStop-1] org.apache.myfaces.webapp.WebConfigParamsLogger.logWebContextParams No context init parameter 'javax.faces.FACELETS_SKIP_COMMENTS' found.
19-Jan-2015 00:34:27.972 INFO [localhost-startStop-1] org.apache.myfaces.webapp.WebConfigParamsLogger.logWebContextParams No context init parameter 'facelets.SKIP_COMMENTS' found.
19-Jan-2015 00:34:27.972 INFO [localhost-startStop-1] org.apache.myfaces.webapp.WebConfigParamsLogger.logWebContextParams No context init parameter 'org.apache.myfaces.MARK_INITIAL_STATE_WHEN_APPLY_BUILD_VIEW' found, using default value 'false'.
19-Jan-2015 00:34:27.973 INFO [localhost-startStop-1] org.apache.myfaces.webapp.WebConfigParamsLogger.logWebContextParams No context init parameter 'org.apache.myfaces.WRAP_TAG_EXCEPTIONS_AS_CONTEXT_AWARE' found, using default value 'true'.
19-Jan-2015 00:34:27.973 INFO [localhost-startStop-1] org.apache.myfaces.webapp.WebConfigParamsLogger.logWebContextParams No context init parameter 'org.apache.myfaces.CACHE_EL_EXPRESSIONS' found, using default value 'noCache'.
19-Jan-2015 00:34:27.973 INFO [localhost-startStop-1] org.apache.myfaces.webapp.WebConfigParamsLogger.logWebContextParams No context init parameter 'org.apache.myfaces.EXPRESSION_FACTORY' found.
19-Jan-2015 00:34:27.973 INFO [localhost-startStop-1] org.apache.myfaces.webapp.WebConfigParamsLogger.logWebContextParams No context init parameter 'org.apache.myfaces.INITIALIZE_ALWAYS_STANDALONE' found, using default value 'false'.
19-Jan-2015 00:34:27.973 INFO [localhost-startStop-1] org.apache.myfaces.webapp.WebConfigParamsLogger.logWebContextParams No context init parameter 'org.apache.myfaces.LOG_WEB_CONTEXT_PARAMS' found, using default value 'auto'.
19-Jan-2015 00:34:27.973 INFO [localhost-startStop-1] org.apache.myfaces.webapp.WebConfigParamsLogger.logWebContextParams No context init parameter 'org.apache.myfaces.FACES_INITIALIZER' found.
19-Jan-2015 00:34:27.973 INFO [localhost-startStop-1] org.apache.myfaces.webapp.WebConfigParamsLogger.logWebContextParams No context init parameter 'org.apache.myfaces.FACES_INIT_PLUGINS' found.
19-Jan-2015 00:34:27.973 INFO [localhost-startStop-1] org.apache.myfaces.webapp.WebConfigParamsLogger.logWebContextParams No context init parameter 'org.apache.myfaces.RESOURCE_VIRTUAL_PATH' found.
19-Jan-2015 00:34:27.973 INFO [localhost-startStop-1] org.apache.myfaces.webapp.WebConfigParamsLogger.logWebContextParams No context init parameter 'org.apache.myfaces.DETECT_JAVASCRIPT' found, using default value 'false'.
19-Jan-2015 00:34:27.973 INFO [localhost-startStop-1] org.apache.myfaces.webapp.WebConfigParamsLogger.logWebContextParams No context init parameter 'org.apache.myfaces.AUTO_SCROLL' found, using default value 'false'.
19-Jan-2015 00:34:27.973 INFO [localhost-startStop-1] org.apache.myfaces.webapp.WebConfigParamsLogger.logWebContextParams No context init parameter 'org.apache.myfaces.ADD_RESOURCE_CLASS' found, using default value 'org.apache.myfaces. renderkit.html.util. DefaultAddResource'.
19-Jan-2015 00:34:27.973 INFO [localhost-startStop-1] org.apache.myfaces.webapp.WebConfigParamsLogger.logWebContextParams No context init parameter 'org.apache.myfaces.CHECK_EXTENSIONS_FILTER' found, using default value 'for JSF 2.0 since 1.1.11 false, otherwise true'.
19-Jan-2015 00:34:27.973 INFO [localhost-startStop-1] org.apache.myfaces.webapp.WebConfigParamsLogger.logWebContextParams No context init parameter 'org.apache.myfaces.READONLY_AS_DISABLED_FOR_SELECTS' found, using default value 'true'.
19-Jan-2015 00:34:27.974 INFO [localhost-startStop-1] org.apache.myfaces.util.ExternalSpecifications.isUnifiedELAvailable MyFaces Unified EL support enabled
19-Jan-2015 00:34:27.974 WARNING [localhost-startStop-1] org.apache.myfaces.webapp.AbstractFacesInitializer.initFaces 

*******************************************************************
*** WARNING: Apache MyFaces-2 is running in DEVELOPMENT mode.   ***
***                                         ^^^^^^^^^^^         ***
*** Do NOT deploy to your live server(s) without changing this. ***
*** See Application#getProjectStage() for more information.     ***
*******************************************************************

19-Jan-2015 00:34:28.166 INFO [localhost-startStop-1] org.apache.catalina.startup.HostConfig.deployDescriptor Deployment of configuration descriptor /home/dev/DevServer/apache-tomcat-8.0.15/conf/Catalina/localhost/spoverwaltung.xml has finished in 8,677 ms
19-Jan-2015 00:34:28.173 INFO [localhost-startStop-1] org.apache.catalina.startup.HostConfig.deployDirectory Deploying web application directory /home/dev/DevServer/apache-tomcat-8.0.15/webapps/manager
19-Jan-2015 00:34:28.322 INFO [localhost-startStop-1] org.apache.catalina.startup.HostConfig.deployDirectory Deployment of web application directory /home/dev/DevServer/apache-tomcat-8.0.15/webapps/manager has finished in 150 ms
19-Jan-2015 00:34:28.325 INFO [localhost-startStop-1] org.apache.catalina.startup.HostConfig.deployDirectory Deploying web application directory /home/dev/DevServer/apache-tomcat-8.0.15/webapps/docs
19-Jan-2015 00:34:28.372 INFO [localhost-startStop-1] org.apache.catalina.startup.HostConfig.deployDirectory Deployment of web application directory /home/dev/DevServer/apache-tomcat-8.0.15/webapps/docs has finished in 47 ms
19-Jan-2015 00:34:28.372 INFO [localhost-startStop-1] org.apache.catalina.startup.HostConfig.deployDirectory Deploying web application directory /home/dev/DevServer/apache-tomcat-8.0.15/webapps/host-manager
19-Jan-2015 00:34:28.498 INFO [localhost-startStop-1] org.apache.catalina.startup.HostConfig.deployDirectory Deployment of web application directory /home/dev/DevServer/apache-tomcat-8.0.15/webapps/host-manager has finished in 126 ms
19-Jan-2015 00:34:28.498 INFO [localhost-startStop-1] org.apache.catalina.startup.HostConfig.deployDirectory Deploying web application directory /home/dev/DevServer/apache-tomcat-8.0.15/webapps/ROOT
19-Jan-2015 00:34:28.558 INFO [localhost-startStop-1] org.apache.catalina.startup.HostConfig.deployDirectory Deployment of web application directory /home/dev/DevServer/apache-tomcat-8.0.15/webapps/ROOT has finished in 60 ms
19-Jan-2015 00:34:28.560 INFO [localhost-startStop-1] org.apache.catalina.startup.HostConfig.deployDirectory Deploying web application directory /home/dev/DevServer/apache-tomcat-8.0.15/webapps/examples
19-Jan-2015 00:34:29.304 INFO [localhost-startStop-1] org.apache.catalina.startup.HostConfig.deployDirectory Deployment of web application directory /home/dev/DevServer/apache-tomcat-8.0.15/webapps/examples has finished in 744 ms
19-Jan-2015 00:34:29.312 INFO [main] org.apache.coyote.AbstractProtocol.start Starting ProtocolHandler ["http-nio-8080"]
19-Jan-2015 00:34:29.321 INFO [main] org.apache.coyote.AbstractProtocol.start Starting ProtocolHandler ["ajp-nio-8009"]
19-Jan-2015 00:34:29.329 INFO [main] org.apache.catalina.startup.Catalina.start Server startup in 10123 ms
19-Jan-2015 00:34:30.627 INFO [http-nio-8080-exec-7] org.apache.catalina.startup.HostConfig.undeploy Undeploying context [/spoverwaltung]
19-Jan-2015 00:34:30.668 INFO [http-nio-8080-exec-9] org.apache.catalina.startup.HostConfig.deployDescriptor Deploying configuration descriptor /home/dev/DevServer/apache-tomcat-8.0.15/conf/Catalina/localhost/spoverwaltung.xml
19-Jan-2015 00:34:30.678 WARNING [http-nio-8080-exec-9] org.apache.catalina.startup.SetContextPropertiesRule.begin [SetContextPropertiesRule]{Context} Setting property 'antiJARLocking' to 'true' did not find a matching property.
19-Jan-2015 00:34:35.553 INFO [http-nio-8080-exec-9] null.null Reading standard config META-INF/standard-faces-config.xml
19-Jan-2015 00:34:36.671 INFO [http-nio-8080-exec-9] null.null Reading config /WEB-INF/faces-config.xml
19-Jan-2015 00:34:37.844 INFO [http-nio-8080-exec-9] null.null Reading config : jar:file:/home/dev/NetBeansProjects/SPOSys/target/spoverwaltung/WEB-INF/lib/tomahawk20-1.1.14.jar!/META-INF/faces-config.xml
19-Jan-2015 00:34:37.967 INFO [http-nio-8080-exec-9] null.null Artifact 'myfaces-api' was found in version '2.1.10' from path 'file:/home/dev/NetBeansProjects/SPOSys/target/spoverwaltung/WEB-INF/lib/myfaces-api-2.1.10.jar'
19-Jan-2015 00:34:37.970 INFO [http-nio-8080-exec-9] null.null Artifact 'myfaces-impl' was found in version '2.1.10' from path 'file:/home/dev/NetBeansProjects/SPOSys/target/spoverwaltung/WEB-INF/lib/myfaces-impl-2.1.10.jar'
19-Jan-2015 00:34:37.974 INFO [http-nio-8080-exec-9] null.null Artifact 'tomahawk20' was found in version '1.1.14' from path 'file:/home/dev/NetBeansProjects/SPOSys/target/spoverwaltung/WEB-INF/lib/tomahawk20-1.1.14.jar'
19-Jan-2015 00:34:38.177 INFO [http-nio-8080-exec-9] null.null MyFaces Bean Validation support disabled
19-Jan-2015 00:34:38.574 INFO [http-nio-8080-exec-9] null.null Serialization provider : class org.apache.myfaces.shared_impl.util.serial.DefaultSerialFactory
19-Jan-2015 00:34:38.593 INFO [http-nio-8080-exec-9] null.null Using LifecycleProvider org.apache.myfaces.config.annotation.Tomcat7AnnotationLifecycleProvider
19-Jan-2015 00:34:38.634 INFO [http-nio-8080-exec-9] null.null ServletContext initialized.
19-Jan-2015 00:34:38.640 INFO [http-nio-8080-exec-9] null.null Starting up Tomahawk on the MyFaces-JSF-Implementation
19-Jan-2015 00:34:38.661 INFO [http-nio-8080-exec-9] null.null Scanning for context init parameters not defined. It is not necessary to define them all into your web.xml, they are just provided here for informative purposes. To disable this messages set org.apache.myfaces.LOG_WEB_CONTEXT_PARAMS config param to 'false'
19-Jan-2015 00:34:38.661 INFO [http-nio-8080-exec-9] null.null No context init parameter 'javax.faces.RESOURCE_EXCLUDES' found, using default value '.class .jsp .jspx .properties .xhtml .groovy'.
19-Jan-2015 00:34:38.665 INFO [http-nio-8080-exec-9] null.null No context init parameter 'javax.faces.FULL_STATE_SAVING_VIEW_IDS' found.
19-Jan-2015 00:34:38.667 INFO [http-nio-8080-exec-9] null.null No context init parameter 'javax.faces.PARTIAL_STATE_SAVING' found, using default value 'true (false with 1.2 webapps)'.
19-Jan-2015 00:34:38.667 INFO [http-nio-8080-exec-9] null.null No context init parameter 'javax.faces.DEFAULT_SUFFIX' found, using default value '.xhtml .view.xml .jsp'.
19-Jan-2015 00:34:38.667 INFO [http-nio-8080-exec-9] null.null No context init parameter 'javax.faces.FACELETS_SUFFIX' found, using default value '.xhtml'.
19-Jan-2015 00:34:38.667 INFO [http-nio-8080-exec-9] null.null No context init parameter 'javax.faces.FACELETS_VIEW_MAPPINGS' found.
19-Jan-2015 00:34:38.667 INFO [http-nio-8080-exec-9] null.null No context init parameter 'javax.faces.HONOR_CURRENT_COMPONENT_ATTRIBUTES' found, using default value 'false'.
19-Jan-2015 00:34:38.668 INFO [http-nio-8080-exec-9] null.null No context init parameter 'javax.faces.VALIDATE_EMPTY_FIELDS' found, using default value 'auto'.
19-Jan-2015 00:34:38.668 INFO [http-nio-8080-exec-9] null.null No context init parameter 'org.apache.myfaces.ENUM_CONVERTER_ALLOW_STRING_PASSTROUGH' found, using default value 'false'.
19-Jan-2015 00:34:38.668 INFO [http-nio-8080-exec-9] null.null No context init parameter 'javax.faces.validator.DISABLE_DEFAULT_BEAN_VALIDATOR' found, using default value 'true'.
19-Jan-2015 00:34:38.668 INFO [http-nio-8080-exec-9] null.null No context init parameter 'javax.faces.CONFIG_FILES' found.
19-Jan-2015 00:34:38.668 INFO [http-nio-8080-exec-9] null.null No context init parameter 'javax.faces.LIFECYCLE_ID' found.
19-Jan-2015 00:34:38.668 INFO [http-nio-8080-exec-9] null.null No context init parameter 'org.apache.myfaces.ERROR_HANDLER' found.
19-Jan-2015 00:34:38.668 INFO [http-nio-8080-exec-9] null.null No context init parameter 'org.apache.myfaces.CHECKED_VIEWID_CACHE_SIZE' found, using default value '500'.
19-Jan-2015 00:34:38.668 INFO [http-nio-8080-exec-9] null.null No context init parameter 'org.apache.myfaces.CHECKED_VIEWID_CACHE_ENABLED' found, using default value 'true'.
19-Jan-2015 00:34:38.669 INFO [http-nio-8080-exec-9] null.null No context init parameter 'org.apache.myfaces.PRETTY_HTML' found, using default value 'true'.
19-Jan-2015 00:34:38.669 INFO [http-nio-8080-exec-9] null.null No context init parameter 'org.apache.myfaces.ALLOW_JAVASCRIPT' found, using default value 'true'.
19-Jan-2015 00:34:38.669 INFO [http-nio-8080-exec-9] null.null No context init parameter 'org.apache.myfaces.CONFIG_REFRESH_PERIOD' found, using default value '2'.
19-Jan-2015 00:34:38.669 INFO [http-nio-8080-exec-9] null.null No context init parameter 'org.apache.myfaces.VIEWSTATE_JAVASCRIPT' found, using default value 'false'.
19-Jan-2015 00:34:38.669 INFO [http-nio-8080-exec-9] null.null No context init parameter 'org.apache.myfaces.RENDER_VIEWSTATE_ID' found, using default value 'true'.
19-Jan-2015 00:34:38.669 INFO [http-nio-8080-exec-9] null.null No context init parameter 'org.apache.myfaces.STRICT_XHTML_LINKS' found, using default value 'true'.
19-Jan-2015 00:34:38.669 INFO [http-nio-8080-exec-9] null.null No context init parameter 'org.apache.myfaces.RENDER_CLEAR_JAVASCRIPT_FOR_BUTTON' found, using default value 'false'.
19-Jan-2015 00:34:38.669 INFO [http-nio-8080-exec-9] null.null No context init parameter 'org.apache.myfaces.RENDER_HIDDEN_FIELDS_FOR_LINK_PARAMS' found, using default value 'false'.
19-Jan-2015 00:34:38.670 INFO [http-nio-8080-exec-9] null.null No context init parameter 'org.apache.myfaces.SAVE_FORM_SUBMIT_LINK_IE' found, using default value 'false'.
19-Jan-2015 00:34:38.670 INFO [http-nio-8080-exec-9] null.null No context init parameter 'org.apache.myfaces.DELEGATE_FACES_SERVLET' found.
19-Jan-2015 00:34:38.673 INFO [http-nio-8080-exec-9] null.null No context init parameter 'org.apache.myfaces.REFRESH_TRANSIENT_BUILD_ON_PSS' found, using default value 'auto'.
19-Jan-2015 00:34:38.674 INFO [http-nio-8080-exec-9] null.null No context init parameter 'org.apache.myfaces.REFRESH_TRANSIENT_BUILD_ON_PSS_PRESERVE_STATE' found, using default value 'false'.
19-Jan-2015 00:34:38.674 INFO [http-nio-8080-exec-9] null.null No context init parameter 'org.apache.myfaces.VALIDATE_XML' found.
19-Jan-2015 00:34:38.674 INFO [http-nio-8080-exec-9] null.null No context init parameter 'org.apache.myfaces.WRAP_SCRIPT_CONTENT_WITH_XML_COMMENT_TAG' found, using default value 'true'.
19-Jan-2015 00:34:38.674 INFO [http-nio-8080-exec-9] null.null No context init parameter 'org.apache.myfaces.RENDER_FORM_SUBMIT_SCRIPT_INLINE' found, using default value 'false'.
19-Jan-2015 00:34:38.674 INFO [http-nio-8080-exec-9] null.null No context init parameter 'org.apache.myfaces.DEBUG_PHASE_LISTENER' found.
19-Jan-2015 00:34:38.675 INFO [http-nio-8080-exec-9] null.null No context init parameter 'org.apache.myfaces.STRICT_JSF_2_REFRESH_TARGET_AJAX' found, using default value 'false'.
19-Jan-2015 00:34:38.682 INFO [http-nio-8080-exec-9] null.null No context init parameter 'org.apache.myfaces.STRICT_JSF_2_CC_EL_RESOLVER' found, using default value 'false'.
19-Jan-2015 00:34:38.682 INFO [http-nio-8080-exec-9] null.null No context init parameter 'org.apache.myfaces.DEFAULT_RESPONSE_WRITER_CONTENT_TYPE_MODE' found, using default value 'text/html'.
19-Jan-2015 00:34:38.682 INFO [http-nio-8080-exec-9] null.null No context init parameter 'org.apache.myfaces.VIEW_UNIQUE_IDS_CACHE_ENABLED' found, using default value 'false'.
19-Jan-2015 00:34:38.682 INFO [http-nio-8080-exec-9] null.null No context init parameter 'org.apache.myfaces.COMPONENT_UNIQUE_IDS_CACHE_SIZE' found, using default value '100'.
19-Jan-2015 00:34:38.682 INFO [http-nio-8080-exec-9] null.null No context init parameter 'org.apache.myfaces.SUPPORT_JSP_AND_FACES_EL' found, using default value 'true'.
19-Jan-2015 00:34:38.682 INFO [http-nio-8080-exec-9] null.null No context init parameter 'org.apache.myfaces.GAE_JSF_JAR_FILES' found.
19-Jan-2015 00:34:38.682 INFO [http-nio-8080-exec-9] null.null No context init parameter 'org.apache.myfaces.GAE_JSF_ANNOTATIONS_JAR_FILES' found.
19-Jan-2015 00:34:38.682 INFO [http-nio-8080-exec-9] null.null No context init parameter 'org.apache.myfaces.FLASH_SCOPE_DISABLED' found, using default value 'false'.
19-Jan-2015 00:34:38.682 INFO [http-nio-8080-exec-9] null.null No context init parameter 'org.apache.myfaces.RESOURCE_MAX_TIME_EXPIRES' found, using default value '604800000'.
19-Jan-2015 00:34:38.683 INFO [http-nio-8080-exec-9] null.null No context init parameter 'org.apache.myfaces.RESOURCE_HANDLER_CACHE_SIZE' found, using default value '500'.
19-Jan-2015 00:34:38.683 INFO [http-nio-8080-exec-9] null.null No context init parameter 'org.apache.myfaces.RESOURCE_HANDLER_CACHE_ENABLED' found, using default value 'true'.
19-Jan-2015 00:34:38.683 INFO [http-nio-8080-exec-9] null.null No context init parameter 'org.apache.myfaces.USE_ENCRYPTION' found, using default value 'true'.
19-Jan-2015 00:34:38.683 INFO [http-nio-8080-exec-9] null.null No context init parameter 'org.apache.myfaces.SECRET' found.
19-Jan-2015 00:34:38.684 INFO [http-nio-8080-exec-9] null.null No context init parameter 'org.apache.myfaces.ALGORITHM' found, using default value 'DES'.
19-Jan-2015 00:34:38.684 INFO [http-nio-8080-exec-9] null.null No context init parameter 'org.apache.myfaces.SECRET.CACHE' found.
19-Jan-2015 00:34:38.684 INFO [http-nio-8080-exec-9] null.null No context init parameter 'org.apache.myfaces.ALGORITHM.IV' found.
19-Jan-2015 00:34:38.684 INFO [http-nio-8080-exec-9] null.null No context init parameter 'org.apache.myfaces.ALGORITHM.PARAMETERS' found, using default value 'ECB/PKCS5Padding'.
19-Jan-2015 00:34:38.684 INFO [http-nio-8080-exec-9] org.apache.myfaces.webapp.WebConfigParamsLogger.logWebContextParams No context init parameter 'org.apache.myfaces.SERIAL_FACTORY' found.
19-Jan-2015 00:34:38.684 INFO [http-nio-8080-exec-9] org.apache.myfaces.webapp.WebConfigParamsLogger.logWebContextParams No context init parameter 'org.apache.myfaces.COMPRESS_STATE_IN_CLIENT' found, using default value 'false'.
19-Jan-2015 00:34:38.684 INFO [http-nio-8080-exec-9] org.apache.myfaces.webapp.WebConfigParamsLogger.logWebContextParams No context init parameter 'org.apache.myfaces.MAC_ALGORITHM' found, using default value 'HmacSHA1'.
19-Jan-2015 00:34:38.684 INFO [http-nio-8080-exec-9] org.apache.myfaces.webapp.WebConfigParamsLogger.logWebContextParams No context init parameter 'org.apache.myfaces.MAC_SECRET' found.
19-Jan-2015 00:34:38.684 INFO [http-nio-8080-exec-9] org.apache.myfaces.webapp.WebConfigParamsLogger.logWebContextParams No context init parameter 'org.apache.myfaces.MAC_SECRET.CACHE' found.
19-Jan-2015 00:34:38.684 INFO [http-nio-8080-exec-9] org.apache.myfaces.webapp.WebConfigParamsLogger.logWebContextParams No context init parameter 'javax.faces.DATETIMECONVERTER_DEFAULT_TIMEZONE_IS_SYSTEM_TIMEZONE' found, using default value 'false'.
19-Jan-2015 00:34:38.684 INFO [http-nio-8080-exec-9] org.apache.myfaces.webapp.WebConfigParamsLogger.logWebContextParams No context init parameter 'org.apache.myfaces.LAZY_LOAD_CONFIG_OBJECTS' found, using default value 'true'.
19-Jan-2015 00:34:38.684 INFO [http-nio-8080-exec-9] org.apache.myfaces.webapp.WebConfigParamsLogger.logWebContextParams No context init parameter 'org.apache.myfaces.STRICT_JSF_2_ALLOW_SLASH_LIBRARY_NAME' found, using default value 'false'.
19-Jan-2015 00:34:38.685 INFO [http-nio-8080-exec-9] org.apache.myfaces.webapp.WebConfigParamsLogger.logWebContextParams No context init parameter 'org.apache.myfaces.RESOURCE_BUFFER_SIZE' found, using default value '2048'.
19-Jan-2015 00:34:38.685 INFO [http-nio-8080-exec-9] org.apache.myfaces.webapp.WebConfigParamsLogger.logWebContextParams No context init parameter 'org.apache.myfaces.CLIENT_VIEW_STATE_TIMEOUT' found, using default value '0'.
19-Jan-2015 00:34:38.685 INFO [http-nio-8080-exec-9] org.apache.myfaces.webapp.WebConfigParamsLogger.logWebContextParams No context init parameter 'org.apache.myfaces.NUMBER_OF_SEQUENTIAL_VIEWS_IN_SESSION' found.
19-Jan-2015 00:34:38.685 INFO [http-nio-8080-exec-9] org.apache.myfaces.webapp.WebConfigParamsLogger.logWebContextParams No context init parameter 'org.apache.myfaces.CACHE_OLD_VIEWS_IN_SESSION_MODE' found, using default value 'off'.
19-Jan-2015 00:34:38.685 INFO [http-nio-8080-exec-9] org.apache.myfaces.webapp.WebConfigParamsLogger.logWebContextParams No context init parameter 'org.apache.myfaces.USE_FLASH_SCOPE_PURGE_VIEWS_IN_SESSION' found, using default value 'false'.
19-Jan-2015 00:34:38.685 INFO [http-nio-8080-exec-9] org.apache.myfaces.webapp.WebConfigParamsLogger.logWebContextParams No context init parameter 'org.apache.myfaces.RANDOM_KEY_IN_VIEW_STATE_SESSION_TOKEN' found, using default value 'none'.
19-Jan-2015 00:34:38.685 INFO [http-nio-8080-exec-9] org.apache.myfaces.webapp.WebConfigParamsLogger.logWebContextParams No context init parameter 'org.apache.myfaces.RANDOM_KEY_IN_VIEW_STATE_SESSION_TOKEN_LENGTH' found, using default value '8'.
19-Jan-2015 00:34:38.685 INFO [http-nio-8080-exec-9] org.apache.myfaces.webapp.WebConfigParamsLogger.logWebContextParams No context init parameter 'org.apache.myfaces.RANDOM_KEY_IN_VIEW_STATE_SESSION_TOKEN_SECURE_RANDOM_CLASS' found.
19-Jan-2015 00:34:38.685 INFO [http-nio-8080-exec-9] org.apache.myfaces.webapp.WebConfigParamsLogger.logWebContextParams No context init parameter 'org.apache.myfaces.RANDOM_KEY_IN_VIEW_STATE_SESSION_TOKEN_SECURE_RANDOM_PROVIDER' found.
19-Jan-2015 00:34:38.685 INFO [http-nio-8080-exec-9] org.apache.myfaces.webapp.WebConfigParamsLogger.logWebContextParams No context init parameter 'org.apache.myfaces.RANDOM_KEY_IN_VIEW_STATE_SESSION_TOKEN_SECURE_RANDOM_ALGORITM' found, using default value 'SHA1PRNG'.
19-Jan-2015 00:34:38.685 INFO [http-nio-8080-exec-9] null.null No context init parameter 'org.apache.myfaces.VALIDATE' found, using default value 'false'.
19-Jan-2015 00:34:38.690 INFO [http-nio-8080-exec-9] null.null No context init parameter 'org.apache.myfaces.config.annotation.LifecycleProvider' found.
19-Jan-2015 00:34:38.690 INFO [http-nio-8080-exec-9] null.null No context init parameter 'org.apache.myfaces.EL_RESOLVER_COMPARATOR' found.
19-Jan-2015 00:34:38.690 INFO [http-nio-8080-exec-9] null.null No context init parameter 'org.apache.myfaces.EL_RESOLVER_PREDICATE' found.
19-Jan-2015 00:34:38.690 INFO [http-nio-8080-exec-9] null.null No context init parameter 'org.apache.myfaces.CHECKED_VIEWID_CACHE_SIZE' found, using default value '500'.
19-Jan-2015 00:34:38.690 INFO [http-nio-8080-exec-9] null.null No context init parameter 'org.apache.myfaces.CHECKED_VIEWID_CACHE_ENABLED' found, using default value 'true'.
19-Jan-2015 00:34:38.691 INFO [http-nio-8080-exec-9] null.null No context init parameter 'org.apache.myfaces.ERROR_TEMPLATE_RESOURCE' found, using default value 'META-INF/rsc/myfaces-dev-error.xml'.
19-Jan-2015 00:34:38.691 INFO [http-nio-8080-exec-9] org.apache.myfaces.webapp.WebConfigParamsLogger.logWebContextParams No context init parameter 'org.apache.myfaces.DEBUG_TEMPLATE_RESOURCE' found, using default value 'META-INF/rsc/myfaces-dev-debug.xml'.
19-Jan-2015 00:34:38.691 INFO [http-nio-8080-exec-9] org.apache.myfaces.webapp.WebConfigParamsLogger.logWebContextParams No context init parameter 'org.apache.myfaces.ERROR_HANDLING' found, using default value 'false, on Development Project stage: true'.
19-Jan-2015 00:34:38.691 INFO [http-nio-8080-exec-9] org.apache.myfaces.webapp.WebConfigParamsLogger.logWebContextParams No context init parameter 'org.apache.myfaces.HANDLE_STATE_CACHING_MECHANICS' found, using default value 'true'.
19-Jan-2015 00:34:38.691 INFO [http-nio-8080-exec-9] org.apache.myfaces.webapp.WebConfigParamsLogger.logWebContextParams No context init parameter 'org.apache.myfaces.USE_MULTIPLE_JS_FILES_FOR_JSF_UNCOMPRESSED_JS' found, using default value 'false'.
19-Jan-2015 00:34:38.691 INFO [http-nio-8080-exec-9] org.apache.myfaces.webapp.WebConfigParamsLogger.logWebContextParams No context init parameter 'org.apache.myfaces.JSF_JS_MODE' found, using default value 'normal'.
19-Jan-2015 00:34:38.691 INFO [http-nio-8080-exec-9] org.apache.myfaces.webapp.WebConfigParamsLogger.logWebContextParams No context init parameter 'org.apache.myfaces.SERVICE_PROVIDER_FINDER' found.
19-Jan-2015 00:34:38.691 INFO [http-nio-8080-exec-9] org.apache.myfaces.webapp.WebConfigParamsLogger.logWebContextParams No context init parameter 'javax.faces.DISABLE_FACELET_JSF_VIEWHANDLER' found, using default value 'false'.
19-Jan-2015 00:34:38.691 INFO [http-nio-8080-exec-9] org.apache.myfaces.webapp.WebConfigParamsLogger.logWebContextParams No context init parameter 'org.apache.myfaces.SAVE_STATE_WITH_VISIT_TREE_ON_PSS' found, using default value 'true'.
19-Jan-2015 00:34:38.691 INFO [http-nio-8080-exec-9] org.apache.myfaces.webapp.WebConfigParamsLogger.logWebContextParams No context init parameter 'org.apache.myfaces.CHECK_ID_PRODUCTION_MODE' found, using default value 'auto'.
19-Jan-2015 00:34:38.691 INFO [http-nio-8080-exec-9] org.apache.myfaces.webapp.WebConfigParamsLogger.logWebContextParams No context init parameter 'javax.faces.FACELETS_BUFFER_SIZE' found.
19-Jan-2015 00:34:38.691 INFO [http-nio-8080-exec-9] org.apache.myfaces.webapp.WebConfigParamsLogger.logWebContextParams No context init parameter 'facelets.BUFFER_SIZE' found.
19-Jan-2015 00:34:38.691 INFO [http-nio-8080-exec-9] org.apache.myfaces.webapp.WebConfigParamsLogger.logWebContextParams No context init parameter 'javax.faces.FACELETS_DECORATORS' found.
19-Jan-2015 00:34:38.691 INFO [http-nio-8080-exec-9] org.apache.myfaces.webapp.WebConfigParamsLogger.logWebContextParams No context init parameter 'facelets.DECORATORS' found.
19-Jan-2015 00:34:38.691 INFO [http-nio-8080-exec-9] org.apache.myfaces.webapp.WebConfigParamsLogger.logWebContextParams No context init parameter 'javax.faces.FACELETS_LIBRARIES' found.
19-Jan-2015 00:34:38.691 INFO [http-nio-8080-exec-9] org.apache.myfaces.webapp.WebConfigParamsLogger.logWebContextParams No context init parameter 'facelets.LIBRARIES' found.
19-Jan-2015 00:34:38.691 INFO [http-nio-8080-exec-9] org.apache.myfaces.webapp.WebConfigParamsLogger.logWebContextParams No context init parameter 'javax.faces.FACELETS_REFRESH_PERIOD' found, using default value '-1'.
19-Jan-2015 00:34:38.696 INFO [http-nio-8080-exec-9] org.apache.myfaces.webapp.WebConfigParamsLogger.logWebContextParams No context init parameter 'facelets.REFRESH_PERIOD' found, using default value '-1'.
19-Jan-2015 00:34:38.697 INFO [http-nio-8080-exec-9] org.apache.myfaces.webapp.WebConfigParamsLogger.logWebContextParams No context init parameter 'javax.faces.FACELETS_RESOURCE_RESOLVER' found.
19-Jan-2015 00:34:38.697 INFO [http-nio-8080-exec-9] org.apache.myfaces.webapp.WebConfigParamsLogger.logWebContextParams No context init parameter 'facelets.RESOURCE_RESOLVER' found.
19-Jan-2015 00:34:38.697 INFO [http-nio-8080-exec-9] org.apache.myfaces.webapp.WebConfigParamsLogger.logWebContextParams No context init parameter 'javax.faces.FACELETS_SKIP_COMMENTS' found.
19-Jan-2015 00:34:38.697 INFO [http-nio-8080-exec-9] org.apache.myfaces.webapp.WebConfigParamsLogger.logWebContextParams No context init parameter 'facelets.SKIP_COMMENTS' found.
19-Jan-2015 00:34:38.697 INFO [http-nio-8080-exec-9] org.apache.myfaces.webapp.WebConfigParamsLogger.logWebContextParams No context init parameter 'org.apache.myfaces.MARK_INITIAL_STATE_WHEN_APPLY_BUILD_VIEW' found, using default value 'false'.
19-Jan-2015 00:34:38.697 INFO [http-nio-8080-exec-9] org.apache.myfaces.webapp.WebConfigParamsLogger.logWebContextParams No context init parameter 'org.apache.myfaces.WRAP_TAG_EXCEPTIONS_AS_CONTEXT_AWARE' found, using default value 'true'.
19-Jan-2015 00:34:38.697 INFO [http-nio-8080-exec-9] org.apache.myfaces.webapp.WebConfigParamsLogger.logWebContextParams No context init parameter 'org.apache.myfaces.CACHE_EL_EXPRESSIONS' found, using default value 'noCache'.
19-Jan-2015 00:34:38.697 INFO [http-nio-8080-exec-9] org.apache.myfaces.webapp.WebConfigParamsLogger.logWebContextParams No context init parameter 'org.apache.myfaces.EXPRESSION_FACTORY' found.
19-Jan-2015 00:34:38.697 INFO [http-nio-8080-exec-9] org.apache.myfaces.webapp.WebConfigParamsLogger.logWebContextParams No context init parameter 'org.apache.myfaces.INITIALIZE_ALWAYS_STANDALONE' found, using default value 'false'.
19-Jan-2015 00:34:38.697 INFO [http-nio-8080-exec-9] org.apache.myfaces.webapp.WebConfigParamsLogger.logWebContextParams No context init parameter 'org.apache.myfaces.LOG_WEB_CONTEXT_PARAMS' found, using default value 'auto'.
19-Jan-2015 00:34:38.697 INFO [http-nio-8080-exec-9] org.apache.myfaces.webapp.WebConfigParamsLogger.logWebContextParams No context init parameter 'org.apache.myfaces.FACES_INITIALIZER' found.
19-Jan-2015 00:34:38.697 INFO [http-nio-8080-exec-9] org.apache.myfaces.webapp.WebConfigParamsLogger.logWebContextParams No context init parameter 'org.apache.myfaces.FACES_INIT_PLUGINS' found.
19-Jan-2015 00:34:38.697 INFO [http-nio-8080-exec-9] org.apache.myfaces.webapp.WebConfigParamsLogger.logWebContextParams No context init parameter 'org.apache.myfaces.RESOURCE_VIRTUAL_PATH' found.
19-Jan-2015 00:34:38.697 INFO [http-nio-8080-exec-9] org.apache.myfaces.webapp.WebConfigParamsLogger.logWebContextParams No context init parameter 'org.apache.myfaces.DETECT_JAVASCRIPT' found, using default value 'false'.
19-Jan-2015 00:34:38.697 INFO [http-nio-8080-exec-9] org.apache.myfaces.webapp.WebConfigParamsLogger.logWebContextParams No context init parameter 'org.apache.myfaces.AUTO_SCROLL' found, using default value 'false'.
19-Jan-2015 00:34:38.697 INFO [http-nio-8080-exec-9] org.apache.myfaces.webapp.WebConfigParamsLogger.logWebContextParams No context init parameter 'org.apache.myfaces.ADD_RESOURCE_CLASS' found, using default value 'org.apache.myfaces. renderkit.html.util. DefaultAddResource'.
19-Jan-2015 00:34:38.697 INFO [http-nio-8080-exec-9] org.apache.myfaces.webapp.WebConfigParamsLogger.logWebContextParams No context init parameter 'org.apache.myfaces.CHECK_EXTENSIONS_FILTER' found, using default value 'for JSF 2.0 since 1.1.11 false, otherwise true'.
19-Jan-2015 00:34:38.697 INFO [http-nio-8080-exec-9] org.apache.myfaces.webapp.WebConfigParamsLogger.logWebContextParams No context init parameter 'org.apache.myfaces.READONLY_AS_DISABLED_FOR_SELECTS' found, using default value 'true'.
19-Jan-2015 00:34:38.698 INFO [http-nio-8080-exec-9] org.apache.myfaces.util.ExternalSpecifications.isUnifiedELAvailable MyFaces Unified EL support enabled
19-Jan-2015 00:34:38.698 WARNING [http-nio-8080-exec-9] org.apache.myfaces.webapp.AbstractFacesInitializer.initFaces 

*******************************************************************
*** WARNING: Apache MyFaces-2 is running in DEVELOPMENT mode.   ***
***                                         ^^^^^^^^^^^         ***
*** Do NOT deploy to your live server(s) without changing this. ***
*** See Application#getProjectStage() for more information.     ***
*******************************************************************

19-Jan-2015 00:34:38.789 INFO [http-nio-8080-exec-9] org.apache.catalina.startup.HostConfig.deployDescriptor Deployment of configuration descriptor /home/dev/DevServer/apache-tomcat-8.0.15/conf/Catalina/localhost/spoverwaltung.xml has finished in 8,121 ms
19-Jan-2015 00:34:38.825 INFO [http-nio-8080-exec-8] org.apache.catalina.util.LifecycleBase.start The start() method was called on component [StandardEngine[Catalina].StandardHost[localhost].StandardContext[/spoverwaltung]] after start() had already been called. The second call will be ignored.
19-Jan-2015 08:24:48.695 INFO [main] org.apache.catalina.core.StandardServer.await A valid shutdown command was received via the shutdown port. Stopping the Server instance.
19-Jan-2015 08:24:48.696 INFO [main] org.apache.coyote.AbstractProtocol.pause Pausing ProtocolHandler ["http-nio-8080"]
19-Jan-2015 08:24:48.701 INFO [main] org.apache.coyote.AbstractProtocol.pause Pausing ProtocolHandler ["ajp-nio-8009"]
19-Jan-2015 08:24:48.705 INFO [main] org.apache.catalina.core.StandardService.stopInternal Stopping service Catalina
19-Jan-2015 08:24:48.816 INFO [main] org.apache.coyote.AbstractProtocol.stop Stopping ProtocolHandler ["http-nio-8080"]
19-Jan-2015 08:24:48.817 INFO [main] org.apache.coyote.AbstractProtocol.stop Stopping ProtocolHandler ["ajp-nio-8009"]
19-Jan-2015 08:24:48.850 INFO [main] org.apache.coyote.AbstractProtocol.destroy Destroying ProtocolHandler ["http-nio-8080"]
19-Jan-2015 08:24:48.854 INFO [main] org.apache.coyote.AbstractProtocol.destroy Destroying ProtocolHandler ["ajp-nio-8009"]
