12-Mar-2015 22:12:57.572 INFO [main] org.apache.catalina.startup.VersionLoggerListener.log Server version:        Apache Tomcat/8.0.15
12-Mar-2015 22:12:57.573 INFO [main] org.apache.catalina.startup.VersionLoggerListener.log Server built:          Nov 2 2014 19:25:20 UTC
12-Mar-2015 22:12:57.573 INFO [main] org.apache.catalina.startup.VersionLoggerListener.log Server number:         8.0.15.0
12-Mar-2015 22:12:57.573 INFO [main] org.apache.catalina.startup.VersionLoggerListener.log OS Name:               Windows 7
12-Mar-2015 22:12:57.573 INFO [main] org.apache.catalina.startup.VersionLoggerListener.log OS Version:            6.1
12-Mar-2015 22:12:57.573 INFO [main] org.apache.catalina.startup.VersionLoggerListener.log Architecture:          amd64
12-Mar-2015 22:12:57.573 INFO [main] org.apache.catalina.startup.VersionLoggerListener.log JAVA_HOME:             C:\Program Files\Java\jdk1.7.0_75\jre
12-Mar-2015 22:12:57.573 INFO [main] org.apache.catalina.startup.VersionLoggerListener.log JVM Version:           1.7.0_75-b13
12-Mar-2015 22:12:57.573 INFO [main] org.apache.catalina.startup.VersionLoggerListener.log JVM Vendor:            Oracle Corporation
12-Mar-2015 22:12:57.574 INFO [main] org.apache.catalina.startup.VersionLoggerListener.log CATALINA_BASE:         C:\Users\10tacle\Desktop\aDashboard\Server\apache-tomcat-8.0.15
12-Mar-2015 22:12:57.574 INFO [main] org.apache.catalina.startup.VersionLoggerListener.log CATALINA_HOME:         C:\Users\10tacle\Desktop\aDashboard\Server\apache-tomcat-8.0.15
12-Mar-2015 22:12:57.574 INFO [main] org.apache.catalina.startup.VersionLoggerListener.log Command line argument: -Dhttp.nonProxyHosts=localhost|127.0.0.1|tacle-PC
12-Mar-2015 22:12:57.574 INFO [main] org.apache.catalina.startup.VersionLoggerListener.log Command line argument: -Djava.util.logging.config.file=C:\Users\10tacle\Desktop\aDashboard\Server\apache-tomcat-8.0.15\conf\logging.properties
12-Mar-2015 22:12:57.574 INFO [main] org.apache.catalina.startup.VersionLoggerListener.log Command line argument: -Djava.util.logging.manager=org.apache.juli.ClassLoaderLogManager
12-Mar-2015 22:12:57.574 INFO [main] org.apache.catalina.startup.VersionLoggerListener.log Command line argument: -Djava.endorsed.dirs=C:\Users\10tacle\Desktop\aDashboard\Server\apache-tomcat-8.0.15\endorsed
12-Mar-2015 22:12:57.575 INFO [main] org.apache.catalina.startup.VersionLoggerListener.log Command line argument: -Dcatalina.base=C:\Users\10tacle\Desktop\aDashboard\Server\apache-tomcat-8.0.15
12-Mar-2015 22:12:57.575 INFO [main] org.apache.catalina.startup.VersionLoggerListener.log Command line argument: -Dcatalina.home=C:\Users\10tacle\Desktop\aDashboard\Server\apache-tomcat-8.0.15
12-Mar-2015 22:12:57.575 INFO [main] org.apache.catalina.startup.VersionLoggerListener.log Command line argument: -Djava.io.tmpdir=C:\Users\10tacle\Desktop\aDashboard\Server\apache-tomcat-8.0.15\temp
12-Mar-2015 22:12:57.575 INFO [main] org.apache.catalina.core.AprLifecycleListener.lifecycleEvent The APR based Apache Tomcat Native library which allows optimal performance in production environments was not found on the java.library.path: C:\Program Files\Java\jdk1.7.0_75\bin;C:\Windows\Sun\Java\bin;C:\Windows\system32;C:\Windows;C:\Program Files\Common Files\Microsoft Shared\Windows Live;C:\Program Files (x86)\Common Files\Microsoft Shared\Windows Live;C:\Windows\system32;C:\Windows;C:\Windows\System32\Wbem;C:\Windows\System32\WindowsPowerShell\v1.0\;C:\Program Files (x86)\ATI Technologies\ATI.ACE\Core-Static;C:\Tools\Calibre\;C:\Android\\android-sdk-windows;C:\Tools\TortoiseSVN\bin;C:\Tools\Git\cmd;C:\Tools\Git\bin;C:\Program Files (x86)\Windows Live\Shared;C:\Program Files\MiKTeX 2.9\miktex\bin\x64\;.
12-Mar-2015 22:12:57.722 INFO [main] org.apache.coyote.AbstractProtocol.init Initializing ProtocolHandler ["http-nio-8080"]
12-Mar-2015 22:12:57.764 INFO [main] org.apache.tomcat.util.net.NioSelectorPool.getSharedSelector Using a shared selector for servlet write/read
12-Mar-2015 22:12:57.767 INFO [main] org.apache.coyote.AbstractProtocol.init Initializing ProtocolHandler ["ajp-nio-8009"]
12-Mar-2015 22:12:57.780 INFO [main] org.apache.tomcat.util.net.NioSelectorPool.getSharedSelector Using a shared selector for servlet write/read
12-Mar-2015 22:12:57.780 INFO [main] org.apache.catalina.startup.Catalina.load Initialization processed in 680 ms
12-Mar-2015 22:12:57.812 INFO [main] org.apache.catalina.core.StandardService.startInternal Starting service Catalina
12-Mar-2015 22:12:57.813 INFO [main] org.apache.catalina.core.StandardEngine.startInternal Starting Servlet Engine: Apache Tomcat/8.0.15
12-Mar-2015 22:12:57.822 INFO [localhost-startStop-1] org.apache.catalina.startup.HostConfig.deployDescriptor Deploying configuration descriptor C:\Users\10tacle\Desktop\aDashboard\Server\apache-tomcat-8.0.15\conf\Catalina\localhost\dashboard.xml
12-Mar-2015 22:12:57.854 WARNING [localhost-startStop-1] org.apache.catalina.startup.SetContextPropertiesRule.begin [SetContextPropertiesRule]{Context} Setting property 'antiJARLocking' to 'true' did not find a matching property.
12-Mar-2015 22:13:03.152 INFO [localhost-startStop-1] null.null Reading standard config META-INF/standard-faces-config.xml
12-Mar-2015 22:13:03.352 INFO [localhost-startStop-1] org.apache.myfaces.config.DefaultFacesConfigurationProvider.getWebAppFacesConfig Reading config /WEB-INF/faces-config.xml
12-Mar-2015 22:13:03.803 INFO [localhost-startStop-1] org.apache.myfaces.config.DefaultFacesConfigurationProvider.getClassloaderFacesConfig Reading config : jar:file:/C:/Users/10tacle/Desktop/aDashboard/target/helloworld/WEB-INF/lib/primefaces-5.1.jar!/META-INF/faces-config.xml
12-Mar-2015 22:13:03.829 INFO [localhost-startStop-1] org.apache.myfaces.config.DefaultFacesConfigurationProvider.getClassloaderFacesConfig Reading config : jar:file:/C:/Users/10tacle/Desktop/aDashboard/target/helloworld/WEB-INF/lib/primefaces-extensions-3.0.0.jar!/META-INF/faces-config.xml
12-Mar-2015 22:13:03.835 INFO [localhost-startStop-1] null.null Reading config : jar:file:/C:/Users/10tacle/Desktop/aDashboard/target/helloworld/WEB-INF/lib/tomahawk20-1.1.14.jar!/META-INF/faces-config.xml
12-Mar-2015 22:13:03.858 INFO [localhost-startStop-1] null.null Artifact 'myfaces-api' was found in version '2.1.10' from path 'file:/C:/Users/10tacle/Desktop/aDashboard/target/helloworld/WEB-INF/lib/myfaces-api-2.1.10.jar'
12-Mar-2015 22:13:03.858 INFO [localhost-startStop-1] null.null Artifact 'myfaces-impl' was found in version '2.1.10' from path 'file:/C:/Users/10tacle/Desktop/aDashboard/target/helloworld/WEB-INF/lib/myfaces-impl-2.1.10.jar'
12-Mar-2015 22:13:03.858 INFO [localhost-startStop-1] null.null Artifact 'tomahawk20' was found in version '1.1.14' from path 'file:/C:/Users/10tacle/Desktop/aDashboard/target/helloworld/WEB-INF/lib/tomahawk20-1.1.14.jar'
12-Mar-2015 22:13:03.936 INFO [localhost-startStop-1] org.apache.myfaces.util.ExternalSpecifications.isBeanValidationAvailable MyFaces Bean Validation support disabled
12-Mar-2015 22:13:04.177 INFO [localhost-startStop-1] org.apache.myfaces.config.FacesConfigurator.handleSerialFactory Serialization provider : class org.apache.myfaces.shared_impl.util.serial.DefaultSerialFactory
12-Mar-2015 22:13:04.184 INFO [localhost-startStop-1] org.apache.myfaces.config.annotation.DefaultLifecycleProviderFactory.getLifecycleProvider Using LifecycleProvider org.apache.myfaces.config.annotation.Tomcat7AnnotationLifecycleProvider
12-Mar-2015 22:13:04.372 INFO [localhost-startStop-1] org.primefaces.webapp.PostConstructApplicationEventListener.processEvent Running on PrimeFaces 5.1
12-Mar-2015 22:13:04.373 INFO [localhost-startStop-1] org.primefaces.extensions.application.PostConstructApplicationEventListener.processEvent Running on PrimeFaces Extensions 3.0.0
12-Mar-2015 22:13:04.373 INFO [localhost-startStop-1] org.apache.myfaces.webapp.AbstractFacesInitializer.initFaces ServletContext initialized.
12-Mar-2015 22:13:04.375 INFO [localhost-startStop-1] org.apache.myfaces.webapp.WebConfigParamsLogger.logWebContextParams Starting up Tomahawk on the MyFaces-JSF-Implementation
12-Mar-2015 22:13:04.375 INFO [localhost-startStop-1] org.apache.myfaces.webapp.WebConfigParamsLogger.logWebContextParams Scanning for context init parameters not defined. It is not necessary to define them all into your web.xml, they are just provided here for informative purposes. To disable this messages set org.apache.myfaces.LOG_WEB_CONTEXT_PARAMS config param to 'false'
12-Mar-2015 22:13:04.375 INFO [localhost-startStop-1] org.apache.myfaces.webapp.WebConfigParamsLogger.logWebContextParams No context init parameter 'javax.faces.RESOURCE_EXCLUDES' found, using default value '.class .jsp .jspx .properties .xhtml .groovy'.
12-Mar-2015 22:13:04.377 INFO [localhost-startStop-1] org.apache.myfaces.webapp.WebConfigParamsLogger.logWebContextParams No context init parameter 'javax.faces.FULL_STATE_SAVING_VIEW_IDS' found.
12-Mar-2015 22:13:04.377 INFO [localhost-startStop-1] org.apache.myfaces.webapp.WebConfigParamsLogger.logWebContextParams No context init parameter 'javax.faces.PARTIAL_STATE_SAVING' found, using default value 'true (false with 1.2 webapps)'.
12-Mar-2015 22:13:04.377 INFO [localhost-startStop-1] org.apache.myfaces.webapp.WebConfigParamsLogger.logWebContextParams No context init parameter 'javax.faces.DEFAULT_SUFFIX' found, using default value '.xhtml .view.xml .jsp'.
12-Mar-2015 22:13:04.377 INFO [localhost-startStop-1] org.apache.myfaces.webapp.WebConfigParamsLogger.logWebContextParams No context init parameter 'javax.faces.FACELETS_SUFFIX' found, using default value '.xhtml'.
12-Mar-2015 22:13:04.377 INFO [localhost-startStop-1] org.apache.myfaces.webapp.WebConfigParamsLogger.logWebContextParams No context init parameter 'javax.faces.FACELETS_VIEW_MAPPINGS' found.
12-Mar-2015 22:13:04.377 INFO [localhost-startStop-1] org.apache.myfaces.webapp.WebConfigParamsLogger.logWebContextParams No context init parameter 'javax.faces.HONOR_CURRENT_COMPONENT_ATTRIBUTES' found, using default value 'false'.
12-Mar-2015 22:13:04.377 INFO [localhost-startStop-1] org.apache.myfaces.webapp.WebConfigParamsLogger.logWebContextParams No context init parameter 'javax.faces.VALIDATE_EMPTY_FIELDS' found, using default value 'auto'.
12-Mar-2015 22:13:04.377 INFO [localhost-startStop-1] org.apache.myfaces.webapp.WebConfigParamsLogger.logWebContextParams No context init parameter 'org.apache.myfaces.ENUM_CONVERTER_ALLOW_STRING_PASSTROUGH' found, using default value 'false'.
12-Mar-2015 22:13:04.377 INFO [localhost-startStop-1] org.apache.myfaces.webapp.WebConfigParamsLogger.logWebContextParams No context init parameter 'javax.faces.validator.DISABLE_DEFAULT_BEAN_VALIDATOR' found, using default value 'true'.
12-Mar-2015 22:13:04.377 INFO [localhost-startStop-1] org.apache.myfaces.webapp.WebConfigParamsLogger.logWebContextParams No context init parameter 'javax.faces.CONFIG_FILES' found.
12-Mar-2015 22:13:04.377 INFO [localhost-startStop-1] org.apache.myfaces.webapp.WebConfigParamsLogger.logWebContextParams No context init parameter 'javax.faces.LIFECYCLE_ID' found.
12-Mar-2015 22:13:04.377 INFO [localhost-startStop-1] org.apache.myfaces.webapp.WebConfigParamsLogger.logWebContextParams No context init parameter 'org.apache.myfaces.ERROR_HANDLER' found.
12-Mar-2015 22:13:04.377 INFO [localhost-startStop-1] org.apache.myfaces.webapp.WebConfigParamsLogger.logWebContextParams No context init parameter 'org.apache.myfaces.CHECKED_VIEWID_CACHE_SIZE' found, using default value '500'.
12-Mar-2015 22:13:04.377 INFO [localhost-startStop-1] org.apache.myfaces.webapp.WebConfigParamsLogger.logWebContextParams No context init parameter 'org.apache.myfaces.CHECKED_VIEWID_CACHE_ENABLED' found, using default value 'true'.
12-Mar-2015 22:13:04.421 INFO [localhost-startStop-1] org.apache.myfaces.webapp.WebConfigParamsLogger.logWebContextParams No context init parameter 'org.apache.myfaces.PRETTY_HTML' found, using default value 'true'.
12-Mar-2015 22:13:04.421 INFO [localhost-startStop-1] org.apache.myfaces.webapp.WebConfigParamsLogger.logWebContextParams No context init parameter 'org.apache.myfaces.ALLOW_JAVASCRIPT' found, using default value 'true'.
12-Mar-2015 22:13:04.421 INFO [localhost-startStop-1] org.apache.myfaces.webapp.WebConfigParamsLogger.logWebContextParams No context init parameter 'org.apache.myfaces.CONFIG_REFRESH_PERIOD' found, using default value '2'.
12-Mar-2015 22:13:04.421 INFO [localhost-startStop-1] org.apache.myfaces.webapp.WebConfigParamsLogger.logWebContextParams No context init parameter 'org.apache.myfaces.VIEWSTATE_JAVASCRIPT' found, using default value 'false'.
12-Mar-2015 22:13:04.421 INFO [localhost-startStop-1] org.apache.myfaces.webapp.WebConfigParamsLogger.logWebContextParams No context init parameter 'org.apache.myfaces.RENDER_VIEWSTATE_ID' found, using default value 'true'.
12-Mar-2015 22:13:04.421 INFO [localhost-startStop-1] org.apache.myfaces.webapp.WebConfigParamsLogger.logWebContextParams No context init parameter 'org.apache.myfaces.STRICT_XHTML_LINKS' found, using default value 'true'.
12-Mar-2015 22:13:04.421 INFO [localhost-startStop-1] org.apache.myfaces.webapp.WebConfigParamsLogger.logWebContextParams No context init parameter 'org.apache.myfaces.RENDER_CLEAR_JAVASCRIPT_FOR_BUTTON' found, using default value 'false'.
12-Mar-2015 22:13:04.421 INFO [localhost-startStop-1] org.apache.myfaces.webapp.WebConfigParamsLogger.logWebContextParams No context init parameter 'org.apache.myfaces.RENDER_HIDDEN_FIELDS_FOR_LINK_PARAMS' found, using default value 'false'.
12-Mar-2015 22:13:04.421 INFO [localhost-startStop-1] org.apache.myfaces.webapp.WebConfigParamsLogger.logWebContextParams No context init parameter 'org.apache.myfaces.SAVE_FORM_SUBMIT_LINK_IE' found, using default value 'false'.
12-Mar-2015 22:13:04.421 INFO [localhost-startStop-1] org.apache.myfaces.webapp.WebConfigParamsLogger.logWebContextParams No context init parameter 'org.apache.myfaces.DELEGATE_FACES_SERVLET' found.
12-Mar-2015 22:13:04.421 INFO [localhost-startStop-1] org.apache.myfaces.webapp.WebConfigParamsLogger.logWebContextParams No context init parameter 'org.apache.myfaces.REFRESH_TRANSIENT_BUILD_ON_PSS' found, using default value 'auto'.
12-Mar-2015 22:13:04.421 INFO [localhost-startStop-1] org.apache.myfaces.webapp.WebConfigParamsLogger.logWebContextParams No context init parameter 'org.apache.myfaces.REFRESH_TRANSIENT_BUILD_ON_PSS_PRESERVE_STATE' found, using default value 'false'.
12-Mar-2015 22:13:04.421 INFO [localhost-startStop-1] org.apache.myfaces.webapp.WebConfigParamsLogger.logWebContextParams No context init parameter 'org.apache.myfaces.VALIDATE_XML' found.
12-Mar-2015 22:13:04.421 INFO [localhost-startStop-1] org.apache.myfaces.webapp.WebConfigParamsLogger.logWebContextParams No context init parameter 'org.apache.myfaces.WRAP_SCRIPT_CONTENT_WITH_XML_COMMENT_TAG' found, using default value 'true'.
12-Mar-2015 22:13:04.421 INFO [localhost-startStop-1] org.apache.myfaces.webapp.WebConfigParamsLogger.logWebContextParams No context init parameter 'org.apache.myfaces.RENDER_FORM_SUBMIT_SCRIPT_INLINE' found, using default value 'false'.
12-Mar-2015 22:13:04.421 INFO [localhost-startStop-1] org.apache.myfaces.webapp.WebConfigParamsLogger.logWebContextParams No context init parameter 'org.apache.myfaces.DEBUG_PHASE_LISTENER' found.
12-Mar-2015 22:13:04.422 INFO [localhost-startStop-1] org.apache.myfaces.webapp.WebConfigParamsLogger.logWebContextParams No context init parameter 'org.apache.myfaces.STRICT_JSF_2_REFRESH_TARGET_AJAX' found, using default value 'false'.
12-Mar-2015 22:13:04.422 INFO [localhost-startStop-1] org.apache.myfaces.webapp.WebConfigParamsLogger.logWebContextParams No context init parameter 'org.apache.myfaces.STRICT_JSF_2_CC_EL_RESOLVER' found, using default value 'false'.
12-Mar-2015 22:13:04.422 INFO [localhost-startStop-1] org.apache.myfaces.webapp.WebConfigParamsLogger.logWebContextParams No context init parameter 'org.apache.myfaces.DEFAULT_RESPONSE_WRITER_CONTENT_TYPE_MODE' found, using default value 'text/html'.
12-Mar-2015 22:13:04.474 INFO [localhost-startStop-1] org.apache.myfaces.webapp.WebConfigParamsLogger.logWebContextParams No context init parameter 'org.apache.myfaces.VIEW_UNIQUE_IDS_CACHE_ENABLED' found, using default value 'false'.
12-Mar-2015 22:13:04.474 INFO [localhost-startStop-1] org.apache.myfaces.webapp.WebConfigParamsLogger.logWebContextParams No context init parameter 'org.apache.myfaces.COMPONENT_UNIQUE_IDS_CACHE_SIZE' found, using default value '100'.
12-Mar-2015 22:13:04.474 INFO [localhost-startStop-1] org.apache.myfaces.webapp.WebConfigParamsLogger.logWebContextParams No context init parameter 'org.apache.myfaces.SUPPORT_JSP_AND_FACES_EL' found, using default value 'true'.
12-Mar-2015 22:13:04.474 INFO [localhost-startStop-1] org.apache.myfaces.webapp.WebConfigParamsLogger.logWebContextParams No context init parameter 'org.apache.myfaces.GAE_JSF_JAR_FILES' found.
12-Mar-2015 22:13:04.474 INFO [localhost-startStop-1] org.apache.myfaces.webapp.WebConfigParamsLogger.logWebContextParams No context init parameter 'org.apache.myfaces.GAE_JSF_ANNOTATIONS_JAR_FILES' found.
12-Mar-2015 22:13:04.474 INFO [localhost-startStop-1] org.apache.myfaces.webapp.WebConfigParamsLogger.logWebContextParams No context init parameter 'org.apache.myfaces.FLASH_SCOPE_DISABLED' found, using default value 'false'.
12-Mar-2015 22:13:04.474 INFO [localhost-startStop-1] org.apache.myfaces.webapp.WebConfigParamsLogger.logWebContextParams No context init parameter 'org.apache.myfaces.RESOURCE_MAX_TIME_EXPIRES' found, using default value '604800000'.
12-Mar-2015 22:13:04.474 INFO [localhost-startStop-1] org.apache.myfaces.webapp.WebConfigParamsLogger.logWebContextParams No context init parameter 'org.apache.myfaces.RESOURCE_HANDLER_CACHE_SIZE' found, using default value '500'.
12-Mar-2015 22:13:04.474 INFO [localhost-startStop-1] org.apache.myfaces.webapp.WebConfigParamsLogger.logWebContextParams No context init parameter 'org.apache.myfaces.RESOURCE_HANDLER_CACHE_ENABLED' found, using default value 'true'.
12-Mar-2015 22:13:04.474 INFO [localhost-startStop-1] org.apache.myfaces.webapp.WebConfigParamsLogger.logWebContextParams No context init parameter 'org.apache.myfaces.USE_ENCRYPTION' found, using default value 'true'.
12-Mar-2015 22:13:04.474 INFO [localhost-startStop-1] org.apache.myfaces.webapp.WebConfigParamsLogger.logWebContextParams No context init parameter 'org.apache.myfaces.SECRET' found.
12-Mar-2015 22:13:04.474 INFO [localhost-startStop-1] org.apache.myfaces.webapp.WebConfigParamsLogger.logWebContextParams No context init parameter 'org.apache.myfaces.ALGORITHM' found, using default value 'DES'.
12-Mar-2015 22:13:04.474 INFO [localhost-startStop-1] org.apache.myfaces.webapp.WebConfigParamsLogger.logWebContextParams No context init parameter 'org.apache.myfaces.SECRET.CACHE' found.
12-Mar-2015 22:13:04.474 INFO [localhost-startStop-1] org.apache.myfaces.webapp.WebConfigParamsLogger.logWebContextParams No context init parameter 'org.apache.myfaces.ALGORITHM.IV' found.
12-Mar-2015 22:13:04.474 INFO [localhost-startStop-1] org.apache.myfaces.webapp.WebConfigParamsLogger.logWebContextParams No context init parameter 'org.apache.myfaces.ALGORITHM.PARAMETERS' found, using default value 'ECB/PKCS5Padding'.
12-Mar-2015 22:13:04.474 INFO [localhost-startStop-1] org.apache.myfaces.webapp.WebConfigParamsLogger.logWebContextParams No context init parameter 'org.apache.myfaces.SERIAL_FACTORY' found.
12-Mar-2015 22:13:04.474 INFO [localhost-startStop-1] org.apache.myfaces.webapp.WebConfigParamsLogger.logWebContextParams No context init parameter 'org.apache.myfaces.COMPRESS_STATE_IN_CLIENT' found, using default value 'false'.
12-Mar-2015 22:13:04.475 INFO [localhost-startStop-1] org.apache.myfaces.webapp.WebConfigParamsLogger.logWebContextParams No context init parameter 'org.apache.myfaces.MAC_ALGORITHM' found, using default value 'HmacSHA1'.
12-Mar-2015 22:13:04.475 INFO [localhost-startStop-1] org.apache.myfaces.webapp.WebConfigParamsLogger.logWebContextParams No context init parameter 'org.apache.myfaces.MAC_SECRET' found.
12-Mar-2015 22:13:04.475 INFO [localhost-startStop-1] org.apache.myfaces.webapp.WebConfigParamsLogger.logWebContextParams No context init parameter 'org.apache.myfaces.MAC_SECRET.CACHE' found.
12-Mar-2015 22:13:04.527 INFO [localhost-startStop-1] org.apache.myfaces.webapp.WebConfigParamsLogger.logWebContextParams No context init parameter 'javax.faces.DATETIMECONVERTER_DEFAULT_TIMEZONE_IS_SYSTEM_TIMEZONE' found, using default value 'false'.
12-Mar-2015 22:13:04.527 INFO [localhost-startStop-1] org.apache.myfaces.webapp.WebConfigParamsLogger.logWebContextParams No context init parameter 'org.apache.myfaces.LAZY_LOAD_CONFIG_OBJECTS' found, using default value 'true'.
12-Mar-2015 22:13:04.527 INFO [localhost-startStop-1] org.apache.myfaces.webapp.WebConfigParamsLogger.logWebContextParams No context init parameter 'org.apache.myfaces.STRICT_JSF_2_ALLOW_SLASH_LIBRARY_NAME' found, using default value 'false'.
12-Mar-2015 22:13:04.527 INFO [localhost-startStop-1] org.apache.myfaces.webapp.WebConfigParamsLogger.logWebContextParams No context init parameter 'org.apache.myfaces.RESOURCE_BUFFER_SIZE' found, using default value '2048'.
12-Mar-2015 22:13:04.527 INFO [localhost-startStop-1] org.apache.myfaces.webapp.WebConfigParamsLogger.logWebContextParams No context init parameter 'org.apache.myfaces.CLIENT_VIEW_STATE_TIMEOUT' found, using default value '0'.
12-Mar-2015 22:13:04.527 INFO [localhost-startStop-1] org.apache.myfaces.webapp.WebConfigParamsLogger.logWebContextParams No context init parameter 'org.apache.myfaces.NUMBER_OF_SEQUENTIAL_VIEWS_IN_SESSION' found.
12-Mar-2015 22:13:04.527 INFO [localhost-startStop-1] org.apache.myfaces.webapp.WebConfigParamsLogger.logWebContextParams No context init parameter 'org.apache.myfaces.CACHE_OLD_VIEWS_IN_SESSION_MODE' found, using default value 'off'.
12-Mar-2015 22:13:04.527 INFO [localhost-startStop-1] org.apache.myfaces.webapp.WebConfigParamsLogger.logWebContextParams No context init parameter 'org.apache.myfaces.USE_FLASH_SCOPE_PURGE_VIEWS_IN_SESSION' found, using default value 'false'.
12-Mar-2015 22:13:04.527 INFO [localhost-startStop-1] org.apache.myfaces.webapp.WebConfigParamsLogger.logWebContextParams No context init parameter 'org.apache.myfaces.RANDOM_KEY_IN_VIEW_STATE_SESSION_TOKEN' found, using default value 'none'.
12-Mar-2015 22:13:04.527 INFO [localhost-startStop-1] org.apache.myfaces.webapp.WebConfigParamsLogger.logWebContextParams No context init parameter 'org.apache.myfaces.RANDOM_KEY_IN_VIEW_STATE_SESSION_TOKEN_LENGTH' found, using default value '8'.
12-Mar-2015 22:13:04.527 INFO [localhost-startStop-1] org.apache.myfaces.webapp.WebConfigParamsLogger.logWebContextParams No context init parameter 'org.apache.myfaces.RANDOM_KEY_IN_VIEW_STATE_SESSION_TOKEN_SECURE_RANDOM_CLASS' found.
12-Mar-2015 22:13:04.527 INFO [localhost-startStop-1] org.apache.myfaces.webapp.WebConfigParamsLogger.logWebContextParams No context init parameter 'org.apache.myfaces.RANDOM_KEY_IN_VIEW_STATE_SESSION_TOKEN_SECURE_RANDOM_PROVIDER' found.
12-Mar-2015 22:13:04.527 INFO [localhost-startStop-1] org.apache.myfaces.webapp.WebConfigParamsLogger.logWebContextParams No context init parameter 'org.apache.myfaces.RANDOM_KEY_IN_VIEW_STATE_SESSION_TOKEN_SECURE_RANDOM_ALGORITM' found, using default value 'SHA1PRNG'.
12-Mar-2015 22:13:04.527 INFO [localhost-startStop-1] org.apache.myfaces.webapp.WebConfigParamsLogger.logWebContextParams No context init parameter 'org.apache.myfaces.VALIDATE' found, using default value 'false'.
12-Mar-2015 22:13:04.527 INFO [localhost-startStop-1] org.apache.myfaces.webapp.WebConfigParamsLogger.logWebContextParams No context init parameter 'org.apache.myfaces.config.annotation.LifecycleProvider' found.
12-Mar-2015 22:13:04.527 INFO [localhost-startStop-1] org.apache.myfaces.webapp.WebConfigParamsLogger.logWebContextParams No context init parameter 'org.apache.myfaces.EL_RESOLVER_COMPARATOR' found.
12-Mar-2015 22:13:04.528 INFO [localhost-startStop-1] org.apache.myfaces.webapp.WebConfigParamsLogger.logWebContextParams No context init parameter 'org.apache.myfaces.EL_RESOLVER_PREDICATE' found.
12-Mar-2015 22:13:04.528 INFO [localhost-startStop-1] org.apache.myfaces.webapp.WebConfigParamsLogger.logWebContextParams No context init parameter 'org.apache.myfaces.CHECKED_VIEWID_CACHE_SIZE' found, using default value '500'.
12-Mar-2015 22:13:04.578 INFO [localhost-startStop-1] org.apache.myfaces.webapp.WebConfigParamsLogger.logWebContextParams No context init parameter 'org.apache.myfaces.CHECKED_VIEWID_CACHE_ENABLED' found, using default value 'true'.
12-Mar-2015 22:13:04.578 INFO [localhost-startStop-1] org.apache.myfaces.webapp.WebConfigParamsLogger.logWebContextParams No context init parameter 'org.apache.myfaces.ERROR_TEMPLATE_RESOURCE' found, using default value 'META-INF/rsc/myfaces-dev-error.xml'.
12-Mar-2015 22:13:04.578 INFO [localhost-startStop-1] org.apache.myfaces.webapp.WebConfigParamsLogger.logWebContextParams No context init parameter 'org.apache.myfaces.DEBUG_TEMPLATE_RESOURCE' found, using default value 'META-INF/rsc/myfaces-dev-debug.xml'.
12-Mar-2015 22:13:04.578 INFO [localhost-startStop-1] org.apache.myfaces.webapp.WebConfigParamsLogger.logWebContextParams No context init parameter 'org.apache.myfaces.ERROR_HANDLING' found, using default value 'false, on Development Project stage: true'.
12-Mar-2015 22:13:04.578 INFO [localhost-startStop-1] org.apache.myfaces.webapp.WebConfigParamsLogger.logWebContextParams No context init parameter 'org.apache.myfaces.HANDLE_STATE_CACHING_MECHANICS' found, using default value 'true'.
12-Mar-2015 22:13:04.578 INFO [localhost-startStop-1] org.apache.myfaces.webapp.WebConfigParamsLogger.logWebContextParams No context init parameter 'org.apache.myfaces.USE_MULTIPLE_JS_FILES_FOR_JSF_UNCOMPRESSED_JS' found, using default value 'false'.
12-Mar-2015 22:13:04.578 INFO [localhost-startStop-1] org.apache.myfaces.webapp.WebConfigParamsLogger.logWebContextParams No context init parameter 'org.apache.myfaces.JSF_JS_MODE' found, using default value 'normal'.
12-Mar-2015 22:13:04.578 INFO [localhost-startStop-1] org.apache.myfaces.webapp.WebConfigParamsLogger.logWebContextParams No context init parameter 'org.apache.myfaces.SERVICE_PROVIDER_FINDER' found.
12-Mar-2015 22:13:04.578 INFO [localhost-startStop-1] org.apache.myfaces.webapp.WebConfigParamsLogger.logWebContextParams No context init parameter 'javax.faces.DISABLE_FACELET_JSF_VIEWHANDLER' found, using default value 'false'.
12-Mar-2015 22:13:04.578 INFO [localhost-startStop-1] org.apache.myfaces.webapp.WebConfigParamsLogger.logWebContextParams No context init parameter 'org.apache.myfaces.SAVE_STATE_WITH_VISIT_TREE_ON_PSS' found, using default value 'true'.
12-Mar-2015 22:13:04.578 INFO [localhost-startStop-1] org.apache.myfaces.webapp.WebConfigParamsLogger.logWebContextParams No context init parameter 'org.apache.myfaces.CHECK_ID_PRODUCTION_MODE' found, using default value 'auto'.
12-Mar-2015 22:13:04.578 INFO [localhost-startStop-1] org.apache.myfaces.webapp.WebConfigParamsLogger.logWebContextParams No context init parameter 'javax.faces.FACELETS_BUFFER_SIZE' found.
12-Mar-2015 22:13:04.578 INFO [localhost-startStop-1] org.apache.myfaces.webapp.WebConfigParamsLogger.logWebContextParams No context init parameter 'facelets.BUFFER_SIZE' found.
12-Mar-2015 22:13:04.578 INFO [localhost-startStop-1] org.apache.myfaces.webapp.WebConfigParamsLogger.logWebContextParams No context init parameter 'javax.faces.FACELETS_DECORATORS' found.
12-Mar-2015 22:13:04.579 INFO [localhost-startStop-1] org.apache.myfaces.webapp.WebConfigParamsLogger.logWebContextParams No context init parameter 'facelets.DECORATORS' found.
12-Mar-2015 22:13:04.579 INFO [localhost-startStop-1] org.apache.myfaces.webapp.WebConfigParamsLogger.logWebContextParams No context init parameter 'javax.faces.FACELETS_LIBRARIES' found.
12-Mar-2015 22:13:04.579 INFO [localhost-startStop-1] org.apache.myfaces.webapp.WebConfigParamsLogger.logWebContextParams No context init parameter 'facelets.LIBRARIES' found.
12-Mar-2015 22:13:04.579 INFO [localhost-startStop-1] org.apache.myfaces.webapp.WebConfigParamsLogger.logWebContextParams No context init parameter 'javax.faces.FACELETS_REFRESH_PERIOD' found, using default value '-1'.
12-Mar-2015 22:13:04.579 INFO [localhost-startStop-1] org.apache.myfaces.webapp.WebConfigParamsLogger.logWebContextParams No context init parameter 'facelets.REFRESH_PERIOD' found, using default value '-1'.
12-Mar-2015 22:13:04.629 INFO [localhost-startStop-1] org.apache.myfaces.webapp.WebConfigParamsLogger.logWebContextParams No context init parameter 'javax.faces.FACELETS_RESOURCE_RESOLVER' found.
12-Mar-2015 22:13:04.629 INFO [localhost-startStop-1] org.apache.myfaces.webapp.WebConfigParamsLogger.logWebContextParams No context init parameter 'facelets.RESOURCE_RESOLVER' found.
12-Mar-2015 22:13:04.629 INFO [localhost-startStop-1] org.apache.myfaces.webapp.WebConfigParamsLogger.logWebContextParams No context init parameter 'javax.faces.FACELETS_SKIP_COMMENTS' found.
12-Mar-2015 22:13:04.629 INFO [localhost-startStop-1] org.apache.myfaces.webapp.WebConfigParamsLogger.logWebContextParams No context init parameter 'facelets.SKIP_COMMENTS' found.
12-Mar-2015 22:13:04.629 INFO [localhost-startStop-1] org.apache.myfaces.webapp.WebConfigParamsLogger.logWebContextParams No context init parameter 'org.apache.myfaces.MARK_INITIAL_STATE_WHEN_APPLY_BUILD_VIEW' found, using default value 'false'.
12-Mar-2015 22:13:04.629 INFO [localhost-startStop-1] org.apache.myfaces.webapp.WebConfigParamsLogger.logWebContextParams No context init parameter 'org.apache.myfaces.WRAP_TAG_EXCEPTIONS_AS_CONTEXT_AWARE' found, using default value 'true'.
12-Mar-2015 22:13:04.629 INFO [localhost-startStop-1] org.apache.myfaces.webapp.WebConfigParamsLogger.logWebContextParams No context init parameter 'org.apache.myfaces.CACHE_EL_EXPRESSIONS' found, using default value 'noCache'.
12-Mar-2015 22:13:04.629 INFO [localhost-startStop-1] org.apache.myfaces.webapp.WebConfigParamsLogger.logWebContextParams No context init parameter 'org.apache.myfaces.EXPRESSION_FACTORY' found.
12-Mar-2015 22:13:04.629 INFO [localhost-startStop-1] org.apache.myfaces.webapp.WebConfigParamsLogger.logWebContextParams No context init parameter 'org.apache.myfaces.INITIALIZE_ALWAYS_STANDALONE' found, using default value 'false'.
12-Mar-2015 22:13:04.629 INFO [localhost-startStop-1] org.apache.myfaces.webapp.WebConfigParamsLogger.logWebContextParams No context init parameter 'org.apache.myfaces.LOG_WEB_CONTEXT_PARAMS' found, using default value 'auto'.
12-Mar-2015 22:13:04.629 INFO [localhost-startStop-1] org.apache.myfaces.webapp.WebConfigParamsLogger.logWebContextParams No context init parameter 'org.apache.myfaces.FACES_INITIALIZER' found.
12-Mar-2015 22:13:04.629 INFO [localhost-startStop-1] org.apache.myfaces.webapp.WebConfigParamsLogger.logWebContextParams No context init parameter 'org.apache.myfaces.FACES_INIT_PLUGINS' found.
12-Mar-2015 22:13:04.629 INFO [localhost-startStop-1] org.apache.myfaces.webapp.WebConfigParamsLogger.logWebContextParams No context init parameter 'org.apache.myfaces.RESOURCE_VIRTUAL_PATH' found.
12-Mar-2015 22:13:04.630 INFO [localhost-startStop-1] org.apache.myfaces.webapp.WebConfigParamsLogger.logWebContextParams No context init parameter 'org.apache.myfaces.DETECT_JAVASCRIPT' found, using default value 'false'.
12-Mar-2015 22:13:04.630 INFO [localhost-startStop-1] org.apache.myfaces.webapp.WebConfigParamsLogger.logWebContextParams No context init parameter 'org.apache.myfaces.AUTO_SCROLL' found, using default value 'false'.
12-Mar-2015 22:13:04.630 INFO [localhost-startStop-1] org.apache.myfaces.webapp.WebConfigParamsLogger.logWebContextParams No context init parameter 'org.apache.myfaces.ADD_RESOURCE_CLASS' found, using default value 'org.apache.myfaces. renderkit.html.util. DefaultAddResource'.
12-Mar-2015 22:13:04.630 INFO [localhost-startStop-1] org.apache.myfaces.webapp.WebConfigParamsLogger.logWebContextParams No context init parameter 'org.apache.myfaces.CHECK_EXTENSIONS_FILTER' found, using default value 'for JSF 2.0 since 1.1.11 false, otherwise true'.
12-Mar-2015 22:13:04.630 INFO [localhost-startStop-1] org.apache.myfaces.webapp.WebConfigParamsLogger.logWebContextParams No context init parameter 'org.apache.myfaces.READONLY_AS_DISABLED_FOR_SELECTS' found, using default value 'true'.
12-Mar-2015 22:13:04.630 INFO [localhost-startStop-1] org.apache.myfaces.util.ExternalSpecifications.isUnifiedELAvailable MyFaces Unified EL support enabled
12-Mar-2015 22:13:04.630 WARNING [localhost-startStop-1] org.apache.myfaces.webapp.AbstractFacesInitializer.initFaces 

*******************************************************************
*** WARNING: Apache MyFaces-2 is running in DEVELOPMENT mode.   ***
***                                         ^^^^^^^^^^^         ***
*** Do NOT deploy to your live server(s) without changing this. ***
*** See Application#getProjectStage() for more information.     ***
*******************************************************************

12-Mar-2015 22:13:04.719 INFO [localhost-startStop-1] org.apache.catalina.startup.HostConfig.deployDescriptor Deployment of configuration descriptor C:\Users\10tacle\Desktop\aDashboard\Server\apache-tomcat-8.0.15\conf\Catalina\localhost\dashboard.xml has finished in 6,897 ms
12-Mar-2015 22:13:04.720 INFO [localhost-startStop-1] org.apache.catalina.startup.HostConfig.deployDescriptor Deploying configuration descriptor C:\Users\10tacle\Desktop\aDashboard\Server\apache-tomcat-8.0.15\conf\Catalina\localhost\spoverwaltung.xml
12-Mar-2015 22:13:04.721 WARNING [localhost-startStop-1] org.apache.catalina.startup.HostConfig.deployDescriptor A docBase C:\Users\10tacle\Desktop\aDashboard\Server\apache-tomcat-8.0.15\webapps\home\dev\NetBeansProjects\SPOSys\target\sposys inside the host appBase has been specified, and will be ignored
12-Mar-2015 22:13:04.722 WARNING [localhost-startStop-1] org.apache.catalina.startup.SetContextPropertiesRule.begin [SetContextPropertiesRule]{Context} Setting property 'antiJARLocking' to 'true' did not find a matching property.
12-Mar-2015 22:13:04.724 SEVERE [localhost-startStop-1] org.apache.catalina.core.ContainerBase.addChildInternal ContainerBase.addChild: start: 
 org.apache.catalina.LifecycleException: Failed to start component [StandardEngine[Catalina].StandardHost[localhost].StandardContext[/spoverwaltung]]
	at org.apache.catalina.util.LifecycleBase.start(LifecycleBase.java:154)
	at org.apache.catalina.core.ContainerBase.addChildInternal(ContainerBase.java:725)
	at org.apache.catalina.core.ContainerBase.addChild(ContainerBase.java:701)
	at org.apache.catalina.core.StandardHost.addChild(StandardHost.java:714)
	at org.apache.catalina.startup.HostConfig.deployDescriptor(HostConfig.java:581)
	at org.apache.catalina.startup.HostConfig$DeployDescriptor.run(HostConfig.java:1683)
	at java.util.concurrent.Executors$RunnableAdapter.call(Executors.java:471)
	at java.util.concurrent.FutureTask.run(FutureTask.java:262)
	at java.util.concurrent.ThreadPoolExecutor.runWorker(ThreadPoolExecutor.java:1145)
	at java.util.concurrent.ThreadPoolExecutor$Worker.run(ThreadPoolExecutor.java:615)
	at java.lang.Thread.run(Thread.java:745)
Caused by: org.apache.catalina.LifecycleException: Failed to start component [org.apache.catalina.webresources.StandardRoot@700f6f4c]
	at org.apache.catalina.util.LifecycleBase.start(LifecycleBase.java:154)
	at org.apache.catalina.core.StandardContext.resourcesStart(StandardContext.java:4875)
	at org.apache.catalina.core.StandardContext.startInternal(StandardContext.java:5004)
	at org.apache.catalina.util.LifecycleBase.start(LifecycleBase.java:150)
	... 10 more
Caused by: java.lang.IllegalArgumentException: The main resource set specified [C:\Users\10tacle\Desktop\aDashboard\Server\apache-tomcat-8.0.15\webapps\spoverwaltung] is not valid
	at org.apache.catalina.webresources.StandardRoot.startInternal(StandardRoot.java:670)
	at org.apache.catalina.util.LifecycleBase.start(LifecycleBase.java:150)
	... 13 more

12-Mar-2015 22:13:04.725 SEVERE [localhost-startStop-1] org.apache.catalina.startup.HostConfig.deployDescriptor Error deploying configuration descriptor C:\Users\10tacle\Desktop\aDashboard\Server\apache-tomcat-8.0.15\conf\Catalina\localhost\spoverwaltung.xml
 java.lang.IllegalStateException: ContainerBase.addChild: start: org.apache.catalina.LifecycleException: Failed to start component [StandardEngine[Catalina].StandardHost[localhost].StandardContext[/spoverwaltung]]
	at org.apache.catalina.core.ContainerBase.addChildInternal(ContainerBase.java:728)
	at org.apache.catalina.core.ContainerBase.addChild(ContainerBase.java:701)
	at org.apache.catalina.core.StandardHost.addChild(StandardHost.java:714)
	at org.apache.catalina.startup.HostConfig.deployDescriptor(HostConfig.java:581)
	at org.apache.catalina.startup.HostConfig$DeployDescriptor.run(HostConfig.java:1683)
	at java.util.concurrent.Executors$RunnableAdapter.call(Executors.java:471)
	at java.util.concurrent.FutureTask.run(FutureTask.java:262)
	at java.util.concurrent.ThreadPoolExecutor.runWorker(ThreadPoolExecutor.java:1145)
	at java.util.concurrent.ThreadPoolExecutor$Worker.run(ThreadPoolExecutor.java:615)
	at java.lang.Thread.run(Thread.java:745)

12-Mar-2015 22:13:04.732 INFO [localhost-startStop-1] org.apache.catalina.startup.HostConfig.deployDescriptor Deployment of configuration descriptor C:\Users\10tacle\Desktop\aDashboard\Server\apache-tomcat-8.0.15\conf\Catalina\localhost\spoverwaltung.xml has finished in 12 ms
12-Mar-2015 22:13:04.733 INFO [localhost-startStop-1] org.apache.catalina.startup.HostConfig.deployDirectory Deploying web application directory C:\Users\10tacle\Desktop\aDashboard\Server\apache-tomcat-8.0.15\webapps\docs
12-Mar-2015 22:13:04.840 INFO [localhost-startStop-1] org.apache.jasper.servlet.TldScanner.scanJars At least one JAR was scanned for TLDs yet contained no TLDs. Enable debug logging for this logger for a complete list of JARs that were scanned but no TLDs were found in them. Skipping unneeded JARs during scanning can improve startup time and JSP compilation time.
12-Mar-2015 22:13:04.842 INFO [localhost-startStop-1] org.apache.catalina.startup.HostConfig.deployDirectory Deployment of web application directory C:\Users\10tacle\Desktop\aDashboard\Server\apache-tomcat-8.0.15\webapps\docs has finished in 109 ms
12-Mar-2015 22:13:04.842 INFO [localhost-startStop-1] org.apache.catalina.startup.HostConfig.deployDirectory Deploying web application directory C:\Users\10tacle\Desktop\aDashboard\Server\apache-tomcat-8.0.15\webapps\examples
12-Mar-2015 22:13:05.355 INFO [localhost-startStop-1] org.apache.catalina.startup.HostConfig.deployDirectory Deployment of web application directory C:\Users\10tacle\Desktop\aDashboard\Server\apache-tomcat-8.0.15\webapps\examples has finished in 513 ms
12-Mar-2015 22:13:05.355 INFO [localhost-startStop-1] org.apache.catalina.startup.HostConfig.deployDirectory Deploying web application directory C:\Users\10tacle\Desktop\aDashboard\Server\apache-tomcat-8.0.15\webapps\host-manager
12-Mar-2015 22:13:05.512 INFO [localhost-startStop-1] org.apache.jasper.servlet.TldScanner.scanJars At least one JAR was scanned for TLDs yet contained no TLDs. Enable debug logging for this logger for a complete list of JARs that were scanned but no TLDs were found in them. Skipping unneeded JARs during scanning can improve startup time and JSP compilation time.
12-Mar-2015 22:13:05.516 INFO [localhost-startStop-1] org.apache.catalina.startup.HostConfig.deployDirectory Deployment of web application directory C:\Users\10tacle\Desktop\aDashboard\Server\apache-tomcat-8.0.15\webapps\host-manager has finished in 161 ms
12-Mar-2015 22:13:05.516 INFO [localhost-startStop-1] org.apache.catalina.startup.HostConfig.deployDirectory Deploying web application directory C:\Users\10tacle\Desktop\aDashboard\Server\apache-tomcat-8.0.15\webapps\manager
12-Mar-2015 22:13:05.652 INFO [localhost-startStop-1] org.apache.jasper.servlet.TldScanner.scanJars At least one JAR was scanned for TLDs yet contained no TLDs. Enable debug logging for this logger for a complete list of JARs that were scanned but no TLDs were found in them. Skipping unneeded JARs during scanning can improve startup time and JSP compilation time.
12-Mar-2015 22:13:05.655 INFO [localhost-startStop-1] org.apache.catalina.startup.HostConfig.deployDirectory Deployment of web application directory C:\Users\10tacle\Desktop\aDashboard\Server\apache-tomcat-8.0.15\webapps\manager has finished in 139 ms
12-Mar-2015 22:13:05.655 INFO [localhost-startStop-1] org.apache.catalina.startup.HostConfig.deployDirectory Deploying web application directory C:\Users\10tacle\Desktop\aDashboard\Server\apache-tomcat-8.0.15\webapps\ROOT
12-Mar-2015 22:13:05.782 INFO [localhost-startStop-1] org.apache.jasper.servlet.TldScanner.scanJars At least one JAR was scanned for TLDs yet contained no TLDs. Enable debug logging for this logger for a complete list of JARs that were scanned but no TLDs were found in them. Skipping unneeded JARs during scanning can improve startup time and JSP compilation time.
12-Mar-2015 22:13:05.785 INFO [localhost-startStop-1] org.apache.catalina.startup.HostConfig.deployDirectory Deployment of web application directory C:\Users\10tacle\Desktop\aDashboard\Server\apache-tomcat-8.0.15\webapps\ROOT has finished in 130 ms
12-Mar-2015 22:13:06.420 INFO [main] org.apache.coyote.AbstractProtocol.start Starting ProtocolHandler ["http-nio-8080"]
12-Mar-2015 22:13:06.441 INFO [main] org.apache.coyote.AbstractProtocol.start Starting ProtocolHandler ["ajp-nio-8009"]
12-Mar-2015 22:13:06.460 INFO [main] org.apache.catalina.startup.Catalina.start Server startup in 8680 ms
12-Mar-2015 22:13:11.379 INFO [http-nio-8080-exec-5] org.apache.catalina.startup.HostConfig.undeploy Undeploying context [/dashboard]
12-Mar-2015 22:13:11.425 INFO [http-nio-8080-exec-6] org.apache.catalina.startup.HostConfig.deployDescriptor Deploying configuration descriptor C:\Users\10tacle\Desktop\aDashboard\Server\apache-tomcat-8.0.15\conf\Catalina\localhost\dashboard.xml
12-Mar-2015 22:13:11.431 WARNING [http-nio-8080-exec-6] org.apache.catalina.startup.SetContextPropertiesRule.begin [SetContextPropertiesRule]{Context} Setting property 'antiJARLocking' to 'true' did not find a matching property.
12-Mar-2015 22:13:13.834 INFO [http-nio-8080-exec-6] null.null Reading standard config META-INF/standard-faces-config.xml
12-Mar-2015 22:13:14.003 INFO [http-nio-8080-exec-6] org.apache.myfaces.config.DefaultFacesConfigurationProvider.getWebAppFacesConfig Reading config /WEB-INF/faces-config.xml
12-Mar-2015 22:13:14.412 INFO [http-nio-8080-exec-6] org.apache.myfaces.config.DefaultFacesConfigurationProvider.getClassloaderFacesConfig Reading config : jar:file:/C:/Users/10tacle/Desktop/aDashboard/target/helloworld/WEB-INF/lib/primefaces-5.1.jar!/META-INF/faces-config.xml
12-Mar-2015 22:13:14.435 INFO [http-nio-8080-exec-6] org.apache.myfaces.config.DefaultFacesConfigurationProvider.getClassloaderFacesConfig Reading config : jar:file:/C:/Users/10tacle/Desktop/aDashboard/target/helloworld/WEB-INF/lib/primefaces-extensions-3.0.0.jar!/META-INF/faces-config.xml
12-Mar-2015 22:13:14.441 INFO [http-nio-8080-exec-6] org.apache.myfaces.config.DefaultFacesConfigurationProvider.getClassloaderFacesConfig Reading config : jar:file:/C:/Users/10tacle/Desktop/aDashboard/target/helloworld/WEB-INF/lib/tomahawk20-1.1.14.jar!/META-INF/faces-config.xml
12-Mar-2015 22:13:14.461 INFO [http-nio-8080-exec-6] null.null Artifact 'myfaces-api' was found in version '2.1.10' from path 'file:/C:/Users/10tacle/Desktop/aDashboard/target/helloworld/WEB-INF/lib/myfaces-api-2.1.10.jar'
12-Mar-2015 22:13:14.461 INFO [http-nio-8080-exec-6] null.null Artifact 'myfaces-impl' was found in version '2.1.10' from path 'file:/C:/Users/10tacle/Desktop/aDashboard/target/helloworld/WEB-INF/lib/myfaces-impl-2.1.10.jar'
12-Mar-2015 22:13:14.462 INFO [http-nio-8080-exec-6] null.null Artifact 'tomahawk20' was found in version '1.1.14' from path 'file:/C:/Users/10tacle/Desktop/aDashboard/target/helloworld/WEB-INF/lib/tomahawk20-1.1.14.jar'
12-Mar-2015 22:13:14.533 INFO [http-nio-8080-exec-6] org.apache.myfaces.util.ExternalSpecifications.isBeanValidationAvailable MyFaces Bean Validation support disabled
12-Mar-2015 22:13:14.762 INFO [http-nio-8080-exec-6] org.apache.myfaces.config.FacesConfigurator.handleSerialFactory Serialization provider : class org.apache.myfaces.shared_impl.util.serial.DefaultSerialFactory
12-Mar-2015 22:13:14.769 INFO [http-nio-8080-exec-6] org.apache.myfaces.config.annotation.DefaultLifecycleProviderFactory.getLifecycleProvider Using LifecycleProvider org.apache.myfaces.config.annotation.Tomcat7AnnotationLifecycleProvider
12-Mar-2015 22:13:14.780 INFO [http-nio-8080-exec-6] org.primefaces.webapp.PostConstructApplicationEventListener.processEvent Running on PrimeFaces 5.1
12-Mar-2015 22:13:14.780 INFO [http-nio-8080-exec-6] org.primefaces.extensions.application.PostConstructApplicationEventListener.processEvent Running on PrimeFaces Extensions 3.0.0
12-Mar-2015 22:13:14.780 INFO [http-nio-8080-exec-6] org.apache.myfaces.webapp.AbstractFacesInitializer.initFaces ServletContext initialized.
12-Mar-2015 22:13:14.783 INFO [http-nio-8080-exec-6] org.apache.myfaces.webapp.WebConfigParamsLogger.logWebContextParams Starting up Tomahawk on the MyFaces-JSF-Implementation
12-Mar-2015 22:13:14.783 INFO [http-nio-8080-exec-6] org.apache.myfaces.webapp.WebConfigParamsLogger.logWebContextParams Scanning for context init parameters not defined. It is not necessary to define them all into your web.xml, they are just provided here for informative purposes. To disable this messages set org.apache.myfaces.LOG_WEB_CONTEXT_PARAMS config param to 'false'
12-Mar-2015 22:13:14.783 INFO [http-nio-8080-exec-6] org.apache.myfaces.webapp.WebConfigParamsLogger.logWebContextParams No context init parameter 'javax.faces.RESOURCE_EXCLUDES' found, using default value '.class .jsp .jspx .properties .xhtml .groovy'.
12-Mar-2015 22:13:14.784 INFO [http-nio-8080-exec-6] org.apache.myfaces.webapp.WebConfigParamsLogger.logWebContextParams No context init parameter 'javax.faces.FULL_STATE_SAVING_VIEW_IDS' found.
12-Mar-2015 22:13:14.784 INFO [http-nio-8080-exec-6] org.apache.myfaces.webapp.WebConfigParamsLogger.logWebContextParams No context init parameter 'javax.faces.PARTIAL_STATE_SAVING' found, using default value 'true (false with 1.2 webapps)'.
12-Mar-2015 22:13:14.784 INFO [http-nio-8080-exec-6] org.apache.myfaces.webapp.WebConfigParamsLogger.logWebContextParams No context init parameter 'javax.faces.DEFAULT_SUFFIX' found, using default value '.xhtml .view.xml .jsp'.
12-Mar-2015 22:13:14.784 INFO [http-nio-8080-exec-6] org.apache.myfaces.webapp.WebConfigParamsLogger.logWebContextParams No context init parameter 'javax.faces.FACELETS_SUFFIX' found, using default value '.xhtml'.
12-Mar-2015 22:13:14.784 INFO [http-nio-8080-exec-6] org.apache.myfaces.webapp.WebConfigParamsLogger.logWebContextParams No context init parameter 'javax.faces.FACELETS_VIEW_MAPPINGS' found.
12-Mar-2015 22:13:14.784 INFO [http-nio-8080-exec-6] org.apache.myfaces.webapp.WebConfigParamsLogger.logWebContextParams No context init parameter 'javax.faces.HONOR_CURRENT_COMPONENT_ATTRIBUTES' found, using default value 'false'.
12-Mar-2015 22:13:14.784 INFO [http-nio-8080-exec-6] org.apache.myfaces.webapp.WebConfigParamsLogger.logWebContextParams No context init parameter 'javax.faces.VALIDATE_EMPTY_FIELDS' found, using default value 'auto'.
12-Mar-2015 22:13:14.784 INFO [http-nio-8080-exec-6] org.apache.myfaces.webapp.WebConfigParamsLogger.logWebContextParams No context init parameter 'org.apache.myfaces.ENUM_CONVERTER_ALLOW_STRING_PASSTROUGH' found, using default value 'false'.
12-Mar-2015 22:13:14.785 INFO [http-nio-8080-exec-6] org.apache.myfaces.webapp.WebConfigParamsLogger.logWebContextParams No context init parameter 'javax.faces.validator.DISABLE_DEFAULT_BEAN_VALIDATOR' found, using default value 'true'.
12-Mar-2015 22:13:14.785 INFO [http-nio-8080-exec-6] org.apache.myfaces.webapp.WebConfigParamsLogger.logWebContextParams No context init parameter 'javax.faces.CONFIG_FILES' found.
12-Mar-2015 22:13:14.785 INFO [http-nio-8080-exec-6] org.apache.myfaces.webapp.WebConfigParamsLogger.logWebContextParams No context init parameter 'javax.faces.LIFECYCLE_ID' found.
12-Mar-2015 22:13:14.785 INFO [http-nio-8080-exec-6] org.apache.myfaces.webapp.WebConfigParamsLogger.logWebContextParams No context init parameter 'org.apache.myfaces.ERROR_HANDLER' found.
12-Mar-2015 22:13:14.785 INFO [http-nio-8080-exec-6] org.apache.myfaces.webapp.WebConfigParamsLogger.logWebContextParams No context init parameter 'org.apache.myfaces.CHECKED_VIEWID_CACHE_SIZE' found, using default value '500'.
12-Mar-2015 22:13:14.819 INFO [http-nio-8080-exec-6] org.apache.myfaces.webapp.WebConfigParamsLogger.logWebContextParams No context init parameter 'org.apache.myfaces.CHECKED_VIEWID_CACHE_ENABLED' found, using default value 'true'.
12-Mar-2015 22:13:14.819 INFO [http-nio-8080-exec-6] org.apache.myfaces.webapp.WebConfigParamsLogger.logWebContextParams No context init parameter 'org.apache.myfaces.PRETTY_HTML' found, using default value 'true'.
12-Mar-2015 22:13:14.819 INFO [http-nio-8080-exec-6] org.apache.myfaces.webapp.WebConfigParamsLogger.logWebContextParams No context init parameter 'org.apache.myfaces.ALLOW_JAVASCRIPT' found, using default value 'true'.
12-Mar-2015 22:13:14.819 INFO [http-nio-8080-exec-6] org.apache.myfaces.webapp.WebConfigParamsLogger.logWebContextParams No context init parameter 'org.apache.myfaces.CONFIG_REFRESH_PERIOD' found, using default value '2'.
12-Mar-2015 22:13:14.819 INFO [http-nio-8080-exec-6] org.apache.myfaces.webapp.WebConfigParamsLogger.logWebContextParams No context init parameter 'org.apache.myfaces.VIEWSTATE_JAVASCRIPT' found, using default value 'false'.
12-Mar-2015 22:13:14.819 INFO [http-nio-8080-exec-6] org.apache.myfaces.webapp.WebConfigParamsLogger.logWebContextParams No context init parameter 'org.apache.myfaces.RENDER_VIEWSTATE_ID' found, using default value 'true'.
12-Mar-2015 22:13:14.819 INFO [http-nio-8080-exec-6] org.apache.myfaces.webapp.WebConfigParamsLogger.logWebContextParams No context init parameter 'org.apache.myfaces.STRICT_XHTML_LINKS' found, using default value 'true'.
12-Mar-2015 22:13:14.819 INFO [http-nio-8080-exec-6] org.apache.myfaces.webapp.WebConfigParamsLogger.logWebContextParams No context init parameter 'org.apache.myfaces.RENDER_CLEAR_JAVASCRIPT_FOR_BUTTON' found, using default value 'false'.
12-Mar-2015 22:13:14.819 INFO [http-nio-8080-exec-6] org.apache.myfaces.webapp.WebConfigParamsLogger.logWebContextParams No context init parameter 'org.apache.myfaces.RENDER_HIDDEN_FIELDS_FOR_LINK_PARAMS' found, using default value 'false'.
12-Mar-2015 22:13:14.819 INFO [http-nio-8080-exec-6] org.apache.myfaces.webapp.WebConfigParamsLogger.logWebContextParams No context init parameter 'org.apache.myfaces.SAVE_FORM_SUBMIT_LINK_IE' found, using default value 'false'.
12-Mar-2015 22:13:14.819 INFO [http-nio-8080-exec-6] org.apache.myfaces.webapp.WebConfigParamsLogger.logWebContextParams No context init parameter 'org.apache.myfaces.DELEGATE_FACES_SERVLET' found.
12-Mar-2015 22:13:14.819 INFO [http-nio-8080-exec-6] org.apache.myfaces.webapp.WebConfigParamsLogger.logWebContextParams No context init parameter 'org.apache.myfaces.REFRESH_TRANSIENT_BUILD_ON_PSS' found, using default value 'auto'.
12-Mar-2015 22:13:14.819 INFO [http-nio-8080-exec-6] org.apache.myfaces.webapp.WebConfigParamsLogger.logWebContextParams No context init parameter 'org.apache.myfaces.REFRESH_TRANSIENT_BUILD_ON_PSS_PRESERVE_STATE' found, using default value 'false'.
12-Mar-2015 22:13:14.820 INFO [http-nio-8080-exec-6] org.apache.myfaces.webapp.WebConfigParamsLogger.logWebContextParams No context init parameter 'org.apache.myfaces.VALIDATE_XML' found.
12-Mar-2015 22:13:14.820 INFO [http-nio-8080-exec-6] org.apache.myfaces.webapp.WebConfigParamsLogger.logWebContextParams No context init parameter 'org.apache.myfaces.WRAP_SCRIPT_CONTENT_WITH_XML_COMMENT_TAG' found, using default value 'true'.
12-Mar-2015 22:13:14.820 INFO [http-nio-8080-exec-6] org.apache.myfaces.webapp.WebConfigParamsLogger.logWebContextParams No context init parameter 'org.apache.myfaces.RENDER_FORM_SUBMIT_SCRIPT_INLINE' found, using default value 'false'.
12-Mar-2015 22:13:14.820 INFO [http-nio-8080-exec-6] org.apache.myfaces.webapp.WebConfigParamsLogger.logWebContextParams No context init parameter 'org.apache.myfaces.DEBUG_PHASE_LISTENER' found.
12-Mar-2015 22:13:14.820 INFO [http-nio-8080-exec-6] org.apache.myfaces.webapp.WebConfigParamsLogger.logWebContextParams No context init parameter 'org.apache.myfaces.STRICT_JSF_2_REFRESH_TARGET_AJAX' found, using default value 'false'.
12-Mar-2015 22:13:14.820 INFO [http-nio-8080-exec-6] org.apache.myfaces.webapp.WebConfigParamsLogger.logWebContextParams No context init parameter 'org.apache.myfaces.STRICT_JSF_2_CC_EL_RESOLVER' found, using default value 'false'.
12-Mar-2015 22:13:14.870 INFO [http-nio-8080-exec-6] org.apache.myfaces.webapp.WebConfigParamsLogger.logWebContextParams No context init parameter 'org.apache.myfaces.DEFAULT_RESPONSE_WRITER_CONTENT_TYPE_MODE' found, using default value 'text/html'.
12-Mar-2015 22:13:14.870 INFO [http-nio-8080-exec-6] org.apache.myfaces.webapp.WebConfigParamsLogger.logWebContextParams No context init parameter 'org.apache.myfaces.VIEW_UNIQUE_IDS_CACHE_ENABLED' found, using default value 'false'.
12-Mar-2015 22:13:14.870 INFO [http-nio-8080-exec-6] org.apache.myfaces.webapp.WebConfigParamsLogger.logWebContextParams No context init parameter 'org.apache.myfaces.COMPONENT_UNIQUE_IDS_CACHE_SIZE' found, using default value '100'.
12-Mar-2015 22:13:14.870 INFO [http-nio-8080-exec-6] org.apache.myfaces.webapp.WebConfigParamsLogger.logWebContextParams No context init parameter 'org.apache.myfaces.SUPPORT_JSP_AND_FACES_EL' found, using default value 'true'.
12-Mar-2015 22:13:14.870 INFO [http-nio-8080-exec-6] org.apache.myfaces.webapp.WebConfigParamsLogger.logWebContextParams No context init parameter 'org.apache.myfaces.GAE_JSF_JAR_FILES' found.
12-Mar-2015 22:13:14.870 INFO [http-nio-8080-exec-6] org.apache.myfaces.webapp.WebConfigParamsLogger.logWebContextParams No context init parameter 'org.apache.myfaces.GAE_JSF_ANNOTATIONS_JAR_FILES' found.
12-Mar-2015 22:13:14.870 INFO [http-nio-8080-exec-6] org.apache.myfaces.webapp.WebConfigParamsLogger.logWebContextParams No context init parameter 'org.apache.myfaces.FLASH_SCOPE_DISABLED' found, using default value 'false'.
12-Mar-2015 22:13:14.870 INFO [http-nio-8080-exec-6] org.apache.myfaces.webapp.WebConfigParamsLogger.logWebContextParams No context init parameter 'org.apache.myfaces.RESOURCE_MAX_TIME_EXPIRES' found, using default value '604800000'.
12-Mar-2015 22:13:14.870 INFO [http-nio-8080-exec-6] org.apache.myfaces.webapp.WebConfigParamsLogger.logWebContextParams No context init parameter 'org.apache.myfaces.RESOURCE_HANDLER_CACHE_SIZE' found, using default value '500'.
12-Mar-2015 22:13:14.870 INFO [http-nio-8080-exec-6] org.apache.myfaces.webapp.WebConfigParamsLogger.logWebContextParams No context init parameter 'org.apache.myfaces.RESOURCE_HANDLER_CACHE_ENABLED' found, using default value 'true'.
12-Mar-2015 22:13:14.870 INFO [http-nio-8080-exec-6] org.apache.myfaces.webapp.WebConfigParamsLogger.logWebContextParams No context init parameter 'org.apache.myfaces.USE_ENCRYPTION' found, using default value 'true'.
12-Mar-2015 22:13:14.870 INFO [http-nio-8080-exec-6] org.apache.myfaces.webapp.WebConfigParamsLogger.logWebContextParams No context init parameter 'org.apache.myfaces.SECRET' found.
12-Mar-2015 22:13:14.871 INFO [http-nio-8080-exec-6] org.apache.myfaces.webapp.WebConfigParamsLogger.logWebContextParams No context init parameter 'org.apache.myfaces.ALGORITHM' found, using default value 'DES'.
12-Mar-2015 22:13:14.871 INFO [http-nio-8080-exec-6] org.apache.myfaces.webapp.WebConfigParamsLogger.logWebContextParams No context init parameter 'org.apache.myfaces.SECRET.CACHE' found.
12-Mar-2015 22:13:14.871 INFO [http-nio-8080-exec-6] org.apache.myfaces.webapp.WebConfigParamsLogger.logWebContextParams No context init parameter 'org.apache.myfaces.ALGORITHM.IV' found.
12-Mar-2015 22:13:14.871 INFO [http-nio-8080-exec-6] org.apache.myfaces.webapp.WebConfigParamsLogger.logWebContextParams No context init parameter 'org.apache.myfaces.ALGORITHM.PARAMETERS' found, using default value 'ECB/PKCS5Padding'.
12-Mar-2015 22:13:14.871 INFO [http-nio-8080-exec-6] org.apache.myfaces.webapp.WebConfigParamsLogger.logWebContextParams No context init parameter 'org.apache.myfaces.SERIAL_FACTORY' found.
12-Mar-2015 22:13:14.871 INFO [http-nio-8080-exec-6] org.apache.myfaces.webapp.WebConfigParamsLogger.logWebContextParams No context init parameter 'org.apache.myfaces.COMPRESS_STATE_IN_CLIENT' found, using default value 'false'.
12-Mar-2015 22:13:14.871 INFO [http-nio-8080-exec-6] org.apache.myfaces.webapp.WebConfigParamsLogger.logWebContextParams No context init parameter 'org.apache.myfaces.MAC_ALGORITHM' found, using default value 'HmacSHA1'.
12-Mar-2015 22:13:14.921 INFO [http-nio-8080-exec-6] org.apache.myfaces.webapp.WebConfigParamsLogger.logWebContextParams No context init parameter 'org.apache.myfaces.MAC_SECRET' found.
12-Mar-2015 22:13:14.921 INFO [http-nio-8080-exec-6] org.apache.myfaces.webapp.WebConfigParamsLogger.logWebContextParams No context init parameter 'org.apache.myfaces.MAC_SECRET.CACHE' found.
12-Mar-2015 22:13:14.921 INFO [http-nio-8080-exec-6] org.apache.myfaces.webapp.WebConfigParamsLogger.logWebContextParams No context init parameter 'javax.faces.DATETIMECONVERTER_DEFAULT_TIMEZONE_IS_SYSTEM_TIMEZONE' found, using default value 'false'.
12-Mar-2015 22:13:14.921 INFO [http-nio-8080-exec-6] org.apache.myfaces.webapp.WebConfigParamsLogger.logWebContextParams No context init parameter 'org.apache.myfaces.LAZY_LOAD_CONFIG_OBJECTS' found, using default value 'true'.
12-Mar-2015 22:13:14.922 INFO [http-nio-8080-exec-6] org.apache.myfaces.webapp.WebConfigParamsLogger.logWebContextParams No context init parameter 'org.apache.myfaces.STRICT_JSF_2_ALLOW_SLASH_LIBRARY_NAME' found, using default value 'false'.
12-Mar-2015 22:13:14.922 INFO [http-nio-8080-exec-6] org.apache.myfaces.webapp.WebConfigParamsLogger.logWebContextParams No context init parameter 'org.apache.myfaces.RESOURCE_BUFFER_SIZE' found, using default value '2048'.
12-Mar-2015 22:13:14.922 INFO [http-nio-8080-exec-6] org.apache.myfaces.webapp.WebConfigParamsLogger.logWebContextParams No context init parameter 'org.apache.myfaces.CLIENT_VIEW_STATE_TIMEOUT' found, using default value '0'.
12-Mar-2015 22:13:14.922 INFO [http-nio-8080-exec-6] org.apache.myfaces.webapp.WebConfigParamsLogger.logWebContextParams No context init parameter 'org.apache.myfaces.NUMBER_OF_SEQUENTIAL_VIEWS_IN_SESSION' found.
12-Mar-2015 22:13:14.922 INFO [http-nio-8080-exec-6] org.apache.myfaces.webapp.WebConfigParamsLogger.logWebContextParams No context init parameter 'org.apache.myfaces.CACHE_OLD_VIEWS_IN_SESSION_MODE' found, using default value 'off'.
12-Mar-2015 22:13:14.922 INFO [http-nio-8080-exec-6] org.apache.myfaces.webapp.WebConfigParamsLogger.logWebContextParams No context init parameter 'org.apache.myfaces.USE_FLASH_SCOPE_PURGE_VIEWS_IN_SESSION' found, using default value 'false'.
12-Mar-2015 22:13:14.922 INFO [http-nio-8080-exec-6] org.apache.myfaces.webapp.WebConfigParamsLogger.logWebContextParams No context init parameter 'org.apache.myfaces.RANDOM_KEY_IN_VIEW_STATE_SESSION_TOKEN' found, using default value 'none'.
12-Mar-2015 22:13:14.922 INFO [http-nio-8080-exec-6] org.apache.myfaces.webapp.WebConfigParamsLogger.logWebContextParams No context init parameter 'org.apache.myfaces.RANDOM_KEY_IN_VIEW_STATE_SESSION_TOKEN_LENGTH' found, using default value '8'.
12-Mar-2015 22:13:14.922 INFO [http-nio-8080-exec-6] org.apache.myfaces.webapp.WebConfigParamsLogger.logWebContextParams No context init parameter 'org.apache.myfaces.RANDOM_KEY_IN_VIEW_STATE_SESSION_TOKEN_SECURE_RANDOM_CLASS' found.
12-Mar-2015 22:13:14.923 INFO [http-nio-8080-exec-6] org.apache.myfaces.webapp.WebConfigParamsLogger.logWebContextParams No context init parameter 'org.apache.myfaces.RANDOM_KEY_IN_VIEW_STATE_SESSION_TOKEN_SECURE_RANDOM_PROVIDER' found.
12-Mar-2015 22:13:14.923 INFO [http-nio-8080-exec-6] org.apache.myfaces.webapp.WebConfigParamsLogger.logWebContextParams No context init parameter 'org.apache.myfaces.RANDOM_KEY_IN_VIEW_STATE_SESSION_TOKEN_SECURE_RANDOM_ALGORITM' found, using default value 'SHA1PRNG'.
12-Mar-2015 22:13:14.923 INFO [http-nio-8080-exec-6] org.apache.myfaces.webapp.WebConfigParamsLogger.logWebContextParams No context init parameter 'org.apache.myfaces.VALIDATE' found, using default value 'false'.
12-Mar-2015 22:13:14.923 INFO [http-nio-8080-exec-6] org.apache.myfaces.webapp.WebConfigParamsLogger.logWebContextParams No context init parameter 'org.apache.myfaces.config.annotation.LifecycleProvider' found.
12-Mar-2015 22:13:14.923 INFO [http-nio-8080-exec-6] org.apache.myfaces.webapp.WebConfigParamsLogger.logWebContextParams No context init parameter 'org.apache.myfaces.EL_RESOLVER_COMPARATOR' found.
12-Mar-2015 22:13:14.923 INFO [http-nio-8080-exec-6] org.apache.myfaces.webapp.WebConfigParamsLogger.logWebContextParams No context init parameter 'org.apache.myfaces.EL_RESOLVER_PREDICATE' found.
12-Mar-2015 22:13:14.975 INFO [http-nio-8080-exec-6] org.apache.myfaces.webapp.WebConfigParamsLogger.logWebContextParams No context init parameter 'org.apache.myfaces.CHECKED_VIEWID_CACHE_SIZE' found, using default value '500'.
12-Mar-2015 22:13:14.975 INFO [http-nio-8080-exec-6] org.apache.myfaces.webapp.WebConfigParamsLogger.logWebContextParams No context init parameter 'org.apache.myfaces.CHECKED_VIEWID_CACHE_ENABLED' found, using default value 'true'.
12-Mar-2015 22:13:14.975 INFO [http-nio-8080-exec-6] org.apache.myfaces.webapp.WebConfigParamsLogger.logWebContextParams No context init parameter 'org.apache.myfaces.ERROR_TEMPLATE_RESOURCE' found, using default value 'META-INF/rsc/myfaces-dev-error.xml'.
12-Mar-2015 22:13:14.975 INFO [http-nio-8080-exec-6] org.apache.myfaces.webapp.WebConfigParamsLogger.logWebContextParams No context init parameter 'org.apache.myfaces.DEBUG_TEMPLATE_RESOURCE' found, using default value 'META-INF/rsc/myfaces-dev-debug.xml'.
12-Mar-2015 22:13:14.975 INFO [http-nio-8080-exec-6] org.apache.myfaces.webapp.WebConfigParamsLogger.logWebContextParams No context init parameter 'org.apache.myfaces.ERROR_HANDLING' found, using default value 'false, on Development Project stage: true'.
12-Mar-2015 22:13:14.975 INFO [http-nio-8080-exec-6] org.apache.myfaces.webapp.WebConfigParamsLogger.logWebContextParams No context init parameter 'org.apache.myfaces.HANDLE_STATE_CACHING_MECHANICS' found, using default value 'true'.
12-Mar-2015 22:13:14.975 INFO [http-nio-8080-exec-6] org.apache.myfaces.webapp.WebConfigParamsLogger.logWebContextParams No context init parameter 'org.apache.myfaces.USE_MULTIPLE_JS_FILES_FOR_JSF_UNCOMPRESSED_JS' found, using default value 'false'.
12-Mar-2015 22:13:14.975 INFO [http-nio-8080-exec-6] org.apache.myfaces.webapp.WebConfigParamsLogger.logWebContextParams No context init parameter 'org.apache.myfaces.JSF_JS_MODE' found, using default value 'normal'.
12-Mar-2015 22:13:14.975 INFO [http-nio-8080-exec-6] org.apache.myfaces.webapp.WebConfigParamsLogger.logWebContextParams No context init parameter 'org.apache.myfaces.SERVICE_PROVIDER_FINDER' found.
12-Mar-2015 22:13:14.975 INFO [http-nio-8080-exec-6] org.apache.myfaces.webapp.WebConfigParamsLogger.logWebContextParams No context init parameter 'javax.faces.DISABLE_FACELET_JSF_VIEWHANDLER' found, using default value 'false'.
12-Mar-2015 22:13:14.975 INFO [http-nio-8080-exec-6] org.apache.myfaces.webapp.WebConfigParamsLogger.logWebContextParams No context init parameter 'org.apache.myfaces.SAVE_STATE_WITH_VISIT_TREE_ON_PSS' found, using default value 'true'.
12-Mar-2015 22:13:14.976 INFO [http-nio-8080-exec-6] org.apache.myfaces.webapp.WebConfigParamsLogger.logWebContextParams No context init parameter 'org.apache.myfaces.CHECK_ID_PRODUCTION_MODE' found, using default value 'auto'.
12-Mar-2015 22:13:14.976 INFO [http-nio-8080-exec-6] org.apache.myfaces.webapp.WebConfigParamsLogger.logWebContextParams No context init parameter 'javax.faces.FACELETS_BUFFER_SIZE' found.
12-Mar-2015 22:13:14.976 INFO [http-nio-8080-exec-6] org.apache.myfaces.webapp.WebConfigParamsLogger.logWebContextParams No context init parameter 'facelets.BUFFER_SIZE' found.
12-Mar-2015 22:13:14.976 INFO [http-nio-8080-exec-6] org.apache.myfaces.webapp.WebConfigParamsLogger.logWebContextParams No context init parameter 'javax.faces.FACELETS_DECORATORS' found.
12-Mar-2015 22:13:14.976 INFO [http-nio-8080-exec-6] org.apache.myfaces.webapp.WebConfigParamsLogger.logWebContextParams No context init parameter 'facelets.DECORATORS' found.
12-Mar-2015 22:13:14.976 INFO [http-nio-8080-exec-6] org.apache.myfaces.webapp.WebConfigParamsLogger.logWebContextParams No context init parameter 'javax.faces.FACELETS_LIBRARIES' found.
12-Mar-2015 22:13:14.976 INFO [http-nio-8080-exec-6] org.apache.myfaces.webapp.WebConfigParamsLogger.logWebContextParams No context init parameter 'facelets.LIBRARIES' found.
12-Mar-2015 22:13:14.976 INFO [http-nio-8080-exec-6] org.apache.myfaces.webapp.WebConfigParamsLogger.logWebContextParams No context init parameter 'javax.faces.FACELETS_REFRESH_PERIOD' found, using default value '-1'.
12-Mar-2015 22:13:15.026 INFO [http-nio-8080-exec-6] null.null No context init parameter 'facelets.REFRESH_PERIOD' found, using default value '-1'.
12-Mar-2015 22:13:15.026 INFO [http-nio-8080-exec-6] org.apache.myfaces.webapp.WebConfigParamsLogger.logWebContextParams No context init parameter 'javax.faces.FACELETS_RESOURCE_RESOLVER' found.
12-Mar-2015 22:13:15.026 INFO [http-nio-8080-exec-6] org.apache.myfaces.webapp.WebConfigParamsLogger.logWebContextParams No context init parameter 'facelets.RESOURCE_RESOLVER' found.
12-Mar-2015 22:13:15.026 INFO [http-nio-8080-exec-6] org.apache.myfaces.webapp.WebConfigParamsLogger.logWebContextParams No context init parameter 'javax.faces.FACELETS_SKIP_COMMENTS' found.
12-Mar-2015 22:13:15.027 INFO [http-nio-8080-exec-6] org.apache.myfaces.webapp.WebConfigParamsLogger.logWebContextParams No context init parameter 'facelets.SKIP_COMMENTS' found.
12-Mar-2015 22:13:15.027 INFO [http-nio-8080-exec-6] org.apache.myfaces.webapp.WebConfigParamsLogger.logWebContextParams No context init parameter 'org.apache.myfaces.MARK_INITIAL_STATE_WHEN_APPLY_BUILD_VIEW' found, using default value 'false'.
12-Mar-2015 22:13:15.027 INFO [http-nio-8080-exec-6] org.apache.myfaces.webapp.WebConfigParamsLogger.logWebContextParams No context init parameter 'org.apache.myfaces.WRAP_TAG_EXCEPTIONS_AS_CONTEXT_AWARE' found, using default value 'true'.
12-Mar-2015 22:13:15.027 INFO [http-nio-8080-exec-6] org.apache.myfaces.webapp.WebConfigParamsLogger.logWebContextParams No context init parameter 'org.apache.myfaces.CACHE_EL_EXPRESSIONS' found, using default value 'noCache'.
12-Mar-2015 22:13:15.027 INFO [http-nio-8080-exec-6] org.apache.myfaces.webapp.WebConfigParamsLogger.logWebContextParams No context init parameter 'org.apache.myfaces.EXPRESSION_FACTORY' found.
12-Mar-2015 22:13:15.027 INFO [http-nio-8080-exec-6] org.apache.myfaces.webapp.WebConfigParamsLogger.logWebContextParams No context init parameter 'org.apache.myfaces.INITIALIZE_ALWAYS_STANDALONE' found, using default value 'false'.
12-Mar-2015 22:13:15.027 INFO [http-nio-8080-exec-6] org.apache.myfaces.webapp.WebConfigParamsLogger.logWebContextParams No context init parameter 'org.apache.myfaces.LOG_WEB_CONTEXT_PARAMS' found, using default value 'auto'.
12-Mar-2015 22:13:15.027 INFO [http-nio-8080-exec-6] org.apache.myfaces.webapp.WebConfigParamsLogger.logWebContextParams No context init parameter 'org.apache.myfaces.FACES_INITIALIZER' found.
12-Mar-2015 22:13:15.027 INFO [http-nio-8080-exec-6] org.apache.myfaces.webapp.WebConfigParamsLogger.logWebContextParams No context init parameter 'org.apache.myfaces.FACES_INIT_PLUGINS' found.
12-Mar-2015 22:13:15.028 INFO [http-nio-8080-exec-6] org.apache.myfaces.webapp.WebConfigParamsLogger.logWebContextParams No context init parameter 'org.apache.myfaces.RESOURCE_VIRTUAL_PATH' found.
12-Mar-2015 22:13:15.028 INFO [http-nio-8080-exec-6] org.apache.myfaces.webapp.WebConfigParamsLogger.logWebContextParams No context init parameter 'org.apache.myfaces.DETECT_JAVASCRIPT' found, using default value 'false'.
12-Mar-2015 22:13:15.028 INFO [http-nio-8080-exec-6] org.apache.myfaces.webapp.WebConfigParamsLogger.logWebContextParams No context init parameter 'org.apache.myfaces.AUTO_SCROLL' found, using default value 'false'.
12-Mar-2015 22:13:15.028 INFO [http-nio-8080-exec-6] org.apache.myfaces.webapp.WebConfigParamsLogger.logWebContextParams No context init parameter 'org.apache.myfaces.ADD_RESOURCE_CLASS' found, using default value 'org.apache.myfaces. renderkit.html.util. DefaultAddResource'.
12-Mar-2015 22:13:15.028 INFO [http-nio-8080-exec-6] org.apache.myfaces.webapp.WebConfigParamsLogger.logWebContextParams No context init parameter 'org.apache.myfaces.CHECK_EXTENSIONS_FILTER' found, using default value 'for JSF 2.0 since 1.1.11 false, otherwise true'.
12-Mar-2015 22:13:15.028 INFO [http-nio-8080-exec-6] org.apache.myfaces.webapp.WebConfigParamsLogger.logWebContextParams No context init parameter 'org.apache.myfaces.READONLY_AS_DISABLED_FOR_SELECTS' found, using default value 'true'.
12-Mar-2015 22:13:15.078 INFO [http-nio-8080-exec-6] org.apache.myfaces.util.ExternalSpecifications.isUnifiedELAvailable MyFaces Unified EL support enabled
12-Mar-2015 22:13:15.078 WARNING [http-nio-8080-exec-6] org.apache.myfaces.webapp.AbstractFacesInitializer.initFaces 

*******************************************************************
*** WARNING: Apache MyFaces-2 is running in DEVELOPMENT mode.   ***
***                                         ^^^^^^^^^^^         ***
*** Do NOT deploy to your live server(s) without changing this. ***
*** See Application#getProjectStage() for more information.     ***
*******************************************************************

12-Mar-2015 22:13:15.127 INFO [http-nio-8080-exec-6] org.apache.catalina.startup.HostConfig.deployDescriptor Deployment of configuration descriptor C:\Users\10tacle\Desktop\aDashboard\Server\apache-tomcat-8.0.15\conf\Catalina\localhost\dashboard.xml has finished in 3,702 ms
12-Mar-2015 22:13:15.131 INFO [http-nio-8080-exec-9] org.apache.catalina.util.LifecycleBase.start The start() method was called on component [StandardEngine[Catalina].StandardHost[localhost].StandardContext[/dashboard]] after start() had already been called. The second call will be ignored.
12-Mar-2015 22:14:44.396 WARNING [http-nio-8080-exec-13] null.null PanelGrid {Component-Path : [Class: javax.faces.component.UIViewRoot,ViewId: /dashboard.xhtml][Class: javax.faces.component.html.HtmlBody,Id: j_id_7][Class: org.apache.myfaces.custom.div.Div,Id: content][Class: javax.faces.component.html.HtmlForm,Id: j_id_m][Class: javax.faces.component.html.HtmlPanelGrid,Id: j_id_y] Location: /dashboard.xhtml at line 40 and column 46} has not enough children. Child count should be a multiple of the columns attribute.
12-Mar-2015 22:14:44.400 WARNING [http-nio-8080-exec-13] org.apache.myfaces.renderkit.html.HtmlLabelRenderer.encodeBegin Attribute 'for' of label component with id j_id_m:j_id_1m is not defined
