05-Feb-2015 22:08:54.356 INFO [localhost-startStop-1] org.apache.catalina.core.ApplicationContext.log ContextListener: contextInitialized()
05-Feb-2015 22:08:54.356 INFO [localhost-startStop-1] org.apache.catalina.core.ApplicationContext.log SessionListener: contextInitialized()
05-Feb-2015 22:13:45.423 WARNING [http-nio-8080-exec-12] org.apache.catalina.session.StandardSession.doWriteObject Cannot serialize session attribute org.apache.myfaces.application.viewstate.ServerSideStateCacheImpl.SERIALIZED_VIEW for session 519430418FA21E92AE9B04BAF79592EB
 java.io.NotSerializableException: de.tency.adashboard.GenItem
	at java.io.ObjectOutputStream.writeObject0(ObjectOutputStream.java:1183)
	at java.io.ObjectOutputStream.writeObject(ObjectOutputStream.java:347)
	at java.util.HashMap.writeObject(HashMap.java:1129)
	at sun.reflect.NativeMethodAccessorImpl.invoke0(Native Method)
	at sun.reflect.NativeMethodAccessorImpl.invoke(NativeMethodAccessorImpl.java:57)
	at sun.reflect.DelegatingMethodAccessorImpl.invoke(DelegatingMethodAccessorImpl.java:43)
	at java.lang.reflect.Method.invoke(Method.java:606)
	at java.io.ObjectStreamClass.invokeWriteObject(ObjectStreamClass.java:988)
	at java.io.ObjectOutputStream.writeSerialData(ObjectOutputStream.java:1495)
	at java.io.ObjectOutputStream.writeOrdinaryObject(ObjectOutputStream.java:1431)
	at java.io.ObjectOutputStream.writeObject0(ObjectOutputStream.java:1177)
	at java.io.ObjectOutputStream.writeArray(ObjectOutputStream.java:1377)
	at java.io.ObjectOutputStream.writeObject0(ObjectOutputStream.java:1173)
	at java.io.ObjectOutputStream.writeObject(ObjectOutputStream.java:347)
	at java.util.HashMap.writeObject(HashMap.java:1129)
	at sun.reflect.NativeMethodAccessorImpl.invoke0(Native Method)
	at sun.reflect.NativeMethodAccessorImpl.invoke(NativeMethodAccessorImpl.java:57)
	at sun.reflect.DelegatingMethodAccessorImpl.invoke(DelegatingMethodAccessorImpl.java:43)
	at java.lang.reflect.Method.invoke(Method.java:606)
	at java.io.ObjectStreamClass.invokeWriteObject(ObjectStreamClass.java:988)
	at java.io.ObjectOutputStream.writeSerialData(ObjectOutputStream.java:1495)
	at java.io.ObjectOutputStream.writeOrdinaryObject(ObjectOutputStream.java:1431)
	at java.io.ObjectOutputStream.writeObject0(ObjectOutputStream.java:1177)
	at java.io.ObjectOutputStream.writeArray(ObjectOutputStream.java:1377)
	at java.io.ObjectOutputStream.writeObject0(ObjectOutputStream.java:1173)
	at java.io.ObjectOutputStream.writeObject(ObjectOutputStream.java:347)
	at java.util.HashMap.writeObject(HashMap.java:1129)
	at sun.reflect.NativeMethodAccessorImpl.invoke0(Native Method)
	at sun.reflect.NativeMethodAccessorImpl.invoke(NativeMethodAccessorImpl.java:57)
	at sun.reflect.DelegatingMethodAccessorImpl.invoke(DelegatingMethodAccessorImpl.java:43)
	at java.lang.reflect.Method.invoke(Method.java:606)
	at java.io.ObjectStreamClass.invokeWriteObject(ObjectStreamClass.java:988)
	at java.io.ObjectOutputStream.writeSerialData(ObjectOutputStream.java:1495)
	at java.io.ObjectOutputStream.writeOrdinaryObject(ObjectOutputStream.java:1431)
	at java.io.ObjectOutputStream.writeObject0(ObjectOutputStream.java:1177)
	at java.io.ObjectOutputStream.defaultWriteFields(ObjectOutputStream.java:1547)
	at java.io.ObjectOutputStream.writeSerialData(ObjectOutputStream.java:1508)
	at java.io.ObjectOutputStream.writeOrdinaryObject(ObjectOutputStream.java:1431)
	at java.io.ObjectOutputStream.writeObject0(ObjectOutputStream.java:1177)
	at java.io.ObjectOutputStream.writeObject(ObjectOutputStream.java:347)
	at org.apache.catalina.session.StandardSession.doWriteObject(StandardSession.java:1710)
	at org.apache.catalina.session.StandardSession.writeObjectData(StandardSession.java:1116)
	at org.apache.catalina.session.StandardManager.doUnload(StandardManager.java:401)
	at org.apache.catalina.session.StandardManager.unload(StandardManager.java:320)
	at org.apache.catalina.session.StandardManager.stopInternal(StandardManager.java:487)
	at org.apache.catalina.util.LifecycleBase.stop(LifecycleBase.java:232)
	at org.apache.catalina.core.StandardContext.stopInternal(StandardContext.java:5409)
	at org.apache.catalina.util.LifecycleBase.stop(LifecycleBase.java:232)
	at org.apache.catalina.manager.ManagerServlet.undeploy(ManagerServlet.java:1370)
	at org.apache.catalina.manager.ManagerServlet.doGet(ManagerServlet.java:361)
	at javax.servlet.http.HttpServlet.service(HttpServlet.java:618)
	at javax.servlet.http.HttpServlet.service(HttpServlet.java:725)
	at org.apache.catalina.core.ApplicationFilterChain.internalDoFilter(ApplicationFilterChain.java:291)
	at org.apache.catalina.core.ApplicationFilterChain.doFilter(ApplicationFilterChain.java:206)
	at org.apache.tomcat.websocket.server.WsFilter.doFilter(WsFilter.java:52)
	at org.apache.catalina.core.ApplicationFilterChain.internalDoFilter(ApplicationFilterChain.java:239)
	at org.apache.catalina.core.ApplicationFilterChain.doFilter(ApplicationFilterChain.java:206)
	at org.apache.catalina.filters.SetCharacterEncodingFilter.doFilter(SetCharacterEncodingFilter.java:108)
	at org.apache.catalina.core.ApplicationFilterChain.internalDoFilter(ApplicationFilterChain.java:239)
	at org.apache.catalina.core.ApplicationFilterChain.doFilter(ApplicationFilterChain.java:206)
	at org.apache.catalina.core.StandardWrapperValve.invoke(StandardWrapperValve.java:219)
	at org.apache.catalina.core.StandardContextValve.invoke(StandardContextValve.java:106)
	at org.apache.catalina.authenticator.AuthenticatorBase.invoke(AuthenticatorBase.java:613)
	at org.apache.catalina.core.StandardHostValve.invoke(StandardHostValve.java:142)
	at org.apache.catalina.valves.ErrorReportValve.invoke(ErrorReportValve.java:79)
	at org.apache.catalina.valves.AbstractAccessLogValve.invoke(AbstractAccessLogValve.java:610)
	at org.apache.catalina.core.StandardEngineValve.invoke(StandardEngineValve.java:88)
	at org.apache.catalina.connector.CoyoteAdapter.service(CoyoteAdapter.java:537)
	at org.apache.coyote.http11.AbstractHttp11Processor.process(AbstractHttp11Processor.java:1085)
	at org.apache.coyote.AbstractProtocol$AbstractConnectionHandler.process(AbstractProtocol.java:658)
	at org.apache.coyote.http11.Http11NioProtocol$Http11ConnectionHandler.process(Http11NioProtocol.java:222)
	at org.apache.tomcat.util.net.NioEndpoint$SocketProcessor.doRun(NioEndpoint.java:1556)
	at org.apache.tomcat.util.net.NioEndpoint$SocketProcessor.run(NioEndpoint.java:1513)
	at java.util.concurrent.ThreadPoolExecutor.runWorker(ThreadPoolExecutor.java:1145)
	at java.util.concurrent.ThreadPoolExecutor$Worker.run(ThreadPoolExecutor.java:615)
	at org.apache.tomcat.util.threads.TaskThread$WrappingRunnable.run(TaskThread.java:61)
	at java.lang.Thread.run(Thread.java:745)

