21-Jan-2015 00:29:05.908 INFO [localhost-startStop-1] org.apache.catalina.core.ApplicationContext.log ContextListener: contextInitialized()
21-Jan-2015 00:29:05.910 INFO [localhost-startStop-1] org.apache.catalina.core.ApplicationContext.log SessionListener: contextInitialized()
21-Jan-2015 00:33:45.735 INFO [localhost-startStop-2] org.apache.catalina.core.ApplicationContext.log SessionListener: contextDestroyed()
21-Jan-2015 00:33:45.735 INFO [localhost-startStop-2] org.apache.catalina.core.ApplicationContext.log ContextListener: contextDestroyed()
21-Jan-2015 00:34:08.511 INFO [localhost-startStop-1] org.apache.catalina.core.ApplicationContext.log ContextListener: contextInitialized()
21-Jan-2015 00:34:08.512 INFO [localhost-startStop-1] org.apache.catalina.core.ApplicationContext.log SessionListener: contextInitialized()
21-Jan-2015 00:54:21.582 INFO [localhost-startStop-2] org.apache.catalina.core.ApplicationContext.log SessionListener: contextDestroyed()
21-Jan-2015 00:54:21.582 INFO [localhost-startStop-2] org.apache.catalina.core.ApplicationContext.log ContextListener: contextDestroyed()
21-Jan-2015 19:45:08.215 INFO [localhost-startStop-1] org.apache.catalina.core.ApplicationContext.log ContextListener: contextInitialized()
21-Jan-2015 19:45:08.221 INFO [localhost-startStop-1] org.apache.catalina.core.ApplicationContext.log SessionListener: contextInitialized()
21-Jan-2015 19:49:13.901 INFO [localhost-startStop-2] org.apache.catalina.core.ApplicationContext.log SessionListener: contextDestroyed()
21-Jan-2015 19:49:13.901 INFO [localhost-startStop-2] org.apache.catalina.core.ApplicationContext.log ContextListener: contextDestroyed()
21-Jan-2015 23:02:25.081 INFO [localhost-startStop-1] org.apache.catalina.core.ApplicationContext.log ContextListener: contextInitialized()
21-Jan-2015 23:02:25.084 INFO [localhost-startStop-1] org.apache.catalina.core.ApplicationContext.log SessionListener: contextInitialized()
21-Jan-2015 23:02:28.958 SEVERE [http-nio-8080-exec-5] org.apache.catalina.core.ApplicationContext.log StandardWrapper.Throwable
 java.lang.IllegalStateException: No Factories configured for this Application. This happens if the faces-initialization does not work at all - make sure that you properly include all configuration settings necessary for a basic faces application and that all the necessary libs are included. Also check the logging output of your web application and your container for any exceptions!
If you did that and find nothing, the mistake might be due to the fact that you use some special web-containers which do not support registering context-listeners via TLD files and a context listener is not setup in your web.xml.
A typical config looks like this;
<listener>
  <listener-class>org.apache.myfaces.webapp.StartupServletContextListener</listener-class>
</listener>

	at javax.faces.FactoryFinder._getFactory(FactoryFinder.java:286)
	at javax.faces.FactoryFinder.getFactory(FactoryFinder.java:206)
	at javax.faces.webapp.FacesServlet.init(FacesServlet.java:116)
	at org.apache.catalina.core.StandardWrapper.initServlet(StandardWrapper.java:1241)
	at org.apache.catalina.core.StandardWrapper.loadServlet(StandardWrapper.java:1154)
	at org.apache.catalina.core.StandardWrapper.load(StandardWrapper.java:1041)
	at org.apache.catalina.core.StandardContext.loadOnStartup(StandardContext.java:4944)
	at org.apache.catalina.core.StandardContext.startInternal(StandardContext.java:5230)
	at org.apache.catalina.util.LifecycleBase.start(LifecycleBase.java:150)
	at org.apache.catalina.core.ContainerBase.addChildInternal(ContainerBase.java:725)
	at org.apache.catalina.core.ContainerBase.addChild(ContainerBase.java:701)
	at org.apache.catalina.core.StandardHost.addChild(StandardHost.java:714)
	at org.apache.catalina.startup.HostConfig.deployDescriptor(HostConfig.java:581)
	at org.apache.catalina.startup.HostConfig.deployApps(HostConfig.java:455)
	at org.apache.catalina.startup.HostConfig.check(HostConfig.java:1493)
	at sun.reflect.NativeMethodAccessorImpl.invoke0(Native Method)
	at sun.reflect.NativeMethodAccessorImpl.invoke(NativeMethodAccessorImpl.java:57)
	at sun.reflect.DelegatingMethodAccessorImpl.invoke(DelegatingMethodAccessorImpl.java:43)
	at java.lang.reflect.Method.invoke(Method.java:606)
	at org.apache.tomcat.util.modeler.BaseModelMBean.invoke(BaseModelMBean.java:300)
	at com.sun.jmx.interceptor.DefaultMBeanServerInterceptor.invoke(DefaultMBeanServerInterceptor.java:819)
	at com.sun.jmx.mbeanserver.JmxMBeanServer.invoke(JmxMBeanServer.java:801)
	at org.apache.catalina.manager.ManagerServlet.check(ManagerServlet.java:1432)
	at org.apache.catalina.manager.ManagerServlet.deploy(ManagerServlet.java:884)
	at org.apache.catalina.manager.ManagerServlet.doGet(ManagerServlet.java:335)
	at javax.servlet.http.HttpServlet.service(HttpServlet.java:618)
	at javax.servlet.http.HttpServlet.service(HttpServlet.java:725)
	at org.apache.catalina.core.ApplicationFilterChain.internalDoFilter(ApplicationFilterChain.java:291)
	at org.apache.catalina.core.ApplicationFilterChain.doFilter(ApplicationFilterChain.java:206)
	at org.apache.tomcat.websocket.server.WsFilter.doFilter(WsFilter.java:52)
	at org.apache.catalina.core.ApplicationFilterChain.internalDoFilter(ApplicationFilterChain.java:239)
	at org.apache.catalina.core.ApplicationFilterChain.doFilter(ApplicationFilterChain.java:206)
	at org.apache.catalina.filters.SetCharacterEncodingFilter.doFilter(SetCharacterEncodingFilter.java:108)
	at org.apache.catalina.core.ApplicationFilterChain.internalDoFilter(ApplicationFilterChain.java:239)
	at org.apache.catalina.core.ApplicationFilterChain.doFilter(ApplicationFilterChain.java:206)
	at org.apache.catalina.core.StandardWrapperValve.invoke(StandardWrapperValve.java:219)
	at org.apache.catalina.core.StandardContextValve.invoke(StandardContextValve.java:106)
	at org.apache.catalina.authenticator.AuthenticatorBase.invoke(AuthenticatorBase.java:613)
	at org.apache.catalina.core.StandardHostValve.invoke(StandardHostValve.java:142)
	at org.apache.catalina.valves.ErrorReportValve.invoke(ErrorReportValve.java:79)
	at org.apache.catalina.valves.AbstractAccessLogValve.invoke(AbstractAccessLogValve.java:610)
	at org.apache.catalina.core.StandardEngineValve.invoke(StandardEngineValve.java:88)
	at org.apache.catalina.connector.CoyoteAdapter.service(CoyoteAdapter.java:537)
	at org.apache.coyote.http11.AbstractHttp11Processor.process(AbstractHttp11Processor.java:1085)
	at org.apache.coyote.AbstractProtocol$AbstractConnectionHandler.process(AbstractProtocol.java:658)
	at org.apache.coyote.http11.Http11NioProtocol$Http11ConnectionHandler.process(Http11NioProtocol.java:222)
	at org.apache.tomcat.util.net.NioEndpoint$SocketProcessor.doRun(NioEndpoint.java:1556)
	at org.apache.tomcat.util.net.NioEndpoint$SocketProcessor.run(NioEndpoint.java:1513)
	at java.util.concurrent.ThreadPoolExecutor.runWorker(ThreadPoolExecutor.java:1145)
	at java.util.concurrent.ThreadPoolExecutor$Worker.run(ThreadPoolExecutor.java:615)
	at org.apache.tomcat.util.threads.TaskThread$WrappingRunnable.run(TaskThread.java:61)
	at java.lang.Thread.run(Thread.java:745)

21-Jan-2015 23:02:28.958 SEVERE [http-nio-8080-exec-5] org.apache.catalina.core.StandardContext.loadOnStartup Servlet /dashboard threw load() exception
 java.lang.IllegalStateException: No Factories configured for this Application. This happens if the faces-initialization does not work at all - make sure that you properly include all configuration settings necessary for a basic faces application and that all the necessary libs are included. Also check the logging output of your web application and your container for any exceptions!
If you did that and find nothing, the mistake might be due to the fact that you use some special web-containers which do not support registering context-listeners via TLD files and a context listener is not setup in your web.xml.
A typical config looks like this;
<listener>
  <listener-class>org.apache.myfaces.webapp.StartupServletContextListener</listener-class>
</listener>

	at javax.faces.FactoryFinder._getFactory(FactoryFinder.java:286)
	at javax.faces.FactoryFinder.getFactory(FactoryFinder.java:206)
	at javax.faces.webapp.FacesServlet.init(FacesServlet.java:116)
	at org.apache.catalina.core.StandardWrapper.initServlet(StandardWrapper.java:1241)
	at org.apache.catalina.core.StandardWrapper.loadServlet(StandardWrapper.java:1154)
	at org.apache.catalina.core.StandardWrapper.load(StandardWrapper.java:1041)
	at org.apache.catalina.core.StandardContext.loadOnStartup(StandardContext.java:4944)
	at org.apache.catalina.core.StandardContext.startInternal(StandardContext.java:5230)
	at org.apache.catalina.util.LifecycleBase.start(LifecycleBase.java:150)
	at org.apache.catalina.core.ContainerBase.addChildInternal(ContainerBase.java:725)
	at org.apache.catalina.core.ContainerBase.addChild(ContainerBase.java:701)
	at org.apache.catalina.core.StandardHost.addChild(StandardHost.java:714)
	at org.apache.catalina.startup.HostConfig.deployDescriptor(HostConfig.java:581)
	at org.apache.catalina.startup.HostConfig.deployApps(HostConfig.java:455)
	at org.apache.catalina.startup.HostConfig.check(HostConfig.java:1493)
	at sun.reflect.NativeMethodAccessorImpl.invoke0(Native Method)
	at sun.reflect.NativeMethodAccessorImpl.invoke(NativeMethodAccessorImpl.java:57)
	at sun.reflect.DelegatingMethodAccessorImpl.invoke(DelegatingMethodAccessorImpl.java:43)
	at java.lang.reflect.Method.invoke(Method.java:606)
	at org.apache.tomcat.util.modeler.BaseModelMBean.invoke(BaseModelMBean.java:300)
	at com.sun.jmx.interceptor.DefaultMBeanServerInterceptor.invoke(DefaultMBeanServerInterceptor.java:819)
	at com.sun.jmx.mbeanserver.JmxMBeanServer.invoke(JmxMBeanServer.java:801)
	at org.apache.catalina.manager.ManagerServlet.check(ManagerServlet.java:1432)
	at org.apache.catalina.manager.ManagerServlet.deploy(ManagerServlet.java:884)
	at org.apache.catalina.manager.ManagerServlet.doGet(ManagerServlet.java:335)
	at javax.servlet.http.HttpServlet.service(HttpServlet.java:618)
	at javax.servlet.http.HttpServlet.service(HttpServlet.java:725)
	at org.apache.catalina.core.ApplicationFilterChain.internalDoFilter(ApplicationFilterChain.java:291)
	at org.apache.catalina.core.ApplicationFilterChain.doFilter(ApplicationFilterChain.java:206)
	at org.apache.tomcat.websocket.server.WsFilter.doFilter(WsFilter.java:52)
	at org.apache.catalina.core.ApplicationFilterChain.internalDoFilter(ApplicationFilterChain.java:239)
	at org.apache.catalina.core.ApplicationFilterChain.doFilter(ApplicationFilterChain.java:206)
	at org.apache.catalina.filters.SetCharacterEncodingFilter.doFilter(SetCharacterEncodingFilter.java:108)
	at org.apache.catalina.core.ApplicationFilterChain.internalDoFilter(ApplicationFilterChain.java:239)
	at org.apache.catalina.core.ApplicationFilterChain.doFilter(ApplicationFilterChain.java:206)
	at org.apache.catalina.core.StandardWrapperValve.invoke(StandardWrapperValve.java:219)
	at org.apache.catalina.core.StandardContextValve.invoke(StandardContextValve.java:106)
	at org.apache.catalina.authenticator.AuthenticatorBase.invoke(AuthenticatorBase.java:613)
	at org.apache.catalina.core.StandardHostValve.invoke(StandardHostValve.java:142)
	at org.apache.catalina.valves.ErrorReportValve.invoke(ErrorReportValve.java:79)
	at org.apache.catalina.valves.AbstractAccessLogValve.invoke(AbstractAccessLogValve.java:610)
	at org.apache.catalina.core.StandardEngineValve.invoke(StandardEngineValve.java:88)
	at org.apache.catalina.connector.CoyoteAdapter.service(CoyoteAdapter.java:537)
	at org.apache.coyote.http11.AbstractHttp11Processor.process(AbstractHttp11Processor.java:1085)
	at org.apache.coyote.AbstractProtocol$AbstractConnectionHandler.process(AbstractProtocol.java:658)
	at org.apache.coyote.http11.Http11NioProtocol$Http11ConnectionHandler.process(Http11NioProtocol.java:222)
	at org.apache.tomcat.util.net.NioEndpoint$SocketProcessor.doRun(NioEndpoint.java:1556)
	at org.apache.tomcat.util.net.NioEndpoint$SocketProcessor.run(NioEndpoint.java:1513)
	at java.util.concurrent.ThreadPoolExecutor.runWorker(ThreadPoolExecutor.java:1145)
	at java.util.concurrent.ThreadPoolExecutor$Worker.run(ThreadPoolExecutor.java:615)
	at org.apache.tomcat.util.threads.TaskThread$WrappingRunnable.run(TaskThread.java:61)
	at java.lang.Thread.run(Thread.java:745)

21-Jan-2015 23:02:31.285 SEVERE [http-nio-8080-exec-9] org.apache.catalina.core.ApplicationContext.log StandardWrapper.Throwable
 java.lang.IllegalStateException: No Factories configured for this Application. This happens if the faces-initialization does not work at all - make sure that you properly include all configuration settings necessary for a basic faces application and that all the necessary libs are included. Also check the logging output of your web application and your container for any exceptions!
If you did that and find nothing, the mistake might be due to the fact that you use some special web-containers which do not support registering context-listeners via TLD files and a context listener is not setup in your web.xml.
A typical config looks like this;
<listener>
  <listener-class>org.apache.myfaces.webapp.StartupServletContextListener</listener-class>
</listener>

	at javax.faces.FactoryFinder._getFactory(FactoryFinder.java:286)
	at javax.faces.FactoryFinder.getFactory(FactoryFinder.java:206)
	at javax.faces.webapp.FacesServlet.init(FacesServlet.java:116)
	at org.apache.catalina.core.StandardWrapper.initServlet(StandardWrapper.java:1241)
	at org.apache.catalina.core.StandardWrapper.loadServlet(StandardWrapper.java:1154)
	at org.apache.catalina.core.StandardWrapper.allocate(StandardWrapper.java:827)
	at org.apache.catalina.core.ApplicationDispatcher.invoke(ApplicationDispatcher.java:694)
	at org.apache.catalina.core.ApplicationDispatcher.processRequest(ApplicationDispatcher.java:466)
	at org.apache.catalina.core.ApplicationDispatcher.doForward(ApplicationDispatcher.java:391)
	at org.apache.catalina.core.ApplicationDispatcher.forward(ApplicationDispatcher.java:318)
	at org.apache.catalina.authenticator.FormAuthenticator.forwardToLoginPage(FormAuthenticator.java:411)
	at org.apache.catalina.authenticator.FormAuthenticator.authenticate(FormAuthenticator.java:256)
	at org.apache.catalina.authenticator.AuthenticatorBase.invoke(AuthenticatorBase.java:576)
	at org.apache.catalina.core.StandardHostValve.invoke(StandardHostValve.java:142)
	at org.apache.catalina.valves.ErrorReportValve.invoke(ErrorReportValve.java:79)
	at org.apache.catalina.valves.AbstractAccessLogValve.invoke(AbstractAccessLogValve.java:610)
	at org.apache.catalina.core.StandardEngineValve.invoke(StandardEngineValve.java:88)
	at org.apache.catalina.connector.CoyoteAdapter.service(CoyoteAdapter.java:537)
	at org.apache.coyote.http11.AbstractHttp11Processor.process(AbstractHttp11Processor.java:1085)
	at org.apache.coyote.AbstractProtocol$AbstractConnectionHandler.process(AbstractProtocol.java:658)
	at org.apache.coyote.http11.Http11NioProtocol$Http11ConnectionHandler.process(Http11NioProtocol.java:222)
	at org.apache.tomcat.util.net.NioEndpoint$SocketProcessor.doRun(NioEndpoint.java:1556)
	at org.apache.tomcat.util.net.NioEndpoint$SocketProcessor.run(NioEndpoint.java:1513)
	at java.util.concurrent.ThreadPoolExecutor.runWorker(ThreadPoolExecutor.java:1145)
	at java.util.concurrent.ThreadPoolExecutor$Worker.run(ThreadPoolExecutor.java:615)
	at org.apache.tomcat.util.threads.TaskThread$WrappingRunnable.run(TaskThread.java:61)
	at java.lang.Thread.run(Thread.java:745)

21-Jan-2015 23:02:31.286 SEVERE [http-nio-8080-exec-9] org.apache.catalina.core.ApplicationDispatcher.invoke Allocate exception for servlet Faces Servlet
 java.lang.IllegalStateException: No Factories configured for this Application. This happens if the faces-initialization does not work at all - make sure that you properly include all configuration settings necessary for a basic faces application and that all the necessary libs are included. Also check the logging output of your web application and your container for any exceptions!
If you did that and find nothing, the mistake might be due to the fact that you use some special web-containers which do not support registering context-listeners via TLD files and a context listener is not setup in your web.xml.
A typical config looks like this;
<listener>
  <listener-class>org.apache.myfaces.webapp.StartupServletContextListener</listener-class>
</listener>

	at javax.faces.FactoryFinder._getFactory(FactoryFinder.java:286)
	at javax.faces.FactoryFinder.getFactory(FactoryFinder.java:206)
	at javax.faces.webapp.FacesServlet.init(FacesServlet.java:116)
	at org.apache.catalina.core.StandardWrapper.initServlet(StandardWrapper.java:1241)
	at org.apache.catalina.core.StandardWrapper.loadServlet(StandardWrapper.java:1154)
	at org.apache.catalina.core.StandardWrapper.allocate(StandardWrapper.java:827)
	at org.apache.catalina.core.ApplicationDispatcher.invoke(ApplicationDispatcher.java:694)
	at org.apache.catalina.core.ApplicationDispatcher.processRequest(ApplicationDispatcher.java:466)
	at org.apache.catalina.core.ApplicationDispatcher.doForward(ApplicationDispatcher.java:391)
	at org.apache.catalina.core.ApplicationDispatcher.forward(ApplicationDispatcher.java:318)
	at org.apache.catalina.authenticator.FormAuthenticator.forwardToLoginPage(FormAuthenticator.java:411)
	at org.apache.catalina.authenticator.FormAuthenticator.authenticate(FormAuthenticator.java:256)
	at org.apache.catalina.authenticator.AuthenticatorBase.invoke(AuthenticatorBase.java:576)
	at org.apache.catalina.core.StandardHostValve.invoke(StandardHostValve.java:142)
	at org.apache.catalina.valves.ErrorReportValve.invoke(ErrorReportValve.java:79)
	at org.apache.catalina.valves.AbstractAccessLogValve.invoke(AbstractAccessLogValve.java:610)
	at org.apache.catalina.core.StandardEngineValve.invoke(StandardEngineValve.java:88)
	at org.apache.catalina.connector.CoyoteAdapter.service(CoyoteAdapter.java:537)
	at org.apache.coyote.http11.AbstractHttp11Processor.process(AbstractHttp11Processor.java:1085)
	at org.apache.coyote.AbstractProtocol$AbstractConnectionHandler.process(AbstractProtocol.java:658)
	at org.apache.coyote.http11.Http11NioProtocol$Http11ConnectionHandler.process(Http11NioProtocol.java:222)
	at org.apache.tomcat.util.net.NioEndpoint$SocketProcessor.doRun(NioEndpoint.java:1556)
	at org.apache.tomcat.util.net.NioEndpoint$SocketProcessor.run(NioEndpoint.java:1513)
	at java.util.concurrent.ThreadPoolExecutor.runWorker(ThreadPoolExecutor.java:1145)
	at java.util.concurrent.ThreadPoolExecutor$Worker.run(ThreadPoolExecutor.java:615)
	at org.apache.tomcat.util.threads.TaskThread$WrappingRunnable.run(TaskThread.java:61)
	at java.lang.Thread.run(Thread.java:745)

21-Jan-2015 23:03:48.693 SEVERE [http-nio-8080-exec-8] org.apache.catalina.core.StandardContext.listenerStop Exception sending context destroyed event to listener instance of class org.apache.myfaces.webapp.StartupServletContextListener
 java.lang.IllegalStateException: No Factories configured for this Application. This happens if the faces-initialization does not work at all - make sure that you properly include all configuration settings necessary for a basic faces application and that all the necessary libs are included. Also check the logging output of your web application and your container for any exceptions!
If you did that and find nothing, the mistake might be due to the fact that you use some special web-containers which do not support registering context-listeners via TLD files and a context listener is not setup in your web.xml.
A typical config looks like this;
<listener>
  <listener-class>org.apache.myfaces.webapp.StartupServletContextListener</listener-class>
</listener>

	at javax.faces.FactoryFinder._getFactory(FactoryFinder.java:286)
	at javax.faces.FactoryFinder.getFactory(FactoryFinder.java:206)
	at org.apache.myfaces.context.servlet.FacesContextImplBase.getApplication(FacesContextImplBase.java:159)
	at org.apache.myfaces.webapp.AbstractFacesInitializer._dispatchApplicationEvent(AbstractFacesInitializer.java:285)
	at org.apache.myfaces.webapp.AbstractFacesInitializer.destroyFaces(AbstractFacesInitializer.java:320)
	at org.apache.myfaces.webapp.StartupServletContextListener.contextDestroyed(StartupServletContextListener.java:161)
	at org.apache.catalina.core.StandardContext.listenerStop(StandardContext.java:4813)
	at org.apache.catalina.core.StandardContext.stopInternal(StandardContext.java:5413)
	at org.apache.catalina.util.LifecycleBase.stop(LifecycleBase.java:232)
	at org.apache.catalina.manager.ManagerServlet.stop(ManagerServlet.java:1315)
	at org.apache.catalina.manager.ManagerServlet.doGet(ManagerServlet.java:359)
	at javax.servlet.http.HttpServlet.service(HttpServlet.java:618)
	at javax.servlet.http.HttpServlet.service(HttpServlet.java:725)
	at org.apache.catalina.core.ApplicationFilterChain.internalDoFilter(ApplicationFilterChain.java:291)
	at org.apache.catalina.core.ApplicationFilterChain.doFilter(ApplicationFilterChain.java:206)
	at org.apache.tomcat.websocket.server.WsFilter.doFilter(WsFilter.java:52)
	at org.apache.catalina.core.ApplicationFilterChain.internalDoFilter(ApplicationFilterChain.java:239)
	at org.apache.catalina.core.ApplicationFilterChain.doFilter(ApplicationFilterChain.java:206)
	at org.apache.catalina.filters.SetCharacterEncodingFilter.doFilter(SetCharacterEncodingFilter.java:108)
	at org.apache.catalina.core.ApplicationFilterChain.internalDoFilter(ApplicationFilterChain.java:239)
	at org.apache.catalina.core.ApplicationFilterChain.doFilter(ApplicationFilterChain.java:206)
	at org.apache.catalina.core.StandardWrapperValve.invoke(StandardWrapperValve.java:219)
	at org.apache.catalina.core.StandardContextValve.invoke(StandardContextValve.java:106)
	at org.apache.catalina.authenticator.AuthenticatorBase.invoke(AuthenticatorBase.java:613)
	at org.apache.catalina.core.StandardHostValve.invoke(StandardHostValve.java:142)
	at org.apache.catalina.valves.ErrorReportValve.invoke(ErrorReportValve.java:79)
	at org.apache.catalina.valves.AbstractAccessLogValve.invoke(AbstractAccessLogValve.java:610)
	at org.apache.catalina.core.StandardEngineValve.invoke(StandardEngineValve.java:88)
	at org.apache.catalina.connector.CoyoteAdapter.service(CoyoteAdapter.java:537)
	at org.apache.coyote.http11.AbstractHttp11Processor.process(AbstractHttp11Processor.java:1085)
	at org.apache.coyote.AbstractProtocol$AbstractConnectionHandler.process(AbstractProtocol.java:658)
	at org.apache.coyote.http11.Http11NioProtocol$Http11ConnectionHandler.process(Http11NioProtocol.java:222)
	at org.apache.tomcat.util.net.NioEndpoint$SocketProcessor.doRun(NioEndpoint.java:1556)
	at org.apache.tomcat.util.net.NioEndpoint$SocketProcessor.run(NioEndpoint.java:1513)
	at java.util.concurrent.ThreadPoolExecutor.runWorker(ThreadPoolExecutor.java:1145)
	at java.util.concurrent.ThreadPoolExecutor$Worker.run(ThreadPoolExecutor.java:615)
	at org.apache.tomcat.util.threads.TaskThread$WrappingRunnable.run(TaskThread.java:61)
	at java.lang.Thread.run(Thread.java:745)

21-Jan-2015 23:03:50.748 SEVERE [http-nio-8080-exec-7] org.apache.catalina.core.ApplicationContext.log StandardWrapper.Throwable
 java.lang.IllegalStateException: No Factories configured for this Application. This happens if the faces-initialization does not work at all - make sure that you properly include all configuration settings necessary for a basic faces application and that all the necessary libs are included. Also check the logging output of your web application and your container for any exceptions!
If you did that and find nothing, the mistake might be due to the fact that you use some special web-containers which do not support registering context-listeners via TLD files and a context listener is not setup in your web.xml.
A typical config looks like this;
<listener>
  <listener-class>org.apache.myfaces.webapp.StartupServletContextListener</listener-class>
</listener>

	at javax.faces.FactoryFinder._getFactory(FactoryFinder.java:286)
	at javax.faces.FactoryFinder.getFactory(FactoryFinder.java:206)
	at javax.faces.webapp.FacesServlet.init(FacesServlet.java:116)
	at org.apache.catalina.core.StandardWrapper.initServlet(StandardWrapper.java:1241)
	at org.apache.catalina.core.StandardWrapper.loadServlet(StandardWrapper.java:1154)
	at org.apache.catalina.core.StandardWrapper.load(StandardWrapper.java:1041)
	at org.apache.catalina.core.StandardContext.loadOnStartup(StandardContext.java:4944)
	at org.apache.catalina.core.StandardContext.startInternal(StandardContext.java:5230)
	at org.apache.catalina.util.LifecycleBase.start(LifecycleBase.java:150)
	at org.apache.catalina.manager.ManagerServlet.start(ManagerServlet.java:1265)
	at org.apache.catalina.manager.ManagerServlet.doGet(ManagerServlet.java:357)
	at javax.servlet.http.HttpServlet.service(HttpServlet.java:618)
	at javax.servlet.http.HttpServlet.service(HttpServlet.java:725)
	at org.apache.catalina.core.ApplicationFilterChain.internalDoFilter(ApplicationFilterChain.java:291)
	at org.apache.catalina.core.ApplicationFilterChain.doFilter(ApplicationFilterChain.java:206)
	at org.apache.tomcat.websocket.server.WsFilter.doFilter(WsFilter.java:52)
	at org.apache.catalina.core.ApplicationFilterChain.internalDoFilter(ApplicationFilterChain.java:239)
	at org.apache.catalina.core.ApplicationFilterChain.doFilter(ApplicationFilterChain.java:206)
	at org.apache.catalina.filters.SetCharacterEncodingFilter.doFilter(SetCharacterEncodingFilter.java:108)
	at org.apache.catalina.core.ApplicationFilterChain.internalDoFilter(ApplicationFilterChain.java:239)
	at org.apache.catalina.core.ApplicationFilterChain.doFilter(ApplicationFilterChain.java:206)
	at org.apache.catalina.core.StandardWrapperValve.invoke(StandardWrapperValve.java:219)
	at org.apache.catalina.core.StandardContextValve.invoke(StandardContextValve.java:106)
	at org.apache.catalina.authenticator.AuthenticatorBase.invoke(AuthenticatorBase.java:613)
	at org.apache.catalina.core.StandardHostValve.invoke(StandardHostValve.java:142)
	at org.apache.catalina.valves.ErrorReportValve.invoke(ErrorReportValve.java:79)
	at org.apache.catalina.valves.AbstractAccessLogValve.invoke(AbstractAccessLogValve.java:610)
	at org.apache.catalina.core.StandardEngineValve.invoke(StandardEngineValve.java:88)
	at org.apache.catalina.connector.CoyoteAdapter.service(CoyoteAdapter.java:537)
	at org.apache.coyote.http11.AbstractHttp11Processor.process(AbstractHttp11Processor.java:1085)
	at org.apache.coyote.AbstractProtocol$AbstractConnectionHandler.process(AbstractProtocol.java:658)
	at org.apache.coyote.http11.Http11NioProtocol$Http11ConnectionHandler.process(Http11NioProtocol.java:222)
	at org.apache.tomcat.util.net.NioEndpoint$SocketProcessor.doRun(NioEndpoint.java:1556)
	at org.apache.tomcat.util.net.NioEndpoint$SocketProcessor.run(NioEndpoint.java:1513)
	at java.util.concurrent.ThreadPoolExecutor.runWorker(ThreadPoolExecutor.java:1145)
	at java.util.concurrent.ThreadPoolExecutor$Worker.run(ThreadPoolExecutor.java:615)
	at org.apache.tomcat.util.threads.TaskThread$WrappingRunnable.run(TaskThread.java:61)
	at java.lang.Thread.run(Thread.java:745)

21-Jan-2015 23:03:50.756 SEVERE [http-nio-8080-exec-7] org.apache.catalina.core.StandardContext.loadOnStartup Servlet /dashboard threw load() exception
 java.lang.IllegalStateException: No Factories configured for this Application. This happens if the faces-initialization does not work at all - make sure that you properly include all configuration settings necessary for a basic faces application and that all the necessary libs are included. Also check the logging output of your web application and your container for any exceptions!
If you did that and find nothing, the mistake might be due to the fact that you use some special web-containers which do not support registering context-listeners via TLD files and a context listener is not setup in your web.xml.
A typical config looks like this;
<listener>
  <listener-class>org.apache.myfaces.webapp.StartupServletContextListener</listener-class>
</listener>

	at javax.faces.FactoryFinder._getFactory(FactoryFinder.java:286)
	at javax.faces.FactoryFinder.getFactory(FactoryFinder.java:206)
	at javax.faces.webapp.FacesServlet.init(FacesServlet.java:116)
	at org.apache.catalina.core.StandardWrapper.initServlet(StandardWrapper.java:1241)
	at org.apache.catalina.core.StandardWrapper.loadServlet(StandardWrapper.java:1154)
	at org.apache.catalina.core.StandardWrapper.load(StandardWrapper.java:1041)
	at org.apache.catalina.core.StandardContext.loadOnStartup(StandardContext.java:4944)
	at org.apache.catalina.core.StandardContext.startInternal(StandardContext.java:5230)
	at org.apache.catalina.util.LifecycleBase.start(LifecycleBase.java:150)
	at org.apache.catalina.manager.ManagerServlet.start(ManagerServlet.java:1265)
	at org.apache.catalina.manager.ManagerServlet.doGet(ManagerServlet.java:357)
	at javax.servlet.http.HttpServlet.service(HttpServlet.java:618)
	at javax.servlet.http.HttpServlet.service(HttpServlet.java:725)
	at org.apache.catalina.core.ApplicationFilterChain.internalDoFilter(ApplicationFilterChain.java:291)
	at org.apache.catalina.core.ApplicationFilterChain.doFilter(ApplicationFilterChain.java:206)
	at org.apache.tomcat.websocket.server.WsFilter.doFilter(WsFilter.java:52)
	at org.apache.catalina.core.ApplicationFilterChain.internalDoFilter(ApplicationFilterChain.java:239)
	at org.apache.catalina.core.ApplicationFilterChain.doFilter(ApplicationFilterChain.java:206)
	at org.apache.catalina.filters.SetCharacterEncodingFilter.doFilter(SetCharacterEncodingFilter.java:108)
	at org.apache.catalina.core.ApplicationFilterChain.internalDoFilter(ApplicationFilterChain.java:239)
	at org.apache.catalina.core.ApplicationFilterChain.doFilter(ApplicationFilterChain.java:206)
	at org.apache.catalina.core.StandardWrapperValve.invoke(StandardWrapperValve.java:219)
	at org.apache.catalina.core.StandardContextValve.invoke(StandardContextValve.java:106)
	at org.apache.catalina.authenticator.AuthenticatorBase.invoke(AuthenticatorBase.java:613)
	at org.apache.catalina.core.StandardHostValve.invoke(StandardHostValve.java:142)
	at org.apache.catalina.valves.ErrorReportValve.invoke(ErrorReportValve.java:79)
	at org.apache.catalina.valves.AbstractAccessLogValve.invoke(AbstractAccessLogValve.java:610)
	at org.apache.catalina.core.StandardEngineValve.invoke(StandardEngineValve.java:88)
	at org.apache.catalina.connector.CoyoteAdapter.service(CoyoteAdapter.java:537)
	at org.apache.coyote.http11.AbstractHttp11Processor.process(AbstractHttp11Processor.java:1085)
	at org.apache.coyote.AbstractProtocol$AbstractConnectionHandler.process(AbstractProtocol.java:658)
	at org.apache.coyote.http11.Http11NioProtocol$Http11ConnectionHandler.process(Http11NioProtocol.java:222)
	at org.apache.tomcat.util.net.NioEndpoint$SocketProcessor.doRun(NioEndpoint.java:1556)
	at org.apache.tomcat.util.net.NioEndpoint$SocketProcessor.run(NioEndpoint.java:1513)
	at java.util.concurrent.ThreadPoolExecutor.runWorker(ThreadPoolExecutor.java:1145)
	at java.util.concurrent.ThreadPoolExecutor$Worker.run(ThreadPoolExecutor.java:615)
	at org.apache.tomcat.util.threads.TaskThread$WrappingRunnable.run(TaskThread.java:61)
	at java.lang.Thread.run(Thread.java:745)

21-Jan-2015 23:03:55.141 SEVERE [ContainerBackgroundProcessor[StandardEngine[Catalina]]] org.apache.catalina.core.StandardContext.listenerStop Exception sending context destroyed event to listener instance of class org.apache.myfaces.webapp.StartupServletContextListener
 java.lang.IllegalStateException: No Factories configured for this Application. This happens if the faces-initialization does not work at all - make sure that you properly include all configuration settings necessary for a basic faces application and that all the necessary libs are included. Also check the logging output of your web application and your container for any exceptions!
If you did that and find nothing, the mistake might be due to the fact that you use some special web-containers which do not support registering context-listeners via TLD files and a context listener is not setup in your web.xml.
A typical config looks like this;
<listener>
  <listener-class>org.apache.myfaces.webapp.StartupServletContextListener</listener-class>
</listener>

	at javax.faces.FactoryFinder._getFactory(FactoryFinder.java:286)
	at javax.faces.FactoryFinder.getFactory(FactoryFinder.java:206)
	at org.apache.myfaces.context.servlet.FacesContextImplBase.getApplication(FacesContextImplBase.java:159)
	at org.apache.myfaces.webapp.AbstractFacesInitializer._dispatchApplicationEvent(AbstractFacesInitializer.java:285)
	at org.apache.myfaces.webapp.AbstractFacesInitializer.destroyFaces(AbstractFacesInitializer.java:320)
	at org.apache.myfaces.webapp.StartupServletContextListener.contextDestroyed(StartupServletContextListener.java:161)
	at org.apache.catalina.core.StandardContext.listenerStop(StandardContext.java:4813)
	at org.apache.catalina.core.StandardContext.stopInternal(StandardContext.java:5413)
	at org.apache.catalina.util.LifecycleBase.stop(LifecycleBase.java:232)
	at org.apache.catalina.core.StandardContext.reload(StandardContext.java:3789)
	at org.apache.catalina.startup.HostConfig.reload(HostConfig.java:1304)
	at org.apache.catalina.startup.HostConfig.checkResources(HostConfig.java:1287)
	at org.apache.catalina.startup.HostConfig.check(HostConfig.java:1471)
	at org.apache.catalina.startup.HostConfig.lifecycleEvent(HostConfig.java:280)
	at org.apache.catalina.util.LifecycleSupport.fireLifecycleEvent(LifecycleSupport.java:117)
	at org.apache.catalina.util.LifecycleBase.fireLifecycleEvent(LifecycleBase.java:90)
	at org.apache.catalina.core.ContainerBase.backgroundProcess(ContainerBase.java:1142)
	at org.apache.catalina.core.ContainerBase$ContainerBackgroundProcessor.processChildren(ContainerBase.java:1378)
	at org.apache.catalina.core.ContainerBase$ContainerBackgroundProcessor.processChildren(ContainerBase.java:1382)
	at org.apache.catalina.core.ContainerBase$ContainerBackgroundProcessor.run(ContainerBase.java:1350)
	at java.lang.Thread.run(Thread.java:745)

21-Jan-2015 23:03:57.026 SEVERE [ContainerBackgroundProcessor[StandardEngine[Catalina]]] org.apache.catalina.core.ApplicationContext.log StandardWrapper.Throwable
 java.lang.IllegalStateException: No Factories configured for this Application. This happens if the faces-initialization does not work at all - make sure that you properly include all configuration settings necessary for a basic faces application and that all the necessary libs are included. Also check the logging output of your web application and your container for any exceptions!
If you did that and find nothing, the mistake might be due to the fact that you use some special web-containers which do not support registering context-listeners via TLD files and a context listener is not setup in your web.xml.
A typical config looks like this;
<listener>
  <listener-class>org.apache.myfaces.webapp.StartupServletContextListener</listener-class>
</listener>

	at javax.faces.FactoryFinder._getFactory(FactoryFinder.java:286)
	at javax.faces.FactoryFinder.getFactory(FactoryFinder.java:206)
	at javax.faces.webapp.FacesServlet.init(FacesServlet.java:116)
	at org.apache.catalina.core.StandardWrapper.initServlet(StandardWrapper.java:1241)
	at org.apache.catalina.core.StandardWrapper.loadServlet(StandardWrapper.java:1154)
	at org.apache.catalina.core.StandardWrapper.load(StandardWrapper.java:1041)
	at org.apache.catalina.core.StandardContext.loadOnStartup(StandardContext.java:4944)
	at org.apache.catalina.core.StandardContext.startInternal(StandardContext.java:5230)
	at org.apache.catalina.util.LifecycleBase.start(LifecycleBase.java:150)
	at org.apache.catalina.core.StandardContext.reload(StandardContext.java:3796)
	at org.apache.catalina.startup.HostConfig.reload(HostConfig.java:1304)
	at org.apache.catalina.startup.HostConfig.checkResources(HostConfig.java:1287)
	at org.apache.catalina.startup.HostConfig.check(HostConfig.java:1471)
	at org.apache.catalina.startup.HostConfig.lifecycleEvent(HostConfig.java:280)
	at org.apache.catalina.util.LifecycleSupport.fireLifecycleEvent(LifecycleSupport.java:117)
	at org.apache.catalina.util.LifecycleBase.fireLifecycleEvent(LifecycleBase.java:90)
	at org.apache.catalina.core.ContainerBase.backgroundProcess(ContainerBase.java:1142)
	at org.apache.catalina.core.ContainerBase$ContainerBackgroundProcessor.processChildren(ContainerBase.java:1378)
	at org.apache.catalina.core.ContainerBase$ContainerBackgroundProcessor.processChildren(ContainerBase.java:1382)
	at org.apache.catalina.core.ContainerBase$ContainerBackgroundProcessor.run(ContainerBase.java:1350)
	at java.lang.Thread.run(Thread.java:745)

21-Jan-2015 23:03:57.026 SEVERE [ContainerBackgroundProcessor[StandardEngine[Catalina]]] org.apache.catalina.core.StandardContext.loadOnStartup Servlet /dashboard threw load() exception
 java.lang.IllegalStateException: No Factories configured for this Application. This happens if the faces-initialization does not work at all - make sure that you properly include all configuration settings necessary for a basic faces application and that all the necessary libs are included. Also check the logging output of your web application and your container for any exceptions!
If you did that and find nothing, the mistake might be due to the fact that you use some special web-containers which do not support registering context-listeners via TLD files and a context listener is not setup in your web.xml.
A typical config looks like this;
<listener>
  <listener-class>org.apache.myfaces.webapp.StartupServletContextListener</listener-class>
</listener>

	at javax.faces.FactoryFinder._getFactory(FactoryFinder.java:286)
	at javax.faces.FactoryFinder.getFactory(FactoryFinder.java:206)
	at javax.faces.webapp.FacesServlet.init(FacesServlet.java:116)
	at org.apache.catalina.core.StandardWrapper.initServlet(StandardWrapper.java:1241)
	at org.apache.catalina.core.StandardWrapper.loadServlet(StandardWrapper.java:1154)
	at org.apache.catalina.core.StandardWrapper.load(StandardWrapper.java:1041)
	at org.apache.catalina.core.StandardContext.loadOnStartup(StandardContext.java:4944)
	at org.apache.catalina.core.StandardContext.startInternal(StandardContext.java:5230)
	at org.apache.catalina.util.LifecycleBase.start(LifecycleBase.java:150)
	at org.apache.catalina.core.StandardContext.reload(StandardContext.java:3796)
	at org.apache.catalina.startup.HostConfig.reload(HostConfig.java:1304)
	at org.apache.catalina.startup.HostConfig.checkResources(HostConfig.java:1287)
	at org.apache.catalina.startup.HostConfig.check(HostConfig.java:1471)
	at org.apache.catalina.startup.HostConfig.lifecycleEvent(HostConfig.java:280)
	at org.apache.catalina.util.LifecycleSupport.fireLifecycleEvent(LifecycleSupport.java:117)
	at org.apache.catalina.util.LifecycleBase.fireLifecycleEvent(LifecycleBase.java:90)
	at org.apache.catalina.core.ContainerBase.backgroundProcess(ContainerBase.java:1142)
	at org.apache.catalina.core.ContainerBase$ContainerBackgroundProcessor.processChildren(ContainerBase.java:1378)
	at org.apache.catalina.core.ContainerBase$ContainerBackgroundProcessor.processChildren(ContainerBase.java:1382)
	at org.apache.catalina.core.ContainerBase$ContainerBackgroundProcessor.run(ContainerBase.java:1350)
	at java.lang.Thread.run(Thread.java:745)

21-Jan-2015 23:03:57.031 SEVERE [http-nio-8080-exec-5] org.apache.catalina.core.StandardContext.listenerStop Exception sending context destroyed event to listener instance of class org.apache.myfaces.webapp.StartupServletContextListener
 java.lang.IllegalStateException: No Factories configured for this Application. This happens if the faces-initialization does not work at all - make sure that you properly include all configuration settings necessary for a basic faces application and that all the necessary libs are included. Also check the logging output of your web application and your container for any exceptions!
If you did that and find nothing, the mistake might be due to the fact that you use some special web-containers which do not support registering context-listeners via TLD files and a context listener is not setup in your web.xml.
A typical config looks like this;
<listener>
  <listener-class>org.apache.myfaces.webapp.StartupServletContextListener</listener-class>
</listener>

	at javax.faces.FactoryFinder._getFactory(FactoryFinder.java:286)
	at javax.faces.FactoryFinder.getFactory(FactoryFinder.java:206)
	at org.apache.myfaces.context.servlet.FacesContextImplBase.getApplication(FacesContextImplBase.java:159)
	at org.apache.myfaces.webapp.AbstractFacesInitializer._dispatchApplicationEvent(AbstractFacesInitializer.java:285)
	at org.apache.myfaces.webapp.AbstractFacesInitializer.destroyFaces(AbstractFacesInitializer.java:320)
	at org.apache.myfaces.webapp.StartupServletContextListener.contextDestroyed(StartupServletContextListener.java:161)
	at org.apache.catalina.core.StandardContext.listenerStop(StandardContext.java:4813)
	at org.apache.catalina.core.StandardContext.stopInternal(StandardContext.java:5413)
	at org.apache.catalina.util.LifecycleBase.stop(LifecycleBase.java:232)
	at org.apache.catalina.manager.ManagerServlet.undeploy(ManagerServlet.java:1370)
	at org.apache.catalina.manager.ManagerServlet.doGet(ManagerServlet.java:361)
	at javax.servlet.http.HttpServlet.service(HttpServlet.java:618)
	at javax.servlet.http.HttpServlet.service(HttpServlet.java:725)
	at org.apache.catalina.core.ApplicationFilterChain.internalDoFilter(ApplicationFilterChain.java:291)
	at org.apache.catalina.core.ApplicationFilterChain.doFilter(ApplicationFilterChain.java:206)
	at org.apache.tomcat.websocket.server.WsFilter.doFilter(WsFilter.java:52)
	at org.apache.catalina.core.ApplicationFilterChain.internalDoFilter(ApplicationFilterChain.java:239)
	at org.apache.catalina.core.ApplicationFilterChain.doFilter(ApplicationFilterChain.java:206)
	at org.apache.catalina.filters.SetCharacterEncodingFilter.doFilter(SetCharacterEncodingFilter.java:108)
	at org.apache.catalina.core.ApplicationFilterChain.internalDoFilter(ApplicationFilterChain.java:239)
	at org.apache.catalina.core.ApplicationFilterChain.doFilter(ApplicationFilterChain.java:206)
	at org.apache.catalina.core.StandardWrapperValve.invoke(StandardWrapperValve.java:219)
	at org.apache.catalina.core.StandardContextValve.invoke(StandardContextValve.java:106)
	at org.apache.catalina.authenticator.AuthenticatorBase.invoke(AuthenticatorBase.java:613)
	at org.apache.catalina.core.StandardHostValve.invoke(StandardHostValve.java:142)
	at org.apache.catalina.valves.ErrorReportValve.invoke(ErrorReportValve.java:79)
	at org.apache.catalina.valves.AbstractAccessLogValve.invoke(AbstractAccessLogValve.java:610)
	at org.apache.catalina.core.StandardEngineValve.invoke(StandardEngineValve.java:88)
	at org.apache.catalina.connector.CoyoteAdapter.service(CoyoteAdapter.java:537)
	at org.apache.coyote.http11.AbstractHttp11Processor.process(AbstractHttp11Processor.java:1085)
	at org.apache.coyote.AbstractProtocol$AbstractConnectionHandler.process(AbstractProtocol.java:658)
	at org.apache.coyote.http11.Http11NioProtocol$Http11ConnectionHandler.process(Http11NioProtocol.java:222)
	at org.apache.tomcat.util.net.NioEndpoint$SocketProcessor.doRun(NioEndpoint.java:1556)
	at org.apache.tomcat.util.net.NioEndpoint$SocketProcessor.run(NioEndpoint.java:1513)
	at java.util.concurrent.ThreadPoolExecutor.runWorker(ThreadPoolExecutor.java:1145)
	at java.util.concurrent.ThreadPoolExecutor$Worker.run(ThreadPoolExecutor.java:615)
	at org.apache.tomcat.util.threads.TaskThread$WrappingRunnable.run(TaskThread.java:61)
	at java.lang.Thread.run(Thread.java:745)

21-Jan-2015 23:04:08.917 INFO [localhost-startStop-2] org.apache.catalina.core.ApplicationContext.log SessionListener: contextDestroyed()
21-Jan-2015 23:04:08.917 INFO [localhost-startStop-2] org.apache.catalina.core.ApplicationContext.log ContextListener: contextDestroyed()
21-Jan-2015 23:04:27.008 INFO [localhost-startStop-1] org.apache.catalina.core.ApplicationContext.log ContextListener: contextInitialized()
21-Jan-2015 23:04:27.009 INFO [localhost-startStop-1] org.apache.catalina.core.ApplicationContext.log SessionListener: contextInitialized()
21-Jan-2015 23:04:28.937 SEVERE [http-nio-8080-exec-5] org.apache.catalina.core.ApplicationContext.log StandardWrapper.Throwable
 java.lang.IllegalStateException: No Factories configured for this Application. This happens if the faces-initialization does not work at all - make sure that you properly include all configuration settings necessary for a basic faces application and that all the necessary libs are included. Also check the logging output of your web application and your container for any exceptions!
If you did that and find nothing, the mistake might be due to the fact that you use some special web-containers which do not support registering context-listeners via TLD files and a context listener is not setup in your web.xml.
A typical config looks like this;
<listener>
  <listener-class>org.apache.myfaces.webapp.StartupServletContextListener</listener-class>
</listener>

	at javax.faces.FactoryFinder._getFactory(FactoryFinder.java:286)
	at javax.faces.FactoryFinder.getFactory(FactoryFinder.java:206)
	at javax.faces.webapp.FacesServlet.init(FacesServlet.java:116)
	at org.apache.catalina.core.StandardWrapper.initServlet(StandardWrapper.java:1241)
	at org.apache.catalina.core.StandardWrapper.loadServlet(StandardWrapper.java:1154)
	at org.apache.catalina.core.StandardWrapper.load(StandardWrapper.java:1041)
	at org.apache.catalina.core.StandardContext.loadOnStartup(StandardContext.java:4944)
	at org.apache.catalina.core.StandardContext.startInternal(StandardContext.java:5230)
	at org.apache.catalina.util.LifecycleBase.start(LifecycleBase.java:150)
	at org.apache.catalina.core.ContainerBase.addChildInternal(ContainerBase.java:725)
	at org.apache.catalina.core.ContainerBase.addChild(ContainerBase.java:701)
	at org.apache.catalina.core.StandardHost.addChild(StandardHost.java:714)
	at org.apache.catalina.startup.HostConfig.deployDescriptor(HostConfig.java:581)
	at org.apache.catalina.startup.HostConfig.deployApps(HostConfig.java:455)
	at org.apache.catalina.startup.HostConfig.check(HostConfig.java:1493)
	at sun.reflect.NativeMethodAccessorImpl.invoke0(Native Method)
	at sun.reflect.NativeMethodAccessorImpl.invoke(NativeMethodAccessorImpl.java:57)
	at sun.reflect.DelegatingMethodAccessorImpl.invoke(DelegatingMethodAccessorImpl.java:43)
	at java.lang.reflect.Method.invoke(Method.java:606)
	at org.apache.tomcat.util.modeler.BaseModelMBean.invoke(BaseModelMBean.java:300)
	at com.sun.jmx.interceptor.DefaultMBeanServerInterceptor.invoke(DefaultMBeanServerInterceptor.java:819)
	at com.sun.jmx.mbeanserver.JmxMBeanServer.invoke(JmxMBeanServer.java:801)
	at org.apache.catalina.manager.ManagerServlet.check(ManagerServlet.java:1432)
	at org.apache.catalina.manager.ManagerServlet.deploy(ManagerServlet.java:884)
	at org.apache.catalina.manager.ManagerServlet.doGet(ManagerServlet.java:335)
	at javax.servlet.http.HttpServlet.service(HttpServlet.java:618)
	at javax.servlet.http.HttpServlet.service(HttpServlet.java:725)
	at org.apache.catalina.core.ApplicationFilterChain.internalDoFilter(ApplicationFilterChain.java:291)
	at org.apache.catalina.core.ApplicationFilterChain.doFilter(ApplicationFilterChain.java:206)
	at org.apache.tomcat.websocket.server.WsFilter.doFilter(WsFilter.java:52)
	at org.apache.catalina.core.ApplicationFilterChain.internalDoFilter(ApplicationFilterChain.java:239)
	at org.apache.catalina.core.ApplicationFilterChain.doFilter(ApplicationFilterChain.java:206)
	at org.apache.catalina.filters.SetCharacterEncodingFilter.doFilter(SetCharacterEncodingFilter.java:108)
	at org.apache.catalina.core.ApplicationFilterChain.internalDoFilter(ApplicationFilterChain.java:239)
	at org.apache.catalina.core.ApplicationFilterChain.doFilter(ApplicationFilterChain.java:206)
	at org.apache.catalina.core.StandardWrapperValve.invoke(StandardWrapperValve.java:219)
	at org.apache.catalina.core.StandardContextValve.invoke(StandardContextValve.java:106)
	at org.apache.catalina.authenticator.AuthenticatorBase.invoke(AuthenticatorBase.java:613)
	at org.apache.catalina.core.StandardHostValve.invoke(StandardHostValve.java:142)
	at org.apache.catalina.valves.ErrorReportValve.invoke(ErrorReportValve.java:79)
	at org.apache.catalina.valves.AbstractAccessLogValve.invoke(AbstractAccessLogValve.java:610)
	at org.apache.catalina.core.StandardEngineValve.invoke(StandardEngineValve.java:88)
	at org.apache.catalina.connector.CoyoteAdapter.service(CoyoteAdapter.java:537)
	at org.apache.coyote.http11.AbstractHttp11Processor.process(AbstractHttp11Processor.java:1085)
	at org.apache.coyote.AbstractProtocol$AbstractConnectionHandler.process(AbstractProtocol.java:658)
	at org.apache.coyote.http11.Http11NioProtocol$Http11ConnectionHandler.process(Http11NioProtocol.java:222)
	at org.apache.tomcat.util.net.NioEndpoint$SocketProcessor.doRun(NioEndpoint.java:1556)
	at org.apache.tomcat.util.net.NioEndpoint$SocketProcessor.run(NioEndpoint.java:1513)
	at java.util.concurrent.ThreadPoolExecutor.runWorker(ThreadPoolExecutor.java:1145)
	at java.util.concurrent.ThreadPoolExecutor$Worker.run(ThreadPoolExecutor.java:615)
	at org.apache.tomcat.util.threads.TaskThread$WrappingRunnable.run(TaskThread.java:61)
	at java.lang.Thread.run(Thread.java:745)

21-Jan-2015 23:04:28.938 SEVERE [http-nio-8080-exec-5] org.apache.catalina.core.StandardContext.loadOnStartup Servlet /dashboard threw load() exception
 java.lang.IllegalStateException: No Factories configured for this Application. This happens if the faces-initialization does not work at all - make sure that you properly include all configuration settings necessary for a basic faces application and that all the necessary libs are included. Also check the logging output of your web application and your container for any exceptions!
If you did that and find nothing, the mistake might be due to the fact that you use some special web-containers which do not support registering context-listeners via TLD files and a context listener is not setup in your web.xml.
A typical config looks like this;
<listener>
  <listener-class>org.apache.myfaces.webapp.StartupServletContextListener</listener-class>
</listener>

	at javax.faces.FactoryFinder._getFactory(FactoryFinder.java:286)
	at javax.faces.FactoryFinder.getFactory(FactoryFinder.java:206)
	at javax.faces.webapp.FacesServlet.init(FacesServlet.java:116)
	at org.apache.catalina.core.StandardWrapper.initServlet(StandardWrapper.java:1241)
	at org.apache.catalina.core.StandardWrapper.loadServlet(StandardWrapper.java:1154)
	at org.apache.catalina.core.StandardWrapper.load(StandardWrapper.java:1041)
	at org.apache.catalina.core.StandardContext.loadOnStartup(StandardContext.java:4944)
	at org.apache.catalina.core.StandardContext.startInternal(StandardContext.java:5230)
	at org.apache.catalina.util.LifecycleBase.start(LifecycleBase.java:150)
	at org.apache.catalina.core.ContainerBase.addChildInternal(ContainerBase.java:725)
	at org.apache.catalina.core.ContainerBase.addChild(ContainerBase.java:701)
	at org.apache.catalina.core.StandardHost.addChild(StandardHost.java:714)
	at org.apache.catalina.startup.HostConfig.deployDescriptor(HostConfig.java:581)
	at org.apache.catalina.startup.HostConfig.deployApps(HostConfig.java:455)
	at org.apache.catalina.startup.HostConfig.check(HostConfig.java:1493)
	at sun.reflect.NativeMethodAccessorImpl.invoke0(Native Method)
	at sun.reflect.NativeMethodAccessorImpl.invoke(NativeMethodAccessorImpl.java:57)
	at sun.reflect.DelegatingMethodAccessorImpl.invoke(DelegatingMethodAccessorImpl.java:43)
	at java.lang.reflect.Method.invoke(Method.java:606)
	at org.apache.tomcat.util.modeler.BaseModelMBean.invoke(BaseModelMBean.java:300)
	at com.sun.jmx.interceptor.DefaultMBeanServerInterceptor.invoke(DefaultMBeanServerInterceptor.java:819)
	at com.sun.jmx.mbeanserver.JmxMBeanServer.invoke(JmxMBeanServer.java:801)
	at org.apache.catalina.manager.ManagerServlet.check(ManagerServlet.java:1432)
	at org.apache.catalina.manager.ManagerServlet.deploy(ManagerServlet.java:884)
	at org.apache.catalina.manager.ManagerServlet.doGet(ManagerServlet.java:335)
	at javax.servlet.http.HttpServlet.service(HttpServlet.java:618)
	at javax.servlet.http.HttpServlet.service(HttpServlet.java:725)
	at org.apache.catalina.core.ApplicationFilterChain.internalDoFilter(ApplicationFilterChain.java:291)
	at org.apache.catalina.core.ApplicationFilterChain.doFilter(ApplicationFilterChain.java:206)
	at org.apache.tomcat.websocket.server.WsFilter.doFilter(WsFilter.java:52)
	at org.apache.catalina.core.ApplicationFilterChain.internalDoFilter(ApplicationFilterChain.java:239)
	at org.apache.catalina.core.ApplicationFilterChain.doFilter(ApplicationFilterChain.java:206)
	at org.apache.catalina.filters.SetCharacterEncodingFilter.doFilter(SetCharacterEncodingFilter.java:108)
	at org.apache.catalina.core.ApplicationFilterChain.internalDoFilter(ApplicationFilterChain.java:239)
	at org.apache.catalina.core.ApplicationFilterChain.doFilter(ApplicationFilterChain.java:206)
	at org.apache.catalina.core.StandardWrapperValve.invoke(StandardWrapperValve.java:219)
	at org.apache.catalina.core.StandardContextValve.invoke(StandardContextValve.java:106)
	at org.apache.catalina.authenticator.AuthenticatorBase.invoke(AuthenticatorBase.java:613)
	at org.apache.catalina.core.StandardHostValve.invoke(StandardHostValve.java:142)
	at org.apache.catalina.valves.ErrorReportValve.invoke(ErrorReportValve.java:79)
	at org.apache.catalina.valves.AbstractAccessLogValve.invoke(AbstractAccessLogValve.java:610)
	at org.apache.catalina.core.StandardEngineValve.invoke(StandardEngineValve.java:88)
	at org.apache.catalina.connector.CoyoteAdapter.service(CoyoteAdapter.java:537)
	at org.apache.coyote.http11.AbstractHttp11Processor.process(AbstractHttp11Processor.java:1085)
	at org.apache.coyote.AbstractProtocol$AbstractConnectionHandler.process(AbstractProtocol.java:658)
	at org.apache.coyote.http11.Http11NioProtocol$Http11ConnectionHandler.process(Http11NioProtocol.java:222)
	at org.apache.tomcat.util.net.NioEndpoint$SocketProcessor.doRun(NioEndpoint.java:1556)
	at org.apache.tomcat.util.net.NioEndpoint$SocketProcessor.run(NioEndpoint.java:1513)
	at java.util.concurrent.ThreadPoolExecutor.runWorker(ThreadPoolExecutor.java:1145)
	at java.util.concurrent.ThreadPoolExecutor$Worker.run(ThreadPoolExecutor.java:615)
	at org.apache.tomcat.util.threads.TaskThread$WrappingRunnable.run(TaskThread.java:61)
	at java.lang.Thread.run(Thread.java:745)

21-Jan-2015 23:04:29.300 SEVERE [http-nio-8080-exec-8] org.apache.catalina.core.ApplicationContext.log StandardWrapper.Throwable
 java.lang.IllegalStateException: No Factories configured for this Application. This happens if the faces-initialization does not work at all - make sure that you properly include all configuration settings necessary for a basic faces application and that all the necessary libs are included. Also check the logging output of your web application and your container for any exceptions!
If you did that and find nothing, the mistake might be due to the fact that you use some special web-containers which do not support registering context-listeners via TLD files and a context listener is not setup in your web.xml.
A typical config looks like this;
<listener>
  <listener-class>org.apache.myfaces.webapp.StartupServletContextListener</listener-class>
</listener>

	at javax.faces.FactoryFinder._getFactory(FactoryFinder.java:286)
	at javax.faces.FactoryFinder.getFactory(FactoryFinder.java:206)
	at javax.faces.webapp.FacesServlet.init(FacesServlet.java:116)
	at org.apache.catalina.core.StandardWrapper.initServlet(StandardWrapper.java:1241)
	at org.apache.catalina.core.StandardWrapper.loadServlet(StandardWrapper.java:1154)
	at org.apache.catalina.core.StandardWrapper.allocate(StandardWrapper.java:827)
	at org.apache.catalina.core.ApplicationDispatcher.invoke(ApplicationDispatcher.java:694)
	at org.apache.catalina.core.ApplicationDispatcher.processRequest(ApplicationDispatcher.java:466)
	at org.apache.catalina.core.ApplicationDispatcher.doForward(ApplicationDispatcher.java:391)
	at org.apache.catalina.core.ApplicationDispatcher.forward(ApplicationDispatcher.java:318)
	at org.apache.catalina.authenticator.FormAuthenticator.forwardToLoginPage(FormAuthenticator.java:411)
	at org.apache.catalina.authenticator.FormAuthenticator.authenticate(FormAuthenticator.java:256)
	at org.apache.catalina.authenticator.AuthenticatorBase.invoke(AuthenticatorBase.java:576)
	at org.apache.catalina.core.StandardHostValve.invoke(StandardHostValve.java:142)
	at org.apache.catalina.valves.ErrorReportValve.invoke(ErrorReportValve.java:79)
	at org.apache.catalina.valves.AbstractAccessLogValve.invoke(AbstractAccessLogValve.java:610)
	at org.apache.catalina.core.StandardEngineValve.invoke(StandardEngineValve.java:88)
	at org.apache.catalina.connector.CoyoteAdapter.service(CoyoteAdapter.java:537)
	at org.apache.coyote.http11.AbstractHttp11Processor.process(AbstractHttp11Processor.java:1085)
	at org.apache.coyote.AbstractProtocol$AbstractConnectionHandler.process(AbstractProtocol.java:658)
	at org.apache.coyote.http11.Http11NioProtocol$Http11ConnectionHandler.process(Http11NioProtocol.java:222)
	at org.apache.tomcat.util.net.NioEndpoint$SocketProcessor.doRun(NioEndpoint.java:1556)
	at org.apache.tomcat.util.net.NioEndpoint$SocketProcessor.run(NioEndpoint.java:1513)
	at java.util.concurrent.ThreadPoolExecutor.runWorker(ThreadPoolExecutor.java:1145)
	at java.util.concurrent.ThreadPoolExecutor$Worker.run(ThreadPoolExecutor.java:615)
	at org.apache.tomcat.util.threads.TaskThread$WrappingRunnable.run(TaskThread.java:61)
	at java.lang.Thread.run(Thread.java:745)

21-Jan-2015 23:04:29.301 SEVERE [http-nio-8080-exec-8] org.apache.catalina.core.ApplicationDispatcher.invoke Allocate exception for servlet Faces Servlet
 java.lang.IllegalStateException: No Factories configured for this Application. This happens if the faces-initialization does not work at all - make sure that you properly include all configuration settings necessary for a basic faces application and that all the necessary libs are included. Also check the logging output of your web application and your container for any exceptions!
If you did that and find nothing, the mistake might be due to the fact that you use some special web-containers which do not support registering context-listeners via TLD files and a context listener is not setup in your web.xml.
A typical config looks like this;
<listener>
  <listener-class>org.apache.myfaces.webapp.StartupServletContextListener</listener-class>
</listener>

	at javax.faces.FactoryFinder._getFactory(FactoryFinder.java:286)
	at javax.faces.FactoryFinder.getFactory(FactoryFinder.java:206)
	at javax.faces.webapp.FacesServlet.init(FacesServlet.java:116)
	at org.apache.catalina.core.StandardWrapper.initServlet(StandardWrapper.java:1241)
	at org.apache.catalina.core.StandardWrapper.loadServlet(StandardWrapper.java:1154)
	at org.apache.catalina.core.StandardWrapper.allocate(StandardWrapper.java:827)
	at org.apache.catalina.core.ApplicationDispatcher.invoke(ApplicationDispatcher.java:694)
	at org.apache.catalina.core.ApplicationDispatcher.processRequest(ApplicationDispatcher.java:466)
	at org.apache.catalina.core.ApplicationDispatcher.doForward(ApplicationDispatcher.java:391)
	at org.apache.catalina.core.ApplicationDispatcher.forward(ApplicationDispatcher.java:318)
	at org.apache.catalina.authenticator.FormAuthenticator.forwardToLoginPage(FormAuthenticator.java:411)
	at org.apache.catalina.authenticator.FormAuthenticator.authenticate(FormAuthenticator.java:256)
	at org.apache.catalina.authenticator.AuthenticatorBase.invoke(AuthenticatorBase.java:576)
	at org.apache.catalina.core.StandardHostValve.invoke(StandardHostValve.java:142)
	at org.apache.catalina.valves.ErrorReportValve.invoke(ErrorReportValve.java:79)
	at org.apache.catalina.valves.AbstractAccessLogValve.invoke(AbstractAccessLogValve.java:610)
	at org.apache.catalina.core.StandardEngineValve.invoke(StandardEngineValve.java:88)
	at org.apache.catalina.connector.CoyoteAdapter.service(CoyoteAdapter.java:537)
	at org.apache.coyote.http11.AbstractHttp11Processor.process(AbstractHttp11Processor.java:1085)
	at org.apache.coyote.AbstractProtocol$AbstractConnectionHandler.process(AbstractProtocol.java:658)
	at org.apache.coyote.http11.Http11NioProtocol$Http11ConnectionHandler.process(Http11NioProtocol.java:222)
	at org.apache.tomcat.util.net.NioEndpoint$SocketProcessor.doRun(NioEndpoint.java:1556)
	at org.apache.tomcat.util.net.NioEndpoint$SocketProcessor.run(NioEndpoint.java:1513)
	at java.util.concurrent.ThreadPoolExecutor.runWorker(ThreadPoolExecutor.java:1145)
	at java.util.concurrent.ThreadPoolExecutor$Worker.run(ThreadPoolExecutor.java:615)
	at org.apache.tomcat.util.threads.TaskThread$WrappingRunnable.run(TaskThread.java:61)
	at java.lang.Thread.run(Thread.java:745)

21-Jan-2015 23:06:42.521 INFO [localhost-startStop-2] org.apache.catalina.core.ApplicationContext.log SessionListener: contextDestroyed()
21-Jan-2015 23:06:42.521 INFO [localhost-startStop-2] org.apache.catalina.core.ApplicationContext.log ContextListener: contextDestroyed()
21-Jan-2015 23:06:42.556 SEVERE [localhost-startStop-2] org.apache.catalina.core.StandardContext.listenerStop Exception sending context destroyed event to listener instance of class org.apache.myfaces.webapp.StartupServletContextListener
 java.lang.IllegalStateException: No Factories configured for this Application. This happens if the faces-initialization does not work at all - make sure that you properly include all configuration settings necessary for a basic faces application and that all the necessary libs are included. Also check the logging output of your web application and your container for any exceptions!
If you did that and find nothing, the mistake might be due to the fact that you use some special web-containers which do not support registering context-listeners via TLD files and a context listener is not setup in your web.xml.
A typical config looks like this;
<listener>
  <listener-class>org.apache.myfaces.webapp.StartupServletContextListener</listener-class>
</listener>

	at javax.faces.FactoryFinder._getFactory(FactoryFinder.java:286)
	at javax.faces.FactoryFinder.getFactory(FactoryFinder.java:206)
	at org.apache.myfaces.context.servlet.FacesContextImplBase.getApplication(FacesContextImplBase.java:159)
	at org.apache.myfaces.webapp.AbstractFacesInitializer._dispatchApplicationEvent(AbstractFacesInitializer.java:285)
	at org.apache.myfaces.webapp.AbstractFacesInitializer.destroyFaces(AbstractFacesInitializer.java:320)
	at org.apache.myfaces.webapp.StartupServletContextListener.contextDestroyed(StartupServletContextListener.java:161)
	at org.apache.catalina.core.StandardContext.listenerStop(StandardContext.java:4813)
	at org.apache.catalina.core.StandardContext.stopInternal(StandardContext.java:5413)
	at org.apache.catalina.util.LifecycleBase.stop(LifecycleBase.java:232)
	at org.apache.catalina.core.ContainerBase$StopChild.call(ContainerBase.java:1425)
	at org.apache.catalina.core.ContainerBase$StopChild.call(ContainerBase.java:1414)
	at java.util.concurrent.FutureTask.run(FutureTask.java:262)
	at java.util.concurrent.ThreadPoolExecutor.runWorker(ThreadPoolExecutor.java:1145)
	at java.util.concurrent.ThreadPoolExecutor$Worker.run(ThreadPoolExecutor.java:615)
	at java.lang.Thread.run(Thread.java:745)

21-Jan-2015 23:07:07.499 SEVERE [localhost-startStop-1] org.apache.catalina.core.ApplicationContext.log StandardWrapper.Throwable
 java.lang.IllegalStateException: No Factories configured for this Application. This happens if the faces-initialization does not work at all - make sure that you properly include all configuration settings necessary for a basic faces application and that all the necessary libs are included. Also check the logging output of your web application and your container for any exceptions!
If you did that and find nothing, the mistake might be due to the fact that you use some special web-containers which do not support registering context-listeners via TLD files and a context listener is not setup in your web.xml.
A typical config looks like this;
<listener>
  <listener-class>org.apache.myfaces.webapp.StartupServletContextListener</listener-class>
</listener>

	at javax.faces.FactoryFinder._getFactory(FactoryFinder.java:286)
	at javax.faces.FactoryFinder.getFactory(FactoryFinder.java:206)
	at javax.faces.webapp.FacesServlet.init(FacesServlet.java:116)
	at org.apache.catalina.core.StandardWrapper.initServlet(StandardWrapper.java:1241)
	at org.apache.catalina.core.StandardWrapper.loadServlet(StandardWrapper.java:1154)
	at org.apache.catalina.core.StandardWrapper.load(StandardWrapper.java:1041)
	at org.apache.catalina.core.StandardContext.loadOnStartup(StandardContext.java:4944)
	at org.apache.catalina.core.StandardContext.startInternal(StandardContext.java:5230)
	at org.apache.catalina.util.LifecycleBase.start(LifecycleBase.java:150)
	at org.apache.catalina.core.ContainerBase.addChildInternal(ContainerBase.java:725)
	at org.apache.catalina.core.ContainerBase.addChild(ContainerBase.java:701)
	at org.apache.catalina.core.StandardHost.addChild(StandardHost.java:714)
	at org.apache.catalina.startup.HostConfig.deployDescriptor(HostConfig.java:581)
	at org.apache.catalina.startup.HostConfig$DeployDescriptor.run(HostConfig.java:1683)
	at java.util.concurrent.Executors$RunnableAdapter.call(Executors.java:471)
	at java.util.concurrent.FutureTask.run(FutureTask.java:262)
	at java.util.concurrent.ThreadPoolExecutor.runWorker(ThreadPoolExecutor.java:1145)
	at java.util.concurrent.ThreadPoolExecutor$Worker.run(ThreadPoolExecutor.java:615)
	at java.lang.Thread.run(Thread.java:745)

21-Jan-2015 23:07:07.499 SEVERE [localhost-startStop-1] org.apache.catalina.core.StandardContext.loadOnStartup Servlet /dashboard threw load() exception
 java.lang.IllegalStateException: No Factories configured for this Application. This happens if the faces-initialization does not work at all - make sure that you properly include all configuration settings necessary for a basic faces application and that all the necessary libs are included. Also check the logging output of your web application and your container for any exceptions!
If you did that and find nothing, the mistake might be due to the fact that you use some special web-containers which do not support registering context-listeners via TLD files and a context listener is not setup in your web.xml.
A typical config looks like this;
<listener>
  <listener-class>org.apache.myfaces.webapp.StartupServletContextListener</listener-class>
</listener>

	at javax.faces.FactoryFinder._getFactory(FactoryFinder.java:286)
	at javax.faces.FactoryFinder.getFactory(FactoryFinder.java:206)
	at javax.faces.webapp.FacesServlet.init(FacesServlet.java:116)
	at org.apache.catalina.core.StandardWrapper.initServlet(StandardWrapper.java:1241)
	at org.apache.catalina.core.StandardWrapper.loadServlet(StandardWrapper.java:1154)
	at org.apache.catalina.core.StandardWrapper.load(StandardWrapper.java:1041)
	at org.apache.catalina.core.StandardContext.loadOnStartup(StandardContext.java:4944)
	at org.apache.catalina.core.StandardContext.startInternal(StandardContext.java:5230)
	at org.apache.catalina.util.LifecycleBase.start(LifecycleBase.java:150)
	at org.apache.catalina.core.ContainerBase.addChildInternal(ContainerBase.java:725)
	at org.apache.catalina.core.ContainerBase.addChild(ContainerBase.java:701)
	at org.apache.catalina.core.StandardHost.addChild(StandardHost.java:714)
	at org.apache.catalina.startup.HostConfig.deployDescriptor(HostConfig.java:581)
	at org.apache.catalina.startup.HostConfig$DeployDescriptor.run(HostConfig.java:1683)
	at java.util.concurrent.Executors$RunnableAdapter.call(Executors.java:471)
	at java.util.concurrent.FutureTask.run(FutureTask.java:262)
	at java.util.concurrent.ThreadPoolExecutor.runWorker(ThreadPoolExecutor.java:1145)
	at java.util.concurrent.ThreadPoolExecutor$Worker.run(ThreadPoolExecutor.java:615)
	at java.lang.Thread.run(Thread.java:745)

21-Jan-2015 23:07:07.921 INFO [localhost-startStop-1] org.apache.catalina.core.ApplicationContext.log ContextListener: contextInitialized()
21-Jan-2015 23:07:07.921 INFO [localhost-startStop-1] org.apache.catalina.core.ApplicationContext.log SessionListener: contextInitialized()
21-Jan-2015 23:07:08.229 SEVERE [http-nio-8080-exec-6] org.apache.catalina.core.StandardContext.listenerStop Exception sending context destroyed event to listener instance of class org.apache.myfaces.webapp.StartupServletContextListener
 java.lang.IllegalStateException: No Factories configured for this Application. This happens if the faces-initialization does not work at all - make sure that you properly include all configuration settings necessary for a basic faces application and that all the necessary libs are included. Also check the logging output of your web application and your container for any exceptions!
If you did that and find nothing, the mistake might be due to the fact that you use some special web-containers which do not support registering context-listeners via TLD files and a context listener is not setup in your web.xml.
A typical config looks like this;
<listener>
  <listener-class>org.apache.myfaces.webapp.StartupServletContextListener</listener-class>
</listener>

	at javax.faces.FactoryFinder._getFactory(FactoryFinder.java:286)
	at javax.faces.FactoryFinder.getFactory(FactoryFinder.java:206)
	at org.apache.myfaces.context.servlet.FacesContextImplBase.getApplication(FacesContextImplBase.java:159)
	at org.apache.myfaces.webapp.AbstractFacesInitializer._dispatchApplicationEvent(AbstractFacesInitializer.java:285)
	at org.apache.myfaces.webapp.AbstractFacesInitializer.destroyFaces(AbstractFacesInitializer.java:320)
	at org.apache.myfaces.webapp.StartupServletContextListener.contextDestroyed(StartupServletContextListener.java:161)
	at org.apache.catalina.core.StandardContext.listenerStop(StandardContext.java:4813)
	at org.apache.catalina.core.StandardContext.stopInternal(StandardContext.java:5413)
	at org.apache.catalina.util.LifecycleBase.stop(LifecycleBase.java:232)
	at org.apache.catalina.manager.ManagerServlet.undeploy(ManagerServlet.java:1370)
	at org.apache.catalina.manager.ManagerServlet.doGet(ManagerServlet.java:361)
	at javax.servlet.http.HttpServlet.service(HttpServlet.java:618)
	at javax.servlet.http.HttpServlet.service(HttpServlet.java:725)
	at org.apache.catalina.core.ApplicationFilterChain.internalDoFilter(ApplicationFilterChain.java:291)
	at org.apache.catalina.core.ApplicationFilterChain.doFilter(ApplicationFilterChain.java:206)
	at org.apache.tomcat.websocket.server.WsFilter.doFilter(WsFilter.java:52)
	at org.apache.catalina.core.ApplicationFilterChain.internalDoFilter(ApplicationFilterChain.java:239)
	at org.apache.catalina.core.ApplicationFilterChain.doFilter(ApplicationFilterChain.java:206)
	at org.apache.catalina.filters.SetCharacterEncodingFilter.doFilter(SetCharacterEncodingFilter.java:108)
	at org.apache.catalina.core.ApplicationFilterChain.internalDoFilter(ApplicationFilterChain.java:239)
	at org.apache.catalina.core.ApplicationFilterChain.doFilter(ApplicationFilterChain.java:206)
	at org.apache.catalina.core.StandardWrapperValve.invoke(StandardWrapperValve.java:219)
	at org.apache.catalina.core.StandardContextValve.invoke(StandardContextValve.java:106)
	at org.apache.catalina.authenticator.AuthenticatorBase.invoke(AuthenticatorBase.java:613)
	at org.apache.catalina.core.StandardHostValve.invoke(StandardHostValve.java:142)
	at org.apache.catalina.valves.ErrorReportValve.invoke(ErrorReportValve.java:79)
	at org.apache.catalina.valves.AbstractAccessLogValve.invoke(AbstractAccessLogValve.java:610)
	at org.apache.catalina.core.StandardEngineValve.invoke(StandardEngineValve.java:88)
	at org.apache.catalina.connector.CoyoteAdapter.service(CoyoteAdapter.java:537)
	at org.apache.coyote.http11.AbstractHttp11Processor.process(AbstractHttp11Processor.java:1085)
	at org.apache.coyote.AbstractProtocol$AbstractConnectionHandler.process(AbstractProtocol.java:658)
	at org.apache.coyote.http11.Http11NioProtocol$Http11ConnectionHandler.process(Http11NioProtocol.java:222)
	at org.apache.tomcat.util.net.NioEndpoint$SocketProcessor.doRun(NioEndpoint.java:1556)
	at org.apache.tomcat.util.net.NioEndpoint$SocketProcessor.run(NioEndpoint.java:1513)
	at java.util.concurrent.ThreadPoolExecutor.runWorker(ThreadPoolExecutor.java:1145)
	at java.util.concurrent.ThreadPoolExecutor$Worker.run(ThreadPoolExecutor.java:615)
	at org.apache.tomcat.util.threads.TaskThread$WrappingRunnable.run(TaskThread.java:61)
	at java.lang.Thread.run(Thread.java:745)

21-Jan-2015 23:07:10.147 SEVERE [http-nio-8080-exec-1] org.apache.catalina.core.ApplicationContext.log StandardWrapper.Throwable
 java.lang.IllegalStateException: No Factories configured for this Application. This happens if the faces-initialization does not work at all - make sure that you properly include all configuration settings necessary for a basic faces application and that all the necessary libs are included. Also check the logging output of your web application and your container for any exceptions!
If you did that and find nothing, the mistake might be due to the fact that you use some special web-containers which do not support registering context-listeners via TLD files and a context listener is not setup in your web.xml.
A typical config looks like this;
<listener>
  <listener-class>org.apache.myfaces.webapp.StartupServletContextListener</listener-class>
</listener>

	at javax.faces.FactoryFinder._getFactory(FactoryFinder.java:286)
	at javax.faces.FactoryFinder.getFactory(FactoryFinder.java:206)
	at javax.faces.webapp.FacesServlet.init(FacesServlet.java:116)
	at org.apache.catalina.core.StandardWrapper.initServlet(StandardWrapper.java:1241)
	at org.apache.catalina.core.StandardWrapper.loadServlet(StandardWrapper.java:1154)
	at org.apache.catalina.core.StandardWrapper.load(StandardWrapper.java:1041)
	at org.apache.catalina.core.StandardContext.loadOnStartup(StandardContext.java:4944)
	at org.apache.catalina.core.StandardContext.startInternal(StandardContext.java:5230)
	at org.apache.catalina.util.LifecycleBase.start(LifecycleBase.java:150)
	at org.apache.catalina.core.ContainerBase.addChildInternal(ContainerBase.java:725)
	at org.apache.catalina.core.ContainerBase.addChild(ContainerBase.java:701)
	at org.apache.catalina.core.StandardHost.addChild(StandardHost.java:714)
	at org.apache.catalina.startup.HostConfig.deployDescriptor(HostConfig.java:581)
	at org.apache.catalina.startup.HostConfig.deployApps(HostConfig.java:455)
	at org.apache.catalina.startup.HostConfig.check(HostConfig.java:1493)
	at sun.reflect.NativeMethodAccessorImpl.invoke0(Native Method)
	at sun.reflect.NativeMethodAccessorImpl.invoke(NativeMethodAccessorImpl.java:57)
	at sun.reflect.DelegatingMethodAccessorImpl.invoke(DelegatingMethodAccessorImpl.java:43)
	at java.lang.reflect.Method.invoke(Method.java:606)
	at org.apache.tomcat.util.modeler.BaseModelMBean.invoke(BaseModelMBean.java:300)
	at com.sun.jmx.interceptor.DefaultMBeanServerInterceptor.invoke(DefaultMBeanServerInterceptor.java:819)
	at com.sun.jmx.mbeanserver.JmxMBeanServer.invoke(JmxMBeanServer.java:801)
	at org.apache.catalina.manager.ManagerServlet.check(ManagerServlet.java:1432)
	at org.apache.catalina.manager.ManagerServlet.deploy(ManagerServlet.java:884)
	at org.apache.catalina.manager.ManagerServlet.doGet(ManagerServlet.java:335)
	at javax.servlet.http.HttpServlet.service(HttpServlet.java:618)
	at javax.servlet.http.HttpServlet.service(HttpServlet.java:725)
	at org.apache.catalina.core.ApplicationFilterChain.internalDoFilter(ApplicationFilterChain.java:291)
	at org.apache.catalina.core.ApplicationFilterChain.doFilter(ApplicationFilterChain.java:206)
	at org.apache.tomcat.websocket.server.WsFilter.doFilter(WsFilter.java:52)
	at org.apache.catalina.core.ApplicationFilterChain.internalDoFilter(ApplicationFilterChain.java:239)
	at org.apache.catalina.core.ApplicationFilterChain.doFilter(ApplicationFilterChain.java:206)
	at org.apache.catalina.filters.SetCharacterEncodingFilter.doFilter(SetCharacterEncodingFilter.java:108)
	at org.apache.catalina.core.ApplicationFilterChain.internalDoFilter(ApplicationFilterChain.java:239)
	at org.apache.catalina.core.ApplicationFilterChain.doFilter(ApplicationFilterChain.java:206)
	at org.apache.catalina.core.StandardWrapperValve.invoke(StandardWrapperValve.java:219)
	at org.apache.catalina.core.StandardContextValve.invoke(StandardContextValve.java:106)
	at org.apache.catalina.authenticator.AuthenticatorBase.invoke(AuthenticatorBase.java:613)
	at org.apache.catalina.core.StandardHostValve.invoke(StandardHostValve.java:142)
	at org.apache.catalina.valves.ErrorReportValve.invoke(ErrorReportValve.java:79)
	at org.apache.catalina.valves.AbstractAccessLogValve.invoke(AbstractAccessLogValve.java:610)
	at org.apache.catalina.core.StandardEngineValve.invoke(StandardEngineValve.java:88)
	at org.apache.catalina.connector.CoyoteAdapter.service(CoyoteAdapter.java:537)
	at org.apache.coyote.http11.AbstractHttp11Processor.process(AbstractHttp11Processor.java:1085)
	at org.apache.coyote.AbstractProtocol$AbstractConnectionHandler.process(AbstractProtocol.java:658)
	at org.apache.coyote.http11.Http11NioProtocol$Http11ConnectionHandler.process(Http11NioProtocol.java:222)
	at org.apache.tomcat.util.net.NioEndpoint$SocketProcessor.doRun(NioEndpoint.java:1556)
	at org.apache.tomcat.util.net.NioEndpoint$SocketProcessor.run(NioEndpoint.java:1513)
	at java.util.concurrent.ThreadPoolExecutor.runWorker(ThreadPoolExecutor.java:1145)
	at java.util.concurrent.ThreadPoolExecutor$Worker.run(ThreadPoolExecutor.java:615)
	at org.apache.tomcat.util.threads.TaskThread$WrappingRunnable.run(TaskThread.java:61)
	at java.lang.Thread.run(Thread.java:745)

21-Jan-2015 23:07:10.147 SEVERE [http-nio-8080-exec-1] org.apache.catalina.core.StandardContext.loadOnStartup Servlet /dashboard threw load() exception
 java.lang.IllegalStateException: No Factories configured for this Application. This happens if the faces-initialization does not work at all - make sure that you properly include all configuration settings necessary for a basic faces application and that all the necessary libs are included. Also check the logging output of your web application and your container for any exceptions!
If you did that and find nothing, the mistake might be due to the fact that you use some special web-containers which do not support registering context-listeners via TLD files and a context listener is not setup in your web.xml.
A typical config looks like this;
<listener>
  <listener-class>org.apache.myfaces.webapp.StartupServletContextListener</listener-class>
</listener>

	at javax.faces.FactoryFinder._getFactory(FactoryFinder.java:286)
	at javax.faces.FactoryFinder.getFactory(FactoryFinder.java:206)
	at javax.faces.webapp.FacesServlet.init(FacesServlet.java:116)
	at org.apache.catalina.core.StandardWrapper.initServlet(StandardWrapper.java:1241)
	at org.apache.catalina.core.StandardWrapper.loadServlet(StandardWrapper.java:1154)
	at org.apache.catalina.core.StandardWrapper.load(StandardWrapper.java:1041)
	at org.apache.catalina.core.StandardContext.loadOnStartup(StandardContext.java:4944)
	at org.apache.catalina.core.StandardContext.startInternal(StandardContext.java:5230)
	at org.apache.catalina.util.LifecycleBase.start(LifecycleBase.java:150)
	at org.apache.catalina.core.ContainerBase.addChildInternal(ContainerBase.java:725)
	at org.apache.catalina.core.ContainerBase.addChild(ContainerBase.java:701)
	at org.apache.catalina.core.StandardHost.addChild(StandardHost.java:714)
	at org.apache.catalina.startup.HostConfig.deployDescriptor(HostConfig.java:581)
	at org.apache.catalina.startup.HostConfig.deployApps(HostConfig.java:455)
	at org.apache.catalina.startup.HostConfig.check(HostConfig.java:1493)
	at sun.reflect.NativeMethodAccessorImpl.invoke0(Native Method)
	at sun.reflect.NativeMethodAccessorImpl.invoke(NativeMethodAccessorImpl.java:57)
	at sun.reflect.DelegatingMethodAccessorImpl.invoke(DelegatingMethodAccessorImpl.java:43)
	at java.lang.reflect.Method.invoke(Method.java:606)
	at org.apache.tomcat.util.modeler.BaseModelMBean.invoke(BaseModelMBean.java:300)
	at com.sun.jmx.interceptor.DefaultMBeanServerInterceptor.invoke(DefaultMBeanServerInterceptor.java:819)
	at com.sun.jmx.mbeanserver.JmxMBeanServer.invoke(JmxMBeanServer.java:801)
	at org.apache.catalina.manager.ManagerServlet.check(ManagerServlet.java:1432)
	at org.apache.catalina.manager.ManagerServlet.deploy(ManagerServlet.java:884)
	at org.apache.catalina.manager.ManagerServlet.doGet(ManagerServlet.java:335)
	at javax.servlet.http.HttpServlet.service(HttpServlet.java:618)
	at javax.servlet.http.HttpServlet.service(HttpServlet.java:725)
	at org.apache.catalina.core.ApplicationFilterChain.internalDoFilter(ApplicationFilterChain.java:291)
	at org.apache.catalina.core.ApplicationFilterChain.doFilter(ApplicationFilterChain.java:206)
	at org.apache.tomcat.websocket.server.WsFilter.doFilter(WsFilter.java:52)
	at org.apache.catalina.core.ApplicationFilterChain.internalDoFilter(ApplicationFilterChain.java:239)
	at org.apache.catalina.core.ApplicationFilterChain.doFilter(ApplicationFilterChain.java:206)
	at org.apache.catalina.filters.SetCharacterEncodingFilter.doFilter(SetCharacterEncodingFilter.java:108)
	at org.apache.catalina.core.ApplicationFilterChain.internalDoFilter(ApplicationFilterChain.java:239)
	at org.apache.catalina.core.ApplicationFilterChain.doFilter(ApplicationFilterChain.java:206)
	at org.apache.catalina.core.StandardWrapperValve.invoke(StandardWrapperValve.java:219)
	at org.apache.catalina.core.StandardContextValve.invoke(StandardContextValve.java:106)
	at org.apache.catalina.authenticator.AuthenticatorBase.invoke(AuthenticatorBase.java:613)
	at org.apache.catalina.core.StandardHostValve.invoke(StandardHostValve.java:142)
	at org.apache.catalina.valves.ErrorReportValve.invoke(ErrorReportValve.java:79)
	at org.apache.catalina.valves.AbstractAccessLogValve.invoke(AbstractAccessLogValve.java:610)
	at org.apache.catalina.core.StandardEngineValve.invoke(StandardEngineValve.java:88)
	at org.apache.catalina.connector.CoyoteAdapter.service(CoyoteAdapter.java:537)
	at org.apache.coyote.http11.AbstractHttp11Processor.process(AbstractHttp11Processor.java:1085)
	at org.apache.coyote.AbstractProtocol$AbstractConnectionHandler.process(AbstractProtocol.java:658)
	at org.apache.coyote.http11.Http11NioProtocol$Http11ConnectionHandler.process(Http11NioProtocol.java:222)
	at org.apache.tomcat.util.net.NioEndpoint$SocketProcessor.doRun(NioEndpoint.java:1556)
	at org.apache.tomcat.util.net.NioEndpoint$SocketProcessor.run(NioEndpoint.java:1513)
	at java.util.concurrent.ThreadPoolExecutor.runWorker(ThreadPoolExecutor.java:1145)
	at java.util.concurrent.ThreadPoolExecutor$Worker.run(ThreadPoolExecutor.java:615)
	at org.apache.tomcat.util.threads.TaskThread$WrappingRunnable.run(TaskThread.java:61)
	at java.lang.Thread.run(Thread.java:745)

21-Jan-2015 23:07:11.926 SEVERE [http-nio-8080-exec-2] org.apache.catalina.core.ApplicationContext.log StandardWrapper.Throwable
 java.lang.IllegalStateException: No Factories configured for this Application. This happens if the faces-initialization does not work at all - make sure that you properly include all configuration settings necessary for a basic faces application and that all the necessary libs are included. Also check the logging output of your web application and your container for any exceptions!
If you did that and find nothing, the mistake might be due to the fact that you use some special web-containers which do not support registering context-listeners via TLD files and a context listener is not setup in your web.xml.
A typical config looks like this;
<listener>
  <listener-class>org.apache.myfaces.webapp.StartupServletContextListener</listener-class>
</listener>

	at javax.faces.FactoryFinder._getFactory(FactoryFinder.java:286)
	at javax.faces.FactoryFinder.getFactory(FactoryFinder.java:206)
	at javax.faces.webapp.FacesServlet.init(FacesServlet.java:116)
	at org.apache.catalina.core.StandardWrapper.initServlet(StandardWrapper.java:1241)
	at org.apache.catalina.core.StandardWrapper.loadServlet(StandardWrapper.java:1154)
	at org.apache.catalina.core.StandardWrapper.allocate(StandardWrapper.java:827)
	at org.apache.catalina.core.ApplicationDispatcher.invoke(ApplicationDispatcher.java:694)
	at org.apache.catalina.core.ApplicationDispatcher.processRequest(ApplicationDispatcher.java:466)
	at org.apache.catalina.core.ApplicationDispatcher.doForward(ApplicationDispatcher.java:391)
	at org.apache.catalina.core.ApplicationDispatcher.forward(ApplicationDispatcher.java:318)
	at org.apache.catalina.authenticator.FormAuthenticator.forwardToLoginPage(FormAuthenticator.java:411)
	at org.apache.catalina.authenticator.FormAuthenticator.authenticate(FormAuthenticator.java:256)
	at org.apache.catalina.authenticator.AuthenticatorBase.invoke(AuthenticatorBase.java:576)
	at org.apache.catalina.core.StandardHostValve.invoke(StandardHostValve.java:142)
	at org.apache.catalina.valves.ErrorReportValve.invoke(ErrorReportValve.java:79)
	at org.apache.catalina.valves.AbstractAccessLogValve.invoke(AbstractAccessLogValve.java:610)
	at org.apache.catalina.core.StandardEngineValve.invoke(StandardEngineValve.java:88)
	at org.apache.catalina.connector.CoyoteAdapter.service(CoyoteAdapter.java:537)
	at org.apache.coyote.http11.AbstractHttp11Processor.process(AbstractHttp11Processor.java:1085)
	at org.apache.coyote.AbstractProtocol$AbstractConnectionHandler.process(AbstractProtocol.java:658)
	at org.apache.coyote.http11.Http11NioProtocol$Http11ConnectionHandler.process(Http11NioProtocol.java:222)
	at org.apache.tomcat.util.net.NioEndpoint$SocketProcessor.doRun(NioEndpoint.java:1556)
	at org.apache.tomcat.util.net.NioEndpoint$SocketProcessor.run(NioEndpoint.java:1513)
	at java.util.concurrent.ThreadPoolExecutor.runWorker(ThreadPoolExecutor.java:1145)
	at java.util.concurrent.ThreadPoolExecutor$Worker.run(ThreadPoolExecutor.java:615)
	at org.apache.tomcat.util.threads.TaskThread$WrappingRunnable.run(TaskThread.java:61)
	at java.lang.Thread.run(Thread.java:745)

21-Jan-2015 23:07:11.926 SEVERE [http-nio-8080-exec-2] org.apache.catalina.core.ApplicationDispatcher.invoke Allocate exception for servlet Faces Servlet
 java.lang.IllegalStateException: No Factories configured for this Application. This happens if the faces-initialization does not work at all - make sure that you properly include all configuration settings necessary for a basic faces application and that all the necessary libs are included. Also check the logging output of your web application and your container for any exceptions!
If you did that and find nothing, the mistake might be due to the fact that you use some special web-containers which do not support registering context-listeners via TLD files and a context listener is not setup in your web.xml.
A typical config looks like this;
<listener>
  <listener-class>org.apache.myfaces.webapp.StartupServletContextListener</listener-class>
</listener>

	at javax.faces.FactoryFinder._getFactory(FactoryFinder.java:286)
	at javax.faces.FactoryFinder.getFactory(FactoryFinder.java:206)
	at javax.faces.webapp.FacesServlet.init(FacesServlet.java:116)
	at org.apache.catalina.core.StandardWrapper.initServlet(StandardWrapper.java:1241)
	at org.apache.catalina.core.StandardWrapper.loadServlet(StandardWrapper.java:1154)
	at org.apache.catalina.core.StandardWrapper.allocate(StandardWrapper.java:827)
	at org.apache.catalina.core.ApplicationDispatcher.invoke(ApplicationDispatcher.java:694)
	at org.apache.catalina.core.ApplicationDispatcher.processRequest(ApplicationDispatcher.java:466)
	at org.apache.catalina.core.ApplicationDispatcher.doForward(ApplicationDispatcher.java:391)
	at org.apache.catalina.core.ApplicationDispatcher.forward(ApplicationDispatcher.java:318)
	at org.apache.catalina.authenticator.FormAuthenticator.forwardToLoginPage(FormAuthenticator.java:411)
	at org.apache.catalina.authenticator.FormAuthenticator.authenticate(FormAuthenticator.java:256)
	at org.apache.catalina.authenticator.AuthenticatorBase.invoke(AuthenticatorBase.java:576)
	at org.apache.catalina.core.StandardHostValve.invoke(StandardHostValve.java:142)
	at org.apache.catalina.valves.ErrorReportValve.invoke(ErrorReportValve.java:79)
	at org.apache.catalina.valves.AbstractAccessLogValve.invoke(AbstractAccessLogValve.java:610)
	at org.apache.catalina.core.StandardEngineValve.invoke(StandardEngineValve.java:88)
	at org.apache.catalina.connector.CoyoteAdapter.service(CoyoteAdapter.java:537)
	at org.apache.coyote.http11.AbstractHttp11Processor.process(AbstractHttp11Processor.java:1085)
	at org.apache.coyote.AbstractProtocol$AbstractConnectionHandler.process(AbstractProtocol.java:658)
	at org.apache.coyote.http11.Http11NioProtocol$Http11ConnectionHandler.process(Http11NioProtocol.java:222)
	at org.apache.tomcat.util.net.NioEndpoint$SocketProcessor.doRun(NioEndpoint.java:1556)
	at org.apache.tomcat.util.net.NioEndpoint$SocketProcessor.run(NioEndpoint.java:1513)
	at java.util.concurrent.ThreadPoolExecutor.runWorker(ThreadPoolExecutor.java:1145)
	at java.util.concurrent.ThreadPoolExecutor$Worker.run(ThreadPoolExecutor.java:615)
	at org.apache.tomcat.util.threads.TaskThread$WrappingRunnable.run(TaskThread.java:61)
	at java.lang.Thread.run(Thread.java:745)

21-Jan-2015 23:08:23.345 SEVERE [http-nio-8080-exec-15] org.apache.catalina.core.StandardContext.listenerStop Exception sending context destroyed event to listener instance of class org.apache.myfaces.webapp.StartupServletContextListener
 java.lang.IllegalStateException: No Factories configured for this Application. This happens if the faces-initialization does not work at all - make sure that you properly include all configuration settings necessary for a basic faces application and that all the necessary libs are included. Also check the logging output of your web application and your container for any exceptions!
If you did that and find nothing, the mistake might be due to the fact that you use some special web-containers which do not support registering context-listeners via TLD files and a context listener is not setup in your web.xml.
A typical config looks like this;
<listener>
  <listener-class>org.apache.myfaces.webapp.StartupServletContextListener</listener-class>
</listener>

	at javax.faces.FactoryFinder._getFactory(FactoryFinder.java:286)
	at javax.faces.FactoryFinder.getFactory(FactoryFinder.java:206)
	at org.apache.myfaces.context.servlet.FacesContextImplBase.getApplication(FacesContextImplBase.java:159)
	at org.apache.myfaces.webapp.AbstractFacesInitializer._dispatchApplicationEvent(AbstractFacesInitializer.java:285)
	at org.apache.myfaces.webapp.AbstractFacesInitializer.destroyFaces(AbstractFacesInitializer.java:320)
	at org.apache.myfaces.webapp.StartupServletContextListener.contextDestroyed(StartupServletContextListener.java:161)
	at org.apache.catalina.core.StandardContext.listenerStop(StandardContext.java:4813)
	at org.apache.catalina.core.StandardContext.stopInternal(StandardContext.java:5413)
	at org.apache.catalina.util.LifecycleBase.stop(LifecycleBase.java:232)
	at org.apache.catalina.manager.ManagerServlet.stop(ManagerServlet.java:1315)
	at org.apache.catalina.manager.ManagerServlet.doGet(ManagerServlet.java:359)
	at javax.servlet.http.HttpServlet.service(HttpServlet.java:618)
	at javax.servlet.http.HttpServlet.service(HttpServlet.java:725)
	at org.apache.catalina.core.ApplicationFilterChain.internalDoFilter(ApplicationFilterChain.java:291)
	at org.apache.catalina.core.ApplicationFilterChain.doFilter(ApplicationFilterChain.java:206)
	at org.apache.tomcat.websocket.server.WsFilter.doFilter(WsFilter.java:52)
	at org.apache.catalina.core.ApplicationFilterChain.internalDoFilter(ApplicationFilterChain.java:239)
	at org.apache.catalina.core.ApplicationFilterChain.doFilter(ApplicationFilterChain.java:206)
	at org.apache.catalina.filters.SetCharacterEncodingFilter.doFilter(SetCharacterEncodingFilter.java:108)
	at org.apache.catalina.core.ApplicationFilterChain.internalDoFilter(ApplicationFilterChain.java:239)
	at org.apache.catalina.core.ApplicationFilterChain.doFilter(ApplicationFilterChain.java:206)
	at org.apache.catalina.core.StandardWrapperValve.invoke(StandardWrapperValve.java:219)
	at org.apache.catalina.core.StandardContextValve.invoke(StandardContextValve.java:106)
	at org.apache.catalina.authenticator.AuthenticatorBase.invoke(AuthenticatorBase.java:613)
	at org.apache.catalina.core.StandardHostValve.invoke(StandardHostValve.java:142)
	at org.apache.catalina.valves.ErrorReportValve.invoke(ErrorReportValve.java:79)
	at org.apache.catalina.valves.AbstractAccessLogValve.invoke(AbstractAccessLogValve.java:610)
	at org.apache.catalina.core.StandardEngineValve.invoke(StandardEngineValve.java:88)
	at org.apache.catalina.connector.CoyoteAdapter.service(CoyoteAdapter.java:537)
	at org.apache.coyote.http11.AbstractHttp11Processor.process(AbstractHttp11Processor.java:1085)
	at org.apache.coyote.AbstractProtocol$AbstractConnectionHandler.process(AbstractProtocol.java:658)
	at org.apache.coyote.http11.Http11NioProtocol$Http11ConnectionHandler.process(Http11NioProtocol.java:222)
	at org.apache.tomcat.util.net.NioEndpoint$SocketProcessor.doRun(NioEndpoint.java:1556)
	at org.apache.tomcat.util.net.NioEndpoint$SocketProcessor.run(NioEndpoint.java:1513)
	at java.util.concurrent.ThreadPoolExecutor.runWorker(ThreadPoolExecutor.java:1145)
	at java.util.concurrent.ThreadPoolExecutor$Worker.run(ThreadPoolExecutor.java:615)
	at org.apache.tomcat.util.threads.TaskThread$WrappingRunnable.run(TaskThread.java:61)
	at java.lang.Thread.run(Thread.java:745)

